#
# A fatal error has been detected by the Java Runtime Environment:
#
#  Internal Error (javaCalls.cpp:51), pid=3617, tid=0x0000000000005103
#  guarantee(thread->is_Java_thread()) failed: crucial check - the VM thread cannot and must not escape to Java code
#
# JRE version: Java(TM) SE Runtime Environment (8.0_181-b13) (build 1.8.0_181-b13)
# Java VM: Java HotSpot(TM) 64-Bit Server VM (25.181-b13 mixed mode bsd-amd64 compressed oops)
# Failed to write core dump. Core dumps have been disabled. To enable core dumping, try "ulimit -c unlimited" before starting Java again
#
# If you would like to submit a bug report, please visit:
#   http://bugreport.java.com/bugreport/crash.jsp
#

---------------  T H R E A D  ---------------

Current thread (0x00007fb724023800):  VMThread [stack: 0x000070000eba3000,0x000070000eca3000] [id=20739]

Stack: [0x000070000eba3000,0x000070000eca3000],  sp=0x000070000eca1af0,  free space=1018k
Native frames: (J=compiled Java code, j=interpreted, Vv=VM code, C=native code)
V  [libjvm.dylib+0x5b581a]
V  [libjvm.dylib+0x1e9185]
V  [libjvm.dylib+0x2ef35c]
V  [libjvm.dylib+0x2efc14]
V  [libjvm.dylib+0x2f0147]
V  [libjvm.dylib+0x243b41]
V  [libjvm.dylib+0x243c3c]
V  [libjvm.dylib+0x243e9b]
V  [libjvm.dylib+0x243eb6]
V  [libjvm.dylib+0x287b87]
V  [libjvm.dylib+0x28aea6]
V  [libjvm.dylib+0x28afb4]
V  [libjvm.dylib+0x28b3eb]
V  [libjvm.dylib+0x485331]
V  [libjvm.dylib+0x48553a]
V  [libjvm.dylib+0x48571b]
V  [libjvm.dylib+0x4859d2]
V  [libjvm.dylib+0x2c2b04]
V  [libjvm.dylib+0x45306d]
V  [libjvm.dylib+0x39afbf]
V  [libjvm.dylib+0x5bd499]
V  [libjvm.dylib+0x5bba31]
V  [libjvm.dylib+0x5bbe7e]
V  [libjvm.dylib+0x5bb79d]
V  [libjvm.dylib+0x48e342]
C  [libsystem_pthread.dylib+0x32eb]  _pthread_body+0x7e
C  [libsystem_pthread.dylib+0x6249]  _pthread_start+0x42
C  [libsystem_pthread.dylib+0x240d]  thread_start+0xd

VM_Operation (0x000070000f0ae978): GetOrSetLocal, mode: safepoint, requested by thread 0x00007fb72480b000


---------------  P R O C E S S  ---------------

Java Threads: ( => current thread )
  0x00007fb7240ab800 JavaThread "Service Thread" daemon [_thread_blocked, id=15619, stack(0x000070000f5c1000,0x000070000f6c1000)]
  0x00007fb724846800 JavaThread "C1 CompilerThread2" daemon [_thread_blocked, id=16131, stack(0x000070000f4be000,0x000070000f5be000)]
  0x00007fb72583c000 JavaThread "C2 CompilerThread1" daemon [_thread_blocked, id=16643, stack(0x000070000f3bb000,0x000070000f4bb000)]
  0x00007fb7240ab000 JavaThread "C2 CompilerThread0" daemon [_thread_blocked, id=13571, stack(0x000070000f2b8000,0x000070000f3b8000)]
  0x00007fb72502c800 JavaThread "JDWP Command Reader" daemon [_thread_in_native, id=17155, stack(0x000070000f1b5000,0x000070000f2b5000)]
  0x00007fb724839800 JavaThread "JDWP Event Helper Thread" daemon [_thread_blocked, id=13059, stack(0x000070000f0b2000,0x000070000f1b2000)]
  0x00007fb72480b000 JavaThread "JDWP Transport Listener: dt_socket" daemon [_thread_blocked, id=17927, stack(0x000070000efaf000,0x000070000f0af000)]
  0x00007fb725803800 JavaThread "Signal Dispatcher" daemon [_thread_blocked, id=18435, stack(0x000070000eeac000,0x000070000efac000)]
  0x00007fb724831000 JavaThread "Finalizer" daemon [_thread_blocked, id=20227, stack(0x000070000eda9000,0x000070000eea9000)]
  0x00007fb724808800 JavaThread "Reference Handler" daemon [_thread_blocked, id=20483, stack(0x000070000eca6000,0x000070000eda6000)]
  0x00007fb725804800 JavaThread "main" [_thread_blocked, id=9475, stack(0x000070000e694000,0x000070000e794000)]

Other Threads:
=>0x00007fb724023800 VMThread [stack: 0x000070000eba3000,0x000070000eca3000] [id=20739]
  0x00007fb7248a9000 WatcherThread [stack: 0x000070000f6c4000,0x000070000f7c4000] [id=15107]

VM state:at safepoint (normal execution)

VM Mutex/Monitor currently owned by a thread:  ([mutex/lock_event])
[0x00007fb723d10a80] Threads_lock - owner thread: 0x00007fb724023800

Heap:
 PSYoungGen      total 38400K, used 18465K [0x0000000795580000, 0x0000000798000000, 0x00000007c0000000)
  eden space 33280K, 55% used [0x0000000795580000,0x0000000796788650,0x0000000797600000)
  from space 5120K, 0% used [0x0000000797b00000,0x0000000797b00000,0x0000000798000000)
  to   space 5120K, 0% used [0x0000000797600000,0x0000000797600000,0x0000000797b00000)
 ParOldGen       total 87552K, used 0K [0x0000000740000000, 0x0000000745580000, 0x0000000795580000)
  object space 87552K, 0% used [0x0000000740000000,0x0000000740000000,0x0000000745580000)
 Metaspace       used 7017K, capacity 7570K, committed 7808K, reserved 1056768K
  class space    used 783K, capacity 865K, committed 896K, reserved 1048576K

Card table byte_map: [0x0000000102bc0000,0x0000000102fc1000] byte_map_base: 0x00000000ff1c0000

Marking Bits: (ParMarkBitMap*) 0x00000001017d4cd0
 Begin Bits: [0x000000010326c000, 0x000000010526c000)
 End Bits:   [0x000000010526c000, 0x000000010726c000)

Polling page: 0x0000000101ed3000

CodeCache: size=245760Kb used=2141Kb max_used=2153Kb free=243618Kb
 bounds [0x000000010bdc8000, 0x000000010c038000, 0x000000011adc8000]
 total_blobs=701 nmethods=429 adapters=194
 compilation: enabled

Compilation events (10 events):
Event: 434.153 Thread 0x00007fb724846800  425       3       java.lang.StringBuilder::append (9 bytes)
Event: 434.154 Thread 0x00007fb724846800 nmethod 425 0x000000010bfe0790 code [0x000000010bfe0920, 0x000000010bfe0d18]
Event: 434.154 Thread 0x00007fb724846800  426       3       java.lang.String::toString (2 bytes)
Event: 434.154 Thread 0x00007fb724846800 nmethod 426 0x000000010bfd7f50 code [0x000000010bfd80a0, 0x000000010bfd81f0]
Event: 670.976 Thread 0x00007fb724846800  427       3       scala.runtime.ScalaRunTime$$anon$1::next (26 bytes)
Event: 670.976 Thread 0x00007fb724846800 nmethod 427 0x000000010bfe0310 code [0x000000010bfe0480, 0x000000010bfe06a8]
Event: 671.105 Thread 0x00007fb724846800  428       3       java.lang.StringBuilder::<init> (6 bytes)
Event: 671.106 Thread 0x00007fb724846800 nmethod 428 0x000000010bfdfdd0 code [0x000000010bfdff40, 0x000000010bfe01f0]
Event: 1249.533 Thread 0x00007fb7240ab000  429       4       java.lang.StringBuilder::append (8 bytes)
Event: 1249.540 Thread 0x00007fb7240ab000 nmethod 429 0x000000010bfe2fd0 code [0x000000010bfe3140, 0x000000010bfe36f8]

GC Heap History (0 events):
No events

Deoptimization events (1 events):
Event: 0.544 Thread 0x00007fb725804800 Uncommon trap: reason=unstable_if action=reinterpret pc=0x000000010bf474d8 method=java.lang.String.indexOf([CII[CIII)I @ 123

Classes redefined (6 events):
Event: 433.487 Thread 0x00007fb724023800 redefined class name=differentiate.DifferentiateExpr$, count=1
Event: 651.716 Thread 0x00007fb724023800 redefined class name=differentiate.DifferentiateExpr$, count=2
Event: 670.304 Thread 0x00007fb724023800 redefined class name=differentiate.DifferentiateExpr$, count=3
Event: 1248.890 Thread 0x00007fb724023800 redefined class name=differentiate.DifferentiateExpr$, count=4
Event: 1376.344 Thread 0x00007fb724023800 redefined class name=differentiate.DifferentiateExpr$, count=5
Event: 1376.349 Thread 0x00007fb724023800 redefined class name=eval.DoubleEvaluator$, count=1

Internal exceptions (6 events):
Event: 0.037 Thread 0x00007fb725804800 Exception <a 'java/lang/NoSuchMethodError': Method sun.misc.Unsafe.defineClass(Ljava/lang/String;[BII)Ljava/lang/Class; name or signature does not match> (0x0000000795587cb0) thrown at [/Users/java_re/workspace/8-2-build-macosx-x86_64/jdk8u181/11358/hotsp
Event: 0.037 Thread 0x00007fb725804800 Exception <a 'java/lang/NoSuchMethodError': Method sun.misc.Unsafe.prefetchRead(Ljava/lang/Object;J)V name or signature does not match> (0x0000000795587f98) thrown at [/Users/java_re/workspace/8-2-build-macosx-x86_64/jdk8u181/11358/hotspot/src/share/vm/pr
Event: 0.595 Thread 0x00007fb725804800 Exception <a 'java/lang/NoSuchFieldError': method resolution failed> (0x00000007962a20a0) thrown at [/Users/java_re/workspace/8-2-build-macosx-x86_64/jdk8u181/11358/hotspot/src/share/vm/prims/methodHandles.cpp, line 1167]
Event: 0.597 Thread 0x00007fb725804800 Exception <a 'java/lang/NoSuchFieldError': method resolution failed> (0x00000007962afcc0) thrown at [/Users/java_re/workspace/8-2-build-macosx-x86_64/jdk8u181/11358/hotspot/src/share/vm/prims/methodHandles.cpp, line 1167]
Event: 0.604 Thread 0x00007fb725804800 Exception <a 'java/lang/NoSuchMethodError': java.lang.Object.$anonfun$main$1$adapted(Lscala/Function0;)Ljava/lang/Object;> (0x00000007962d7790) thrown at [/Users/java_re/workspace/8-2-build-macosx-x86_64/jdk8u181/11358/hotspot/src/share/vm/interpreter/lin
Event: 27.568 Thread 0x00007fb725804800 Exception <a 'java/lang/NoSuchMethodError': java.lang.Object.$anonfun$foreach$1$adapted(Lscala/Function1;LintermediateRep/TreeNode;)Ljava/lang/Object;> (0x000000079674f370) thrown at [/Users/java_re/workspace/8-2-build-macosx-x86_64/jdk8u181/11358/hotspot

Events (10 events):
Event: 1376.832 Executing VM operation: GetOrSetLocal done
Event: 1376.834 Executing VM operation: GetOrSetLocal
Event: 1376.835 Executing VM operation: GetOrSetLocal done
Event: 1864.166 Executing VM operation: ChangeBreakpoints
Event: 1864.167 Executing VM operation: ChangeBreakpoints done
Event: 1864.168 Executing VM operation: ChangeBreakpoints
Event: 1864.168 Executing VM operation: ChangeBreakpoints done
Event: 1864.170 Executing VM operation: ChangeBreakpoints
Event: 1864.170 Executing VM operation: ChangeBreakpoints done
Event: 1864.198 Executing VM operation: GetOrSetLocal


Dynamic libraries:
0x00007fff462a0000 	/System/Library/Frameworks/Cocoa.framework/Versions/A/Cocoa
0x00007fff5204e000 	/System/Library/Frameworks/Security.framework/Versions/A/Security
0x00007fff44f32000 	/System/Library/Frameworks/ApplicationServices.framework/Versions/A/ApplicationServices
0x00007fff7213f000 	/usr/lib/libz.1.dylib
0x00007fff6fa96000 	/usr/lib/libSystem.B.dylib
0x00007fff712cf000 	/usr/lib/libobjc.A.dylib
0x00007fff46b15000 	/System/Library/Frameworks/CoreFoundation.framework/Versions/A/CoreFoundation
0x00007fff48d99000 	/System/Library/Frameworks/Foundation.framework/Versions/C/Foundation
0x00007fff4412b000 	/System/Library/Frameworks/AppKit.framework/Versions/C/AppKit
0x00007fff4669e000 	/System/Library/Frameworks/CoreData.framework/Versions/A/CoreData
0x00007fff6955b000 	/System/Library/PrivateFrameworks/RemoteViewServices.framework/Versions/A/RemoteViewServices
0x00007fff6d7d2000 	/System/Library/PrivateFrameworks/UIFoundation.framework/Versions/A/UIFoundation
0x00007fff6eeb7000 	/System/Library/PrivateFrameworks/XCTTargetBootstrap.framework/Versions/A/XCTTargetBootstrap
0x00007fff46a24000 	/System/Library/Frameworks/CoreDisplay.framework/Versions/A/CoreDisplay
0x00007fff64295000 	/System/Library/PrivateFrameworks/IconServices.framework/Versions/A/IconServices
0x00007fff4b6bb000 	/System/Library/Frameworks/Metal.framework/Versions/A/Metal
0x00007fff5b7d9000 	/System/Library/PrivateFrameworks/DesktopServicesPriv.framework/Versions/A/DesktopServicesPriv
0x00007fff70632000 	/usr/lib/libenergytrace.dylib
0x00007fff6bcb9000 	/System/Library/PrivateFrameworks/SkyLight.framework/Versions/A/SkyLight
0x00007fff46f5c000 	/System/Library/Frameworks/CoreGraphics.framework/Versions/A/CoreGraphics
0x00007fff42ef7000 	/System/Library/Frameworks/Accelerate.framework/Versions/A/Accelerate
0x00007fff494e2000 	/System/Library/Frameworks/IOSurface.framework/Versions/A/IOSurface
0x00007fff5b645000 	/System/Library/PrivateFrameworks/DFRFoundation.framework/Versions/A/DFRFoundation
0x00007fff45415000 	/System/Library/Frameworks/AudioToolbox.framework/Versions/A/AudioToolbox
0x00007fff4568e000 	/System/Library/Frameworks/AudioUnit.framework/Versions/A/AudioUnit
0x00007fff5b6da000 	/System/Library/PrivateFrameworks/DataDetectorsCore.framework/Versions/A/DataDetectorsCore
0x00007fff45da3000 	/System/Library/Frameworks/Carbon.framework/Versions/A/Frameworks/HIToolbox.framework/Versions/A/HIToolbox
0x00007fff7078b000 	/usr/lib/libicucore.A.dylib
0x00007fff515c1000 	/System/Library/Frameworks/QuartzCore.framework/Versions/A/QuartzCore
0x00007fff46178000 	/System/Library/Frameworks/Carbon.framework/Versions/A/Frameworks/SpeechRecognition.framework/Versions/A/SpeechRecognition
0x00007fff6fbea000 	/usr/lib/libauto.dylib
0x00007fff72032000 	/usr/lib/libxml2.2.dylib
0x00007fff5b220000 	/System/Library/PrivateFrameworks/CoreUI.framework/Versions/A/CoreUI
0x00007fff46589000 	/System/Library/Frameworks/CoreAudio.framework/Versions/A/CoreAudio
0x00007fff48bce000 	/System/Library/Frameworks/DiskArbitration.framework/Versions/A/DiskArbitration
0x00007fff70a39000 	/usr/lib/liblangid.dylib
0x00007fff656a0000 	/System/Library/PrivateFrameworks/MultitouchSupport.framework/Versions/A/MultitouchSupport
0x00007fff49451000 	/System/Library/Frameworks/IOKit.framework/Versions/A/IOKit
0x00007fff6f656000 	/usr/lib/libDiagnosticMessagesClient.dylib
0x00007fff47d6c000 	/System/Library/Frameworks/CoreServices.framework/Versions/A/CoreServices
0x00007fff6735a000 	/System/Library/PrivateFrameworks/PerformanceAnalysis.framework/Versions/A/PerformanceAnalysis
0x00007fff507a8000 	/System/Library/Frameworks/OpenGL.framework/Versions/A/OpenGL
0x00007fff462ae000 	/System/Library/Frameworks/ColorSync.framework/Versions/A/ColorSync
0x00007fff475ee000 	/System/Library/Frameworks/CoreImage.framework/Versions/A/CoreImage
0x00007fff48744000 	/System/Library/Frameworks/CoreText.framework/Versions/A/CoreText
0x00007fff49545000 	/System/Library/Frameworks/ImageIO.framework/Versions/A/ImageIO
0x00007fff57872000 	/System/Library/PrivateFrameworks/Backup.framework/Versions/A/Backup
0x00007fff6fb3d000 	/usr/lib/libarchive.2.dylib
0x00007fff459e7000 	/System/Library/Frameworks/CFNetwork.framework/Versions/A/CFNetwork
0x00007fff527aa000 	/System/Library/Frameworks/SystemConfiguration.framework/Versions/A/SystemConfiguration
0x00007fff6f587000 	/usr/lib/libCRFSuite.dylib
0x00007fff6fcdb000 	/usr/lib/libc++.1.dylib
0x00007fff6fd2f000 	/usr/lib/libc++abi.dylib
0x00007fff72935000 	/usr/lib/system/libcache.dylib
0x00007fff7293a000 	/usr/lib/system/libcommonCrypto.dylib
0x00007fff72945000 	/usr/lib/system/libcompiler_rt.dylib
0x00007fff7294d000 	/usr/lib/system/libcopyfile.dylib
0x00007fff72957000 	/usr/lib/system/libcorecrypto.dylib
0x00007fff72a62000 	/usr/lib/system/libdispatch.dylib
0x00007fff72a9c000 	/usr/lib/system/libdyld.dylib
0x00007fff72ac9000 	/usr/lib/system/libkeymgr.dylib
0x00007fff72ad7000 	/usr/lib/system/liblaunch.dylib
0x00007fff72ad8000 	/usr/lib/system/libmacho.dylib
0x00007fff72ade000 	/usr/lib/system/libquarantine.dylib
0x00007fff72ae1000 	/usr/lib/system/libremovefile.dylib
0x00007fff72ae3000 	/usr/lib/system/libsystem_asl.dylib
0x00007fff72afb000 	/usr/lib/system/libsystem_blocks.dylib
0x00007fff72afc000 	/usr/lib/system/libsystem_c.dylib
0x00007fff72b84000 	/usr/lib/system/libsystem_configuration.dylib
0x00007fff72b88000 	/usr/lib/system/libsystem_coreservices.dylib
0x00007fff72b8c000 	/usr/lib/system/libsystem_darwin.dylib
0x00007fff72b93000 	/usr/lib/system/libsystem_dnssd.dylib
0x00007fff72b9a000 	/usr/lib/system/libsystem_info.dylib
0x00007fff72c0f000 	/usr/lib/system/libsystem_m.dylib
0x00007fff72c5b000 	/usr/lib/system/libsystem_malloc.dylib
0x00007fff72c86000 	/usr/lib/system/libsystem_networkextension.dylib
0x00007fff72c91000 	/usr/lib/system/libsystem_notify.dylib
0x00007fff72cae000 	/usr/lib/system/libsystem_sandbox.dylib
0x00007fff72cb2000 	/usr/lib/system/libsystem_secinit.dylib
0x00007fff72be6000 	/usr/lib/system/libsystem_kernel.dylib
0x00007fff72c99000 	/usr/lib/system/libsystem_platform.dylib
0x00007fff72ca3000 	/usr/lib/system/libsystem_pthread.dylib
0x00007fff72cb5000 	/usr/lib/system/libsystem_symptoms.dylib
0x00007fff72cbd000 	/usr/lib/system/libsystem_trace.dylib
0x00007fff72cd4000 	/usr/lib/system/libunwind.dylib
0x00007fff72cda000 	/usr/lib/system/libxpc.dylib
0x00007fff6fcbc000 	/usr/lib/libbsm.0.dylib
0x00007fff72aca000 	/usr/lib/system/libkxld.dylib
0x00007fff56c63000 	/System/Library/PrivateFrameworks/AppleFSCompression.framework/Versions/A/AppleFSCompression
0x00007fff6f956000 	/usr/lib/libOpenScriptingUtil.dylib
0x00007fff6ffe4000 	/usr/lib/libcoretls.dylib
0x00007fff6fffb000 	/usr/lib/libcoretls_cfhelpers.dylib
0x00007fff71a66000 	/usr/lib/libpam.2.dylib
0x00007fff71c26000 	/usr/lib/libsqlite3.dylib
0x00007fff72020000 	/usr/lib/libxar.1.dylib
0x00007fff6fccd000 	/usr/lib/libbz2.1.0.dylib
0x00007fff70a3b000 	/usr/lib/liblzma.5.dylib
0x00007fff70eec000 	/usr/lib/libnetwork.dylib
0x00007fff6fb26000 	/usr/lib/libapple_nghttp2.dylib
0x00007fff71a6d000 	/usr/lib/libpcap.A.dylib
0x00007fff4810b000 	/System/Library/Frameworks/CoreServices.framework/Versions/A/Frameworks/FSEvents.framework/Versions/A/FSEvents
0x00007fff47dea000 	/System/Library/Frameworks/CoreServices.framework/Versions/A/Frameworks/CarbonCore.framework/Versions/A/CarbonCore
0x00007fff482c6000 	/System/Library/Frameworks/CoreServices.framework/Versions/A/Frameworks/Metadata.framework/Versions/A/Metadata
0x00007fff48365000 	/System/Library/Frameworks/CoreServices.framework/Versions/A/Frameworks/OSServices.framework/Versions/A/OSServices
0x00007fff483b0000 	/System/Library/Frameworks/CoreServices.framework/Versions/A/Frameworks/SearchKit.framework/Versions/A/SearchKit
0x00007fff47d6d000 	/System/Library/Frameworks/CoreServices.framework/Versions/A/Frameworks/AE.framework/Versions/A/AE
0x00007fff48114000 	/System/Library/Frameworks/CoreServices.framework/Versions/A/Frameworks/LaunchServices.framework/Versions/A/LaunchServices
0x00007fff480c2000 	/System/Library/Frameworks/CoreServices.framework/Versions/A/Frameworks/DictionaryServices.framework/Versions/A/DictionaryServices
0x00007fff48418000 	/System/Library/Frameworks/CoreServices.framework/Versions/A/Frameworks/SharedFileList.framework/Versions/A/SharedFileList
0x00007fff4c783000 	/System/Library/Frameworks/NetFS.framework/Versions/A/NetFS
0x00007fff65906000 	/System/Library/PrivateFrameworks/NetAuth.framework/Versions/A/NetAuth
0x00007fff6f2bb000 	/System/Library/PrivateFrameworks/login.framework/Versions/A/Frameworks/loginsupport.framework/Versions/A/loginsupport
0x00007fff6d3db000 	/System/Library/PrivateFrameworks/TCC.framework/Versions/A/TCC
0x00007fff5a87d000 	/System/Library/PrivateFrameworks/CoreNLP.framework/Versions/A/CoreNLP
0x00007fff6539b000 	/System/Library/PrivateFrameworks/MetadataUtilities.framework/Versions/A/MetadataUtilities
0x00007fff70b10000 	/usr/lib/libmecabra.dylib
0x00007fff44f33000 	/System/Library/Frameworks/ApplicationServices.framework/Versions/A/Frameworks/ATS.framework/Versions/A/ATS
0x00007fff45282000 	/System/Library/Frameworks/ApplicationServices.framework/Versions/A/Frameworks/ColorSyncLegacy.framework/Versions/A/ColorSyncLegacy
0x00007fff45321000 	/System/Library/Frameworks/ApplicationServices.framework/Versions/A/Frameworks/HIServices.framework/Versions/A/HIServices
0x00007fff45374000 	/System/Library/Frameworks/ApplicationServices.framework/Versions/A/Frameworks/LangAnalysis.framework/Versions/A/LangAnalysis
0x00007fff45384000 	/System/Library/Frameworks/ApplicationServices.framework/Versions/A/Frameworks/PrintCore.framework/Versions/A/PrintCore
0x00007fff453ce000 	/System/Library/Frameworks/ApplicationServices.framework/Versions/A/Frameworks/QD.framework/Versions/A/QD
0x00007fff45408000 	/System/Library/Frameworks/ApplicationServices.framework/Versions/A/Frameworks/SpeechSynthesis.framework/Versions/A/SpeechSynthesis
0x00007fff6fd57000 	/usr/lib/libcompression.dylib
0x00007fff4b98b000 	/System/Library/Frameworks/MetalPerformanceShaders.framework/Versions/A/MetalPerformanceShaders
0x00007fff42f0f000 	/System/Library/Frameworks/Accelerate.framework/Versions/A/Frameworks/vImage.framework/Versions/A/vImage
0x00007fff43f89000 	/System/Library/Frameworks/Accelerate.framework/Versions/A/Frameworks/vecLib.framework/Versions/A/vecLib
0x00007fff43ed5000 	/System/Library/Frameworks/Accelerate.framework/Versions/A/Frameworks/vecLib.framework/Versions/A/libvMisc.dylib
0x00007fff43ced000 	/System/Library/Frameworks/Accelerate.framework/Versions/A/Frameworks/vecLib.framework/Versions/A/libvDSP.dylib
0x00007fff435a9000 	/System/Library/Frameworks/Accelerate.framework/Versions/A/Frameworks/vecLib.framework/Versions/A/libBLAS.dylib
0x00007fff43896000 	/System/Library/Frameworks/Accelerate.framework/Versions/A/Frameworks/vecLib.framework/Versions/A/libLAPACK.dylib
0x00007fff43c40000 	/System/Library/Frameworks/Accelerate.framework/Versions/A/Frameworks/vecLib.framework/Versions/A/libLinearAlgebra.dylib
0x00007fff43cd9000 	/System/Library/Frameworks/Accelerate.framework/Versions/A/Frameworks/vecLib.framework/Versions/A/libSparseBLAS.dylib
0x00007fff43c56000 	/System/Library/Frameworks/Accelerate.framework/Versions/A/Frameworks/vecLib.framework/Versions/A/libQuadrature.dylib
0x00007fff43823000 	/System/Library/Frameworks/Accelerate.framework/Versions/A/Frameworks/vecLib.framework/Versions/A/libBNNS.dylib
0x00007fff43c5c000 	/System/Library/Frameworks/Accelerate.framework/Versions/A/Frameworks/vecLib.framework/Versions/A/libSparse.dylib
0x00007fff61bcb000 	/System/Library/PrivateFrameworks/GPUWrangler.framework/Versions/A/GPUWrangler
0x00007fff63eca000 	/System/Library/PrivateFrameworks/IOAccelerator.framework/Versions/A/IOAccelerator
0x00007fff63ed5000 	/System/Library/PrivateFrameworks/IOPresentment.framework/Versions/A/IOPresentment
0x00007fff5b655000 	/System/Library/PrivateFrameworks/DSExternalDisplay.framework/Versions/A/DSExternalDisplay
0x00007fff4fbff000 	/System/Library/Frameworks/OpenGL.framework/Versions/A/Libraries/libCoreFSCache.dylib
0x00007fff4b77f000 	/System/Library/Frameworks/MetalPerformanceShaders.framework/Frameworks/MPSCore.framework/Versions/A/MPSCore
0x00007fff4b79f000 	/System/Library/Frameworks/MetalPerformanceShaders.framework/Frameworks/MPSImage.framework/Versions/A/MPSImage
0x00007fff4b844000 	/System/Library/Frameworks/MetalPerformanceShaders.framework/Frameworks/MPSNeuralNetwork.framework/Versions/A/MPSNeuralNetwork
0x00007fff4b81c000 	/System/Library/Frameworks/MetalPerformanceShaders.framework/Frameworks/MPSMatrix.framework/Versions/A/MPSMatrix
0x00007fff4b970000 	/System/Library/Frameworks/MetalPerformanceShaders.framework/Frameworks/MPSRayIntersector.framework/Versions/A/MPSRayIntersector
0x00007fff653c4000 	/System/Library/PrivateFrameworks/MetalTools.framework/Versions/A/MetalTools
0x00007fff5650d000 	/System/Library/PrivateFrameworks/AggregateDictionary.framework/Versions/A/AggregateDictionary
0x00007fff6f936000 	/usr/lib/libMobileGestalt.dylib
0x00007fff488a7000 	/System/Library/Frameworks/CoreVideo.framework/Versions/A/CoreVideo
0x00007fff629dc000 	/System/Library/PrivateFrameworks/GraphVisualizer.framework/Versions/A/GraphVisualizer
0x00007fff5c85b000 	/System/Library/PrivateFrameworks/FaceCore.framework/Versions/A/FaceCore
0x00007fff4f22d000 	/System/Library/Frameworks/OpenCL.framework/Versions/A/OpenCL
0x00007fff6f68e000 	/usr/lib/libFosl_dynamic.dylib
0x00007fff66171000 	/System/Library/PrivateFrameworks/OTSVG.framework/Versions/A/OTSVG
0x00007fff45037000 	/System/Library/Frameworks/ApplicationServices.framework/Versions/A/Frameworks/ATS.framework/Versions/A/Resources/libFontParser.dylib
0x00007fff4514f000 	/System/Library/Frameworks/ApplicationServices.framework/Versions/A/Frameworks/ATS.framework/Versions/A/Resources/libFontRegistry.dylib
0x00007fff497b4000 	/System/Library/Frameworks/ImageIO.framework/Versions/A/Resources/libJPEG.dylib
0x00007fff49ac6000 	/System/Library/Frameworks/ImageIO.framework/Versions/A/Resources/libTIFF.dylib
0x00007fff49a9c000 	/System/Library/Frameworks/ImageIO.framework/Versions/A/Resources/libPng.dylib
0x00007fff496d2000 	/System/Library/Frameworks/ImageIO.framework/Versions/A/Resources/libGIF.dylib
0x00007fff496d7000 	/System/Library/Frameworks/ImageIO.framework/Versions/A/Resources/libJP2.dylib
0x00007fff49ac3000 	/System/Library/Frameworks/ImageIO.framework/Versions/A/Resources/libRadiance.dylib
0x00007fff56dba000 	/System/Library/PrivateFrameworks/AppleJPEG.framework/Versions/A/AppleJPEG
0x00007fff4fc0a000 	/System/Library/Frameworks/OpenGL.framework/Versions/A/Libraries/libGFXShared.dylib
0x00007fff4fdcd000 	/System/Library/Frameworks/OpenGL.framework/Versions/A/Libraries/libGLU.dylib
0x00007fff4fc13000 	/System/Library/Frameworks/OpenGL.framework/Versions/A/Libraries/libGL.dylib
0x00007fff4fc1f000 	/System/Library/Frameworks/OpenGL.framework/Versions/A/Libraries/libGLImage.dylib
0x00007fff4fbfc000 	/System/Library/Frameworks/OpenGL.framework/Versions/A/Libraries/libCVMSPluginSupport.dylib
0x00007fff4fc05000 	/System/Library/Frameworks/OpenGL.framework/Versions/A/Libraries/libCoreVMClient.dylib
0x00007fff704a8000 	/usr/lib/libcups.2.dylib
0x00007fff4ac86000 	/System/Library/Frameworks/Kerberos.framework/Versions/A/Kerberos
0x00007fff491b5000 	/System/Library/Frameworks/GSS.framework/Versions/A/GSS
0x00007fff71bbb000 	/usr/lib/libresolv.9.dylib
0x00007fff7069a000 	/usr/lib/libiconv.2.dylib
0x00007fff62b51000 	/System/Library/PrivateFrameworks/Heimdal.framework/Versions/A/Heimdal
0x00007fff7066a000 	/usr/lib/libheimdal-asn1.dylib
0x00007fff4f2a1000 	/System/Library/Frameworks/OpenDirectory.framework/Versions/A/OpenDirectory
0x00007fff595e0000 	/System/Library/PrivateFrameworks/CommonAuth.framework/Versions/A/CommonAuth
0x00007fff4f285000 	/System/Library/Frameworks/OpenDirectory.framework/Versions/A/Frameworks/CFOpenDirectory.framework/Versions/A/CFOpenDirectory
0x00007fff5234f000 	/System/Library/Frameworks/SecurityFoundation.framework/Versions/A/SecurityFoundation
0x00007fff55a53000 	/System/Library/PrivateFrameworks/APFS.framework/Versions/A/APFS
0x00007fff7201c000 	/usr/lib/libutil.dylib
0x00007fff6fd45000 	/usr/lib/libcharset.1.dylib
0x00007fff57057000 	/System/Library/PrivateFrameworks/AppleSauce.framework/Versions/A/AppleSauce
0x00007fff571d8000 	/System/Library/PrivateFrameworks/AssertionServices.framework/Versions/A/AssertionServices
0x00007fff57908000 	/System/Library/PrivateFrameworks/BaseBoard.framework/Versions/A/BaseBoard
0x00007fff70a6b000 	/usr/lib/libmecab.1.0.0.dylib
0x00007fff70664000 	/usr/lib/libgermantok.dylib
0x00007fff6fb13000 	/usr/lib/libThaiTokenizer.dylib
0x00007fff6f5be000 	/usr/lib/libChineseTokenizer.dylib
0x00007fff64582000 	/System/Library/PrivateFrameworks/LanguageModeling.framework/Versions/A/LanguageModeling
0x00007fff5a2c2000 	/System/Library/PrivateFrameworks/CoreEmoji.framework/Versions/A/CoreEmoji
0x00007fff6465e000 	/System/Library/PrivateFrameworks/Lexicon.framework/Versions/A/Lexicon
0x00007fff646a1000 	/System/Library/PrivateFrameworks/LinguisticData.framework/Versions/A/LinguisticData
0x00007fff6fd46000 	/usr/lib/libcmph.dylib
0x00007fff5240d000 	/System/Library/Frameworks/ServiceManagement.framework/Versions/A/ServiceManagement
0x00007fff57869000 	/System/Library/PrivateFrameworks/BackgroundTaskManagement.framework/Versions/A/BackgroundTaskManagement
0x00007fff72116000 	/usr/lib/libxslt.1.dylib
0x00007fff460a5000 	/System/Library/Frameworks/Carbon.framework/Versions/A/Frameworks/Ink.framework/Versions/A/Ink
0x00007fff6d64d000 	/System/Library/PrivateFrameworks/TextureIO.framework/Versions/A/TextureIO
0x00007fff6fb67000 	/usr/lib/libate.dylib
0x00007fff5b5a4000 	/System/Library/PrivateFrameworks/CrashReporterSupport.framework/Versions/A/CrashReporterSupport
0x00007fff6ad87000 	/System/Library/PrivateFrameworks/Sharing.framework/Versions/A/Sharing
0x00007fff575bb000 	/System/Library/PrivateFrameworks/AuthKit.framework/Versions/A/AuthKit
0x00007fff56b0f000 	/System/Library/PrivateFrameworks/Apple80211.framework/Versions/A/Apple80211
0x00007fff5b34c000 	/System/Library/PrivateFrameworks/CoreUtils.framework/Versions/A/CoreUtils
0x00007fff488e8000 	/System/Library/Frameworks/CoreWLAN.framework/Versions/A/CoreWLAN
0x00007fff492e4000 	/System/Library/Frameworks/IOBluetooth.framework/Versions/A/IOBluetooth
0x00007fff691fb000 	/System/Library/PrivateFrameworks/ProtocolBuffer.framework/Versions/A/ProtocolBuffer
0x00007fff655fc000 	/System/Library/PrivateFrameworks/MobileKeyBag.framework/Versions/A/MobileKeyBag
0x00007fff5ab90000 	/System/Library/PrivateFrameworks/CorePhoneNumbers.framework/Versions/A/CorePhoneNumbers
0x00007fff56d6e000 	/System/Library/PrivateFrameworks/AppleIDAuthSupport.framework/Versions/A/AppleIDAuthSupport
0x00007fff64555000 	/System/Library/PrivateFrameworks/KeychainCircle.framework/Versions/A/KeychainCircle
0x00007fff693b1000 	/System/Library/PrivateFrameworks/ROCKit.framework/Versions/A/ROCKit
0x00007fff5b540000 	/System/Library/PrivateFrameworks/CoreWiFi.framework/Versions/A/CoreWiFi
0x00007fff46673000 	/System/Library/Frameworks/CoreBluetooth.framework/Versions/A/CoreBluetooth
0x00007fff5b79b000 	/System/Library/PrivateFrameworks/DebugSymbols.framework/Versions/A/DebugSymbols
0x00007fff5b10c000 	/System/Library/PrivateFrameworks/CoreSymbolication.framework/Versions/A/CoreSymbolication
0x00007fff6ce68000 	/System/Library/PrivateFrameworks/Symbolication.framework/Versions/A/Symbolication
0x00007fff6c70b000 	/System/Library/PrivateFrameworks/SpeechRecognitionCore.framework/Versions/A/SpeechRecognitionCore
0x0000000100edb000 	/Library/Java/JavaVirtualMachines/jdk1.8.0_181.jdk/Contents/Home/jre/lib/server/libjvm.dylib
0x00007fff71ef7000 	/usr/lib/libstdc++.6.dylib
0x0000000101e8f000 	/Library/Java/JavaVirtualMachines/jdk1.8.0_181.jdk/Contents/Home/jre/lib/libverify.dylib
0x0000000101e9d000 	/Library/Java/JavaVirtualMachines/jdk1.8.0_181.jdk/Contents/Home/jre/lib/libjava.dylib
0x0000000101ed4000 	/Library/Java/JavaVirtualMachines/jdk1.8.0_181.jdk/Contents/Home/jre/lib/libjdwp.dylib
0x0000000101f1f000 	/Library/Java/JavaVirtualMachines/jdk1.8.0_181.jdk/Contents/Home/jre/lib/libnpt.dylib
0x0000000101f3d000 	/Library/Java/JavaVirtualMachines/jdk1.8.0_181.jdk/Contents/Home/jre/lib/libinstrument.dylib
0x0000000101fda000 	/Library/Java/JavaVirtualMachines/jdk1.8.0_181.jdk/Contents/Home/jre/lib/libzip.dylib
0x0000000109164000 	/Library/Java/JavaVirtualMachines/jdk1.8.0_181.jdk/Contents/Home/jre/lib/libdt_socket.dylib

VM Arguments:
jvm_args: -agentlib:jdwp=transport=dt_socket,address=127.0.0.1:51174,suspend=y,server=n -javaagent:/Users/ojasvi/Library/Caches/IntelliJIdea2018.2/captureAgent/debugger-agent.jar=file:/private/var/folders/p1/zwbpl48s77d45zmbvjkg577w0000gn/T/capture.props -Dfile.encoding=UTF-8 
java_command: test.DiffTest
java_class_path (initial): /Library/Java/JavaVirtualMachines/jdk1.8.0_181.jdk/Contents/Home/jre/lib/charsets.jar:/Library/Java/JavaVirtualMachines/jdk1.8.0_181.jdk/Contents/Home/jre/lib/deploy.jar:/Library/Java/JavaVirtualMachines/jdk1.8.0_181.jdk/Contents/Home/jre/lib/ext/cldrdata.jar:/Library/Java/JavaVirtualMachines/jdk1.8.0_181.jdk/Contents/Home/jre/lib/ext/dnsns.jar:/Library/Java/JavaVirtualMachines/jdk1.8.0_181.jdk/Contents/Home/jre/lib/ext/jaccess.jar:/Library/Java/JavaVirtualMachines/jdk1.8.0_181.jdk/Contents/Home/jre/lib/ext/jfxrt.jar:/Library/Java/JavaVirtualMachines/jdk1.8.0_181.jdk/Contents/Home/jre/lib/ext/localedata.jar:/Library/Java/JavaVirtualMachines/jdk1.8.0_181.jdk/Contents/Home/jre/lib/ext/nashorn.jar:/Library/Java/JavaVirtualMachines/jdk1.8.0_181.jdk/Contents/Home/jre/lib/ext/sunec.jar:/Library/Java/JavaVirtualMachines/jdk1.8.0_181.jdk/Contents/Home/jre/lib/ext/sunjce_provider.jar:/Library/Java/JavaVirtualMachines/jdk1.8.0_181.jdk/Contents/Home/jre/lib/ext/sunpkcs11.jar:/Library/Java/JavaVirtualMachines/jdk1.8.0_181.jdk/Contents/Home/jre/lib/ext/zipfs.jar:/Library/Java/JavaVirtualMachines/jdk1.8.0_181.jdk/Contents/Home/jre/lib/javaws.jar:/Library/Java/JavaVirtualMachines/jdk1.8.0_181.jdk/Contents/Home/jre/lib/jce.jar:/Library/Java/JavaVirtualMachines/jdk1.8.0_181.jdk/Contents/Home/jre/lib/jfr.jar:/Library/Java/JavaVirtualMachines/jdk1.8.0_181.jdk/Contents/Home/jre/lib/jfxswt.jar:/Library/Java/JavaVirtualMachines/jdk1.8.0_181.jdk/Contents/Home/jre/lib/jsse.jar:/Library/Java/JavaVirtualMachines/jdk1.8.0_181.jdk/Contents/Home/jre/lib/management-agent.jar:/Library/Java/JavaVirtualMachines/jdk1.8.0_181.jdk/Contents/Home/jre/lib/plugin.jar:/Library/Java/JavaVirtualMachines/jdk1.8.0_181.jdk/Contents/Home/jre/lib/resources.jar:/Library/Java/JavaVirtualMachines/jdk1.8.0_181.jdk/Contents/Home/jre/lib/rt.jar:/Library/Java/JavaVirtualMachines/jdk1.8.0_181.jdk/Contents/Home/lib/ant-javafx.jar:/Library/Java/JavaVirtualMachines/jdk1.8.0_181.jdk/Contents/Home
Launcher Type: SUN_STANDARD

Environment Variables:
PATH=/usr/local/bin:/usr/bin:/bin:/usr/sbin:/sbin:/opt/X11/bin
SHELL=/bin/bash
DISPLAY=/private/tmp/com.apple.launchd.hMOPNdlbfz/org.macosforge.xquartz:0

Signal Handlers:
SIGSEGV: [libjvm.dylib+0x5b6029], sa_mask[0]=11111111011111110111111111111111, sa_flags=SA_ONSTACK|SA_RESTART|SA_SIGINFO
SIGBUS: [libjvm.dylib+0x5b6029], sa_mask[0]=11111111011111110111111111111111, sa_flags=SA_RESTART|SA_SIGINFO
SIGFPE: [libjvm.dylib+0x48b934], sa_mask[0]=11111111011111110111111111111111, sa_flags=SA_RESTART|SA_SIGINFO
SIGPIPE: [libjvm.dylib+0x48b934], sa_mask[0]=11111111011111110111111111111111, sa_flags=SA_RESTART|SA_SIGINFO
SIGXFSZ: [libjvm.dylib+0x48b934], sa_mask[0]=11111111011111110111111111111111, sa_flags=SA_RESTART|SA_SIGINFO
SIGILL: [libjvm.dylib+0x48b934], sa_mask[0]=11111111011111110111111111111111, sa_flags=SA_RESTART|SA_SIGINFO
SIGUSR1: SIG_DFL, sa_mask[0]=00000000000000000000000000000000, sa_flags=none
SIGUSR2: [libjvm.dylib+0x48b452], sa_mask[0]=00100000000000000000000000000000, sa_flags=SA_RESTART|SA_SIGINFO
SIGHUP: [libjvm.dylib+0x489a1d], sa_mask[0]=11111111011111110111111111111111, sa_flags=SA_RESTART|SA_SIGINFO
SIGINT: [libjvm.dylib+0x489a1d], sa_mask[0]=11111111011111110111111111111111, sa_flags=SA_RESTART|SA_SIGINFO
SIGTERM: [libjvm.dylib+0x489a1d], sa_mask[0]=11111111011111110111111111111111, sa_flags=SA_RESTART|SA_SIGINFO
SIGQUIT: [libjvm.dylib+0x489a1d], sa_mask[0]=11111111011111110111111111111111, sa_flags=SA_RESTART|SA_SIGINFO


---------------  S Y S T E M  ---------------

OS:Bsduname:Darwin 18.7.0 Darwin Kernel Version 18.7.0: Thu Jan 23 06:52:12 PST 2020; root:xnu-4903.278.25~1/RELEASE_X86_64 x86_64
rlimit: STACK 8192k, CORE 0k, NPROC 709, NOFILE 10240, AS infinity
load average:10.58 11.05 8.86

CPU:total 4 (initial active 4) (2 cores per cpu, 2 threads per core) family 6 model 142 stepping 9, cmov, cx8, fxsr, mmx, sse, sse2, sse3, ssse3, sse4.1, sse4.2, popcnt, avx, avx2, aes, clmul, erms, rtm, 3dnowpref, lzcnt, ht, tsc, tscinvbit, bmi1, bmi2, adx

Memory: 4k page, physical 8388608k(301584k free)

/proc/meminfo:


vm_info: Java HotSpot(TM) 64-Bit Server VM (25.181-b13) for bsd-amd64 JRE (1.8.0_181-b13), built on Jul  7 2018 01:02:31 by "java_re" with gcc 4.2.1 (Based on Apple Inc. build 5658) (LLVM build 2336.11.00)

time: Sun Feb  9 14:54:30 2020
elapsed time: 1864 seconds (0d 0h 31m 4s)

