#
# A fatal error has been detected by the Java Runtime Environment:
#
#  SIGSEGV (0xb) at pc=0x00000001053b4553, pid=15614, tid=0x0000000000002d03
#
# JRE version: Java(TM) SE Runtime Environment (8.0_181-b13) (build 1.8.0_181-b13)
# Java VM: Java HotSpot(TM) 64-Bit Server VM (25.181-b13 mixed mode bsd-amd64 compressed oops)
# Problematic frame:
# V  [libjvm.dylib+0x2c5553]  CollectedHeap::obj_allocate(KlassHandle, int, Thread*)+0x43
#
# Failed to write core dump. Core dumps have been disabled. To enable core dumping, try "ulimit -c unlimited" before starting Java again
#
# If you would like to submit a bug report, please visit:
#   http://bugreport.java.com/bugreport/crash.jsp
#

---------------  T H R E A D  ---------------

Current thread (0x00007f9a44800800):  VMThread [stack: 0x00007000028b5000,0x00007000029b5000] [id=11523]

siginfo: si_signo: 11 (SIGSEGV), si_code: 0 (unknown), si_addr: 0x0000000000000000

Registers:
RAX=0x00000001059deda4, RBX=0x00007f9a44800800, RCX=0x746e65696c632d22, RDX=0x00007f9a44800800
RSP=0x00007000029b4060, RBP=0x00007000029b4090, RSI=0x0000000000000003, RDI=0x00000007c00016d0
R8 =0x0000000000000000, R9 =0x0000000000000000, R10=0x00007000029b41e8, R11=0xfffff065bf10bb00
R12=0x746e65696c632d0a, R13=0x0000000000000000, R14=0x00000007c00016d0, R15=0x0000000000000003
RIP=0x00000001053b4553, EFLAGS=0x0000000000010202, ERR=0x0000000000000000
  TRAPNO=0x000000000000000d

Top of Stack: (sp=0x00007000029b4060)
0x00007000029b4060:   0000000000000000 0000000000000000
0x00007000029b4070:   00007f9a44800800 00007000029b42c8
0x00007000029b4080:   0000000010000031 000000000000004c
0x00007000029b4090:   00007000029b40b0 00000001053b20e1
0x00007000029b40a0:   00007f9a44800800 000000000000004c
0x00007000029b40b0:   00007000029b40e0 00000001053e43a6
0x00007000029b40c0:   0000000000000200 00007f9a44800800
0x00007000029b40d0:   00007000029b42c8 000000000000004c
0x00007000029b40e0:   00007000029b4110 00000001053e662d
0x00007000029b40f0:   00007000029b41e8 000000010c095160
0x00007000029b4100:   00007f9a44800800 0000000000000000
0x00007000029b4110:   00007000029b41e0 0000000105332de7
0x00007000029b4120:   00007000029b4200 0000000000000000
0x00007000029b4130:   0000000000000000 0000000105573b52
0x00007000029b4140:   0000000000007fe8 00000001056e42e4
0x00007000029b4150:   00007f9a438a8810 ffffffff00000000
0x00007000029b4160:   00007000029b41b0 0000000105193d12
0x00007000029b4170:   00007000029b4190 0000000105573c44
0x00007000029b4180:   0000000000000000 00007000029b41d4
0x00007000029b4190:   00007000029b4140 00007000029b4181
0x00007000029b41a0:   0000000800000000 0000000000007f00
0x00007000029b41b0:   0000000000000000 00007000029b46f8
0x00007000029b41c0:   000000010c095160 000000010bf0d8b8
0x00007000029b41d0:   00007fffaa45e070 00007000029b42c8
0x00007000029b41e0:   00007000029b4200 0000000105332eb6
0x00007000029b41f0:   0000700000000000 00007000029b4130
0x00007000029b4200:   00007000029b44f0 0000000105376b87
0x00007000029b4210:   00007000029b4690 0000000105377c5f
0x00007000029b4220:   0000000000000086 0000000040000000
0x00007000029b4230:   000000004fffffff 000000008a000000
0x00007000029b4240:   00007fff73d95169 0000000000000000
0x00007000029b4250:   0000000000000001 0000000000000001 

Instructions: (pc=0x00000001053b4553)
0x00000001053b4533:   d7 de ff 49 89 c4 48 8b 43 08 48 85 c0 74 05 45
0x00000001053b4543:   31 e4 eb 3b 48 8d 05 56 a8 62 00 80 38 00 74 09
0x00000001053b4553:   41 c7 44 24 0c 00 00 00 00 41 83 ff 02 74 1c 49
0x00000001053b4563:   8d 44 24 10 49 63 cf 48 83 c1 fe 48 c7 00 00 00 

Register to memory mapping:

RAX=0x00000001059deda4: UseCompressedClassPointers+0 in /Library/Java/JavaVirtualMachines/jdk1.8.0_181.jdk/Contents/Home/jre/lib/server/libjvm.dylib at 0x00000001050ef000
RBX=0x00007f9a44800800 is an unknown value
RCX=0x746e65696c632d22 is an unknown value
RDX=0x00007f9a44800800 is an unknown value
RSP=0x00007000029b4060 is an unknown value
RBP=0x00007000029b4090 is an unknown value
RSI=0x0000000000000003 is an unknown value
RDI=0x00000007c00016d0 is pointing into metadata
R8 =0x0000000000000000 is an unknown value
R9 =0x0000000000000000 is an unknown value
R10=0x00007000029b41e8 is an unknown value
R11=0xfffff065bf10bb00 is an unknown value
R12=0x746e65696c632d0a is an unknown value
R13=0x0000000000000000 is an unknown value
R14=0x00000007c00016d0 is pointing into metadata
R15=0x0000000000000003 is an unknown value


Stack: [0x00007000028b5000,0x00007000029b5000],  sp=0x00007000029b4060,  free space=1020k
Native frames: (J=compiled Java code, j=interpreted, Vv=VM code, C=native code)
V  [libjvm.dylib+0x2c5553]  CollectedHeap::obj_allocate(KlassHandle, int, Thread*)+0x43
V  [libjvm.dylib+0x2c30e1]  InstanceKlass::allocate_instance(Thread*)+0x1f
V  [libjvm.dylib+0x2f53a6]  java_lang_String::basic_create(int, Thread*)+0x26
V  [libjvm.dylib+0x2f762d]  java_lang_String::create_from_str(char const*, Thread*)+0x3b
V  [libjvm.dylib+0x243de7]  Exceptions::new_exception(Thread*, Symbol*, char const*, Handle, Handle, Handle, Exceptions::ExceptionMsgToUtf8Mode)+0xb5
V  [libjvm.dylib+0x243eb6]  Exceptions::new_exception(Thread*, Symbol*, char const*, Exceptions::ExceptionMsgToUtf8Mode)+0x18
V  [libjvm.dylib+0x287b87]  GenerateOopMap::verify_error(char const*, ...)+0xed
V  [libjvm.dylib+0x287c3b]  GenerateOopMap::push(CellTypeState)+0x1b
V  [libjvm.dylib+0x28895b]  GenerateOopMap::ppload(CellTypeState*, int)+0x77
V  [libjvm.dylib+0x28a7ec]  GenerateOopMap::interp_bb(BasicBlock*)+0x104
V  [libjvm.dylib+0x28aa3b]  GenerateOopMap::interp_all()+0x31
V  [libjvm.dylib+0x28afd2]  GenerateOopMap::do_interpretation()+0x44
V  [libjvm.dylib+0x28b3eb]  GenerateOopMap::compute_map(Thread*)+0x1fb
V  [libjvm.dylib+0x485331]  OopMapForCacheEntry::compute_map(Thread*)+0x8f
V  [libjvm.dylib+0x48553a]  OopMapCacheEntry::fill(methodHandle, int)+0x19e
V  [libjvm.dylib+0x48571b]  OopMapCache::compute_one_oop_map(methodHandle, int, InterpreterOopMap*)+0x16b
V  [libjvm.dylib+0x4859d2]  OopMapCache::lookup(methodHandle, int, InterpreterOopMap*) const+0x25c
V  [libjvm.dylib+0x2c2b04]  InstanceKlass::mask_for(methodHandle, int, InterpreterOopMap*)+0xd2
V  [libjvm.dylib+0x45306d]  Method::mask_for(int, InterpreterOopMap*)+0xb3
V  [libjvm.dylib+0x39afbf]  VM_GetOrSetLocal::doit()+0x47
V  [libjvm.dylib+0x5bd499]  VM_Operation::evaluate()+0x4f
V  [libjvm.dylib+0x5bba31]  VMThread::evaluate_operation(VM_Operation*)+0xdf
V  [libjvm.dylib+0x5bbe7e]  VMThread::loop()+0x328
V  [libjvm.dylib+0x5bb79d]  VMThread::run()+0x79
V  [libjvm.dylib+0x48e342]  java_start(Thread*)+0xf6
C  [libsystem_pthread.dylib+0x32eb]  _pthread_body+0x7e
C  [libsystem_pthread.dylib+0x6249]  _pthread_start+0x42
C  [libsystem_pthread.dylib+0x240d]  thread_start+0xd

VM_Operation (0x0000700002dc0958): GetOrSetLocal, mode: safepoint, requested by thread 0x00007f9a45010000


---------------  P R O C E S S  ---------------

Java Threads: ( => current thread )
  0x00007f9a450fb800 JavaThread "Service Thread" daemon [_thread_blocked, id=17667, stack(0x00007000032d3000,0x00007000033d3000)]
  0x00007f9a450c0800 JavaThread "C1 CompilerThread2" daemon [_thread_blocked, id=18179, stack(0x00007000031d0000,0x00007000032d0000)]
  0x00007f9a4401f800 JavaThread "C2 CompilerThread1" daemon [_thread_blocked, id=15363, stack(0x00007000030cd000,0x00007000031cd000)]
  0x00007f9a45075800 JavaThread "C2 CompilerThread0" daemon [_thread_blocked, id=18435, stack(0x0000700002fca000,0x00007000030ca000)]
  0x00007f9a45018000 JavaThread "JDWP Command Reader" daemon [_thread_in_native, id=18947, stack(0x0000700002ec7000,0x0000700002fc7000)]
  0x00007f9a44020800 JavaThread "JDWP Event Helper Thread" daemon [_thread_blocked, id=19203, stack(0x0000700002dc4000,0x0000700002ec4000)]
  0x00007f9a45010000 JavaThread "JDWP Transport Listener: dt_socket" daemon [_thread_blocked, id=14599, stack(0x0000700002cc1000,0x0000700002dc1000)]
  0x00007f9a4400c800 JavaThread "Signal Dispatcher" daemon [_thread_blocked, id=14083, stack(0x0000700002bbe000,0x0000700002cbe000)]
  0x00007f9a4500e800 JavaThread "Finalizer" daemon [_thread_blocked, id=20995, stack(0x0000700002abb000,0x0000700002bbb000)]
  0x00007f9a4380a800 JavaThread "Reference Handler" daemon [_thread_blocked, id=12035, stack(0x00007000029b8000,0x0000700002ab8000)]
  0x00007f9a44004000 JavaThread "main" [_thread_blocked, id=9987, stack(0x00007000023a6000,0x00007000024a6000)]

Other Threads:
=>0x00007f9a44800800 VMThread [stack: 0x00007000028b5000,0x00007000029b5000] [id=11523]
  0x00007f9a450fc000 WatcherThread [stack: 0x00007000033d6000,0x00007000034d6000] [id=17155]

VM state:at safepoint (normal execution)

VM Mutex/Monitor currently owned by a thread:  ([mutex/lock_event])
[0x00007f9a43702230] Threads_lock - owner thread: 0x00007f9a44800800

Heap:
 PSYoungGen      total 38400K, used 22710K [0x0000000795580000, 0x0000000798000000, 0x00000007c0000000)
  eden space 33280K, 68% used [0x0000000795580000,0x0000000796bad958,0x0000000797600000)
  from space 5120K, 0% used [0x0000000797b00000,0x0000000797b00000,0x0000000798000000)
  to   space 5120K, 0% used [0x0000000797600000,0x0000000797600000,0x0000000797b00000)
 ParOldGen       total 87552K, used 0K [0x0000000740000000, 0x0000000745580000, 0x0000000795580000)
  object space 87552K, 0% used [0x0000000740000000,0x0000000740000000,0x0000000745580000)
 Metaspace       used 7989K, capacity 8342K, committed 8448K, reserved 1056768K
  class space    used 950K, capacity 995K, committed 1024K, reserved 1048576K

Card table byte_map: [0x0000000106dc0000,0x00000001071c1000] byte_map_base: 0x00000001033c0000

Marking Bits: (ParMarkBitMap*) 0x00000001059e8cd0
 Begin Bits: [0x000000010746c000, 0x000000010946c000)
 End Bits:   [0x000000010946c000, 0x000000010b46c000)

Polling page: 0x00000001060e7000

CodeCache: size=245760Kb used=2391Kb max_used=2399Kb free=243368Kb
 bounds [0x0000000112ccb000, 0x0000000112f3b000, 0x0000000121ccb000]
 total_blobs=792 nmethods=509 adapters=205
 compilation: enabled

Compilation events (10 events):
Event: 23.850 Thread 0x00007f9a450c0800  505       1       scala.collection.mutable.StringBuilder::underlying (5 bytes)
Event: 23.850 Thread 0x00007f9a450c0800 nmethod 505 0x0000000112f1b410 code [0x0000000112f1b560, 0x0000000112f1b670]
Event: 26.983 Thread 0x00007f9a450c0800  506       3       java.lang.ThreadLocal::get (38 bytes)
Event: 26.983 Thread 0x00007f9a450c0800 nmethod 506 0x0000000112f19f50 code [0x0000000112f1a0e0, 0x0000000112f1a4a8]
Event: 388.423 Thread 0x00007f9a450c0800  507       1       scala.collection.immutable.$colon$colon::next (5 bytes)
Event: 388.423 Thread 0x00007f9a450c0800 nmethod 507 0x0000000112f19c90 code [0x0000000112f19de0, 0x0000000112f19ef0]
Event: 410.877 Thread 0x00007f9a450c0800  508       3       scala.collection.immutable.List::isEmpty (11 bytes)
Event: 410.877 Thread 0x00007f9a450c0800 nmethod 508 0x0000000112f1dd90 code [0x0000000112f1df00, 0x0000000112f1e0b0]
Event: 410.878 Thread 0x00007f9a450c0800  509       1       scala.collection.immutable.$colon$colon::head (5 bytes)
Event: 410.878 Thread 0x00007f9a450c0800 nmethod 509 0x0000000112f1dad0 code [0x0000000112f1dc20, 0x0000000112f1dd30]

GC Heap History (0 events):
No events

Deoptimization events (1 events):
Event: 0.523 Thread 0x00007f9a44004000 Uncommon trap: reason=unstable_if action=reinterpret pc=0x0000000112e48ad4 method=java.lang.String.indexOf([CII[CIII)I @ 123

Classes redefined (6 events):
Event: 201.435 Thread 0x00007f9a44800800 redefined class name=eval.DoubleEvaluator$, count=1
Event: 387.806 Thread 0x00007f9a44800800 redefined class name=test.Test1, count=1
Event: 387.808 Thread 0x00007f9a44800800 redefined class name=test.Test1$delayedInit$body, count=1
Event: 387.810 Thread 0x00007f9a44800800 redefined class name=test.Test1$, count=1
Event: 387.812 Thread 0x00007f9a44800800 redefined class name=eval.DoubleEvaluator$, count=2
Event: 410.536 Thread 0x00007f9a44800800 redefined class name=eval.DoubleEvaluator$, count=3

Internal exceptions (5 events):
Event: 0.041 Thread 0x00007f9a44004000 Exception <a 'java/lang/NoSuchMethodError': Method sun.misc.Unsafe.defineClass(Ljava/lang/String;[BII)Ljava/lang/Class; name or signature does not match> (0x0000000795587cb0) thrown at [/Users/java_re/workspace/8-2-build-macosx-x86_64/jdk8u181/11358/hotsp
Event: 0.041 Thread 0x00007f9a44004000 Exception <a 'java/lang/NoSuchMethodError': Method sun.misc.Unsafe.prefetchRead(Ljava/lang/Object;J)V name or signature does not match> (0x0000000795587f98) thrown at [/Users/java_re/workspace/8-2-build-macosx-x86_64/jdk8u181/11358/hotspot/src/share/vm/pr
Event: 0.587 Thread 0x00007f9a44004000 Exception <a 'java/lang/NoSuchFieldError': method resolution failed> (0x00000007962a3240) thrown at [/Users/java_re/workspace/8-2-build-macosx-x86_64/jdk8u181/11358/hotspot/src/share/vm/prims/methodHandles.cpp, line 1167]
Event: 0.589 Thread 0x00007f9a44004000 Exception <a 'java/lang/NoSuchFieldError': method resolution failed> (0x00000007962b0e60) thrown at [/Users/java_re/workspace/8-2-build-macosx-x86_64/jdk8u181/11358/hotspot/src/share/vm/prims/methodHandles.cpp, line 1167]
Event: 0.595 Thread 0x00007f9a44004000 Exception <a 'java/lang/NoSuchMethodError': java.lang.Object.$anonfun$main$1$adapted(Lscala/Function0;)Ljava/lang/Object;> (0x00000007962d8930) thrown at [/Users/java_re/workspace/8-2-build-macosx-x86_64/jdk8u181/11358/hotspot/src/share/vm/interpreter/lin

Events (10 events):
Event: 410.878 Executing VM operation: ForceSafepoint done
Event: 410.882 Executing VM operation: GetOrSetLocal
Event: 410.882 Executing VM operation: GetOrSetLocal done
Event: 425.649 Executing VM operation: ChangeBreakpoints
Event: 425.649 Executing VM operation: ChangeBreakpoints done
Event: 425.649 Executing VM operation: ChangeBreakpoints
Event: 425.649 Executing VM operation: ChangeBreakpoints done
Event: 425.666 Executing VM operation: ChangeBreakpoints
Event: 425.666 Executing VM operation: ChangeBreakpoints done
Event: 431.443 Executing VM operation: GetOrSetLocal


Dynamic libraries:
0x00007fff474b5000 	/System/Library/Frameworks/Cocoa.framework/Versions/A/Cocoa
0x00007fff53263000 	/System/Library/Frameworks/Security.framework/Versions/A/Security
0x00007fff46147000 	/System/Library/Frameworks/ApplicationServices.framework/Versions/A/ApplicationServices
0x00007fff73354000 	/usr/lib/libz.1.dylib
0x00007fff70cab000 	/usr/lib/libSystem.B.dylib
0x00007fff724e4000 	/usr/lib/libobjc.A.dylib
0x00007fff47d2a000 	/System/Library/Frameworks/CoreFoundation.framework/Versions/A/CoreFoundation
0x00007fff49fae000 	/System/Library/Frameworks/Foundation.framework/Versions/C/Foundation
0x00007fff45340000 	/System/Library/Frameworks/AppKit.framework/Versions/C/AppKit
0x00007fff478b3000 	/System/Library/Frameworks/CoreData.framework/Versions/A/CoreData
0x00007fff6a770000 	/System/Library/PrivateFrameworks/RemoteViewServices.framework/Versions/A/RemoteViewServices
0x00007fff6e9e7000 	/System/Library/PrivateFrameworks/UIFoundation.framework/Versions/A/UIFoundation
0x00007fff700cc000 	/System/Library/PrivateFrameworks/XCTTargetBootstrap.framework/Versions/A/XCTTargetBootstrap
0x00007fff47c39000 	/System/Library/Frameworks/CoreDisplay.framework/Versions/A/CoreDisplay
0x00007fff654aa000 	/System/Library/PrivateFrameworks/IconServices.framework/Versions/A/IconServices
0x00007fff4c8d0000 	/System/Library/Frameworks/Metal.framework/Versions/A/Metal
0x00007fff5c9ee000 	/System/Library/PrivateFrameworks/DesktopServicesPriv.framework/Versions/A/DesktopServicesPriv
0x00007fff71847000 	/usr/lib/libenergytrace.dylib
0x00007fff6cece000 	/System/Library/PrivateFrameworks/SkyLight.framework/Versions/A/SkyLight
0x00007fff48171000 	/System/Library/Frameworks/CoreGraphics.framework/Versions/A/CoreGraphics
0x00007fff4410c000 	/System/Library/Frameworks/Accelerate.framework/Versions/A/Accelerate
0x00007fff4a6f7000 	/System/Library/Frameworks/IOSurface.framework/Versions/A/IOSurface
0x00007fff5c85a000 	/System/Library/PrivateFrameworks/DFRFoundation.framework/Versions/A/DFRFoundation
0x00007fff4662a000 	/System/Library/Frameworks/AudioToolbox.framework/Versions/A/AudioToolbox
0x00007fff468a3000 	/System/Library/Frameworks/AudioUnit.framework/Versions/A/AudioUnit
0x00007fff5c8ef000 	/System/Library/PrivateFrameworks/DataDetectorsCore.framework/Versions/A/DataDetectorsCore
0x00007fff46fb8000 	/System/Library/Frameworks/Carbon.framework/Versions/A/Frameworks/HIToolbox.framework/Versions/A/HIToolbox
0x00007fff719a0000 	/usr/lib/libicucore.A.dylib
0x00007fff527d6000 	/System/Library/Frameworks/QuartzCore.framework/Versions/A/QuartzCore
0x00007fff4738d000 	/System/Library/Frameworks/Carbon.framework/Versions/A/Frameworks/SpeechRecognition.framework/Versions/A/SpeechRecognition
0x00007fff70dff000 	/usr/lib/libauto.dylib
0x00007fff73247000 	/usr/lib/libxml2.2.dylib
0x00007fff5c435000 	/System/Library/PrivateFrameworks/CoreUI.framework/Versions/A/CoreUI
0x00007fff4779e000 	/System/Library/Frameworks/CoreAudio.framework/Versions/A/CoreAudio
0x00007fff49de3000 	/System/Library/Frameworks/DiskArbitration.framework/Versions/A/DiskArbitration
0x00007fff71c4e000 	/usr/lib/liblangid.dylib
0x00007fff668b5000 	/System/Library/PrivateFrameworks/MultitouchSupport.framework/Versions/A/MultitouchSupport
0x00007fff4a666000 	/System/Library/Frameworks/IOKit.framework/Versions/A/IOKit
0x00007fff7086b000 	/usr/lib/libDiagnosticMessagesClient.dylib
0x00007fff48f81000 	/System/Library/Frameworks/CoreServices.framework/Versions/A/CoreServices
0x00007fff6856f000 	/System/Library/PrivateFrameworks/PerformanceAnalysis.framework/Versions/A/PerformanceAnalysis
0x00007fff519bd000 	/System/Library/Frameworks/OpenGL.framework/Versions/A/OpenGL
0x00007fff474c3000 	/System/Library/Frameworks/ColorSync.framework/Versions/A/ColorSync
0x00007fff48803000 	/System/Library/Frameworks/CoreImage.framework/Versions/A/CoreImage
0x00007fff49959000 	/System/Library/Frameworks/CoreText.framework/Versions/A/CoreText
0x00007fff4a75a000 	/System/Library/Frameworks/ImageIO.framework/Versions/A/ImageIO
0x00007fff58a87000 	/System/Library/PrivateFrameworks/Backup.framework/Versions/A/Backup
0x00007fff70d52000 	/usr/lib/libarchive.2.dylib
0x00007fff46bfc000 	/System/Library/Frameworks/CFNetwork.framework/Versions/A/CFNetwork
0x00007fff539bf000 	/System/Library/Frameworks/SystemConfiguration.framework/Versions/A/SystemConfiguration
0x00007fff7079c000 	/usr/lib/libCRFSuite.dylib
0x00007fff70ef0000 	/usr/lib/libc++.1.dylib
0x00007fff70f44000 	/usr/lib/libc++abi.dylib
0x00007fff73b4a000 	/usr/lib/system/libcache.dylib
0x00007fff73b4f000 	/usr/lib/system/libcommonCrypto.dylib
0x00007fff73b5a000 	/usr/lib/system/libcompiler_rt.dylib
0x00007fff73b62000 	/usr/lib/system/libcopyfile.dylib
0x00007fff73b6c000 	/usr/lib/system/libcorecrypto.dylib
0x00007fff73c77000 	/usr/lib/system/libdispatch.dylib
0x00007fff73cb1000 	/usr/lib/system/libdyld.dylib
0x00007fff73cde000 	/usr/lib/system/libkeymgr.dylib
0x00007fff73cec000 	/usr/lib/system/liblaunch.dylib
0x00007fff73ced000 	/usr/lib/system/libmacho.dylib
0x00007fff73cf3000 	/usr/lib/system/libquarantine.dylib
0x00007fff73cf6000 	/usr/lib/system/libremovefile.dylib
0x00007fff73cf8000 	/usr/lib/system/libsystem_asl.dylib
0x00007fff73d10000 	/usr/lib/system/libsystem_blocks.dylib
0x00007fff73d11000 	/usr/lib/system/libsystem_c.dylib
0x00007fff73d99000 	/usr/lib/system/libsystem_configuration.dylib
0x00007fff73d9d000 	/usr/lib/system/libsystem_coreservices.dylib
0x00007fff73da1000 	/usr/lib/system/libsystem_darwin.dylib
0x00007fff73da8000 	/usr/lib/system/libsystem_dnssd.dylib
0x00007fff73daf000 	/usr/lib/system/libsystem_info.dylib
0x00007fff73e24000 	/usr/lib/system/libsystem_m.dylib
0x00007fff73e70000 	/usr/lib/system/libsystem_malloc.dylib
0x00007fff73e9b000 	/usr/lib/system/libsystem_networkextension.dylib
0x00007fff73ea6000 	/usr/lib/system/libsystem_notify.dylib
0x00007fff73ec3000 	/usr/lib/system/libsystem_sandbox.dylib
0x00007fff73ec7000 	/usr/lib/system/libsystem_secinit.dylib
0x00007fff73dfb000 	/usr/lib/system/libsystem_kernel.dylib
0x00007fff73eae000 	/usr/lib/system/libsystem_platform.dylib
0x00007fff73eb8000 	/usr/lib/system/libsystem_pthread.dylib
0x00007fff73eca000 	/usr/lib/system/libsystem_symptoms.dylib
0x00007fff73ed2000 	/usr/lib/system/libsystem_trace.dylib
0x00007fff73ee9000 	/usr/lib/system/libunwind.dylib
0x00007fff73eef000 	/usr/lib/system/libxpc.dylib
0x00007fff70ed1000 	/usr/lib/libbsm.0.dylib
0x00007fff73cdf000 	/usr/lib/system/libkxld.dylib
0x00007fff57e78000 	/System/Library/PrivateFrameworks/AppleFSCompression.framework/Versions/A/AppleFSCompression
0x00007fff70b6b000 	/usr/lib/libOpenScriptingUtil.dylib
0x00007fff711f9000 	/usr/lib/libcoretls.dylib
0x00007fff71210000 	/usr/lib/libcoretls_cfhelpers.dylib
0x00007fff72c7b000 	/usr/lib/libpam.2.dylib
0x00007fff72e3b000 	/usr/lib/libsqlite3.dylib
0x00007fff73235000 	/usr/lib/libxar.1.dylib
0x00007fff70ee2000 	/usr/lib/libbz2.1.0.dylib
0x00007fff71c50000 	/usr/lib/liblzma.5.dylib
0x00007fff72101000 	/usr/lib/libnetwork.dylib
0x00007fff70d3b000 	/usr/lib/libapple_nghttp2.dylib
0x00007fff72c82000 	/usr/lib/libpcap.A.dylib
0x00007fff49320000 	/System/Library/Frameworks/CoreServices.framework/Versions/A/Frameworks/FSEvents.framework/Versions/A/FSEvents
0x00007fff48fff000 	/System/Library/Frameworks/CoreServices.framework/Versions/A/Frameworks/CarbonCore.framework/Versions/A/CarbonCore
0x00007fff494db000 	/System/Library/Frameworks/CoreServices.framework/Versions/A/Frameworks/Metadata.framework/Versions/A/Metadata
0x00007fff4957a000 	/System/Library/Frameworks/CoreServices.framework/Versions/A/Frameworks/OSServices.framework/Versions/A/OSServices
0x00007fff495c5000 	/System/Library/Frameworks/CoreServices.framework/Versions/A/Frameworks/SearchKit.framework/Versions/A/SearchKit
0x00007fff48f82000 	/System/Library/Frameworks/CoreServices.framework/Versions/A/Frameworks/AE.framework/Versions/A/AE
0x00007fff49329000 	/System/Library/Frameworks/CoreServices.framework/Versions/A/Frameworks/LaunchServices.framework/Versions/A/LaunchServices
0x00007fff492d7000 	/System/Library/Frameworks/CoreServices.framework/Versions/A/Frameworks/DictionaryServices.framework/Versions/A/DictionaryServices
0x00007fff4962d000 	/System/Library/Frameworks/CoreServices.framework/Versions/A/Frameworks/SharedFileList.framework/Versions/A/SharedFileList
0x00007fff4d998000 	/System/Library/Frameworks/NetFS.framework/Versions/A/NetFS
0x00007fff66b1b000 	/System/Library/PrivateFrameworks/NetAuth.framework/Versions/A/NetAuth
0x00007fff704d0000 	/System/Library/PrivateFrameworks/login.framework/Versions/A/Frameworks/loginsupport.framework/Versions/A/loginsupport
0x00007fff6e5f0000 	/System/Library/PrivateFrameworks/TCC.framework/Versions/A/TCC
0x00007fff5ba92000 	/System/Library/PrivateFrameworks/CoreNLP.framework/Versions/A/CoreNLP
0x00007fff665b0000 	/System/Library/PrivateFrameworks/MetadataUtilities.framework/Versions/A/MetadataUtilities
0x00007fff71d25000 	/usr/lib/libmecabra.dylib
0x00007fff46148000 	/System/Library/Frameworks/ApplicationServices.framework/Versions/A/Frameworks/ATS.framework/Versions/A/ATS
0x00007fff46497000 	/System/Library/Frameworks/ApplicationServices.framework/Versions/A/Frameworks/ColorSyncLegacy.framework/Versions/A/ColorSyncLegacy
0x00007fff46536000 	/System/Library/Frameworks/ApplicationServices.framework/Versions/A/Frameworks/HIServices.framework/Versions/A/HIServices
0x00007fff46589000 	/System/Library/Frameworks/ApplicationServices.framework/Versions/A/Frameworks/LangAnalysis.framework/Versions/A/LangAnalysis
0x00007fff46599000 	/System/Library/Frameworks/ApplicationServices.framework/Versions/A/Frameworks/PrintCore.framework/Versions/A/PrintCore
0x00007fff465e3000 	/System/Library/Frameworks/ApplicationServices.framework/Versions/A/Frameworks/QD.framework/Versions/A/QD
0x00007fff4661d000 	/System/Library/Frameworks/ApplicationServices.framework/Versions/A/Frameworks/SpeechSynthesis.framework/Versions/A/SpeechSynthesis
0x00007fff70f6c000 	/usr/lib/libcompression.dylib
0x00007fff4cba0000 	/System/Library/Frameworks/MetalPerformanceShaders.framework/Versions/A/MetalPerformanceShaders
0x00007fff44124000 	/System/Library/Frameworks/Accelerate.framework/Versions/A/Frameworks/vImage.framework/Versions/A/vImage
0x00007fff4519e000 	/System/Library/Frameworks/Accelerate.framework/Versions/A/Frameworks/vecLib.framework/Versions/A/vecLib
0x00007fff450ea000 	/System/Library/Frameworks/Accelerate.framework/Versions/A/Frameworks/vecLib.framework/Versions/A/libvMisc.dylib
0x00007fff44f02000 	/System/Library/Frameworks/Accelerate.framework/Versions/A/Frameworks/vecLib.framework/Versions/A/libvDSP.dylib
0x00007fff447be000 	/System/Library/Frameworks/Accelerate.framework/Versions/A/Frameworks/vecLib.framework/Versions/A/libBLAS.dylib
0x00007fff44aab000 	/System/Library/Frameworks/Accelerate.framework/Versions/A/Frameworks/vecLib.framework/Versions/A/libLAPACK.dylib
0x00007fff44e55000 	/System/Library/Frameworks/Accelerate.framework/Versions/A/Frameworks/vecLib.framework/Versions/A/libLinearAlgebra.dylib
0x00007fff44eee000 	/System/Library/Frameworks/Accelerate.framework/Versions/A/Frameworks/vecLib.framework/Versions/A/libSparseBLAS.dylib
0x00007fff44e6b000 	/System/Library/Frameworks/Accelerate.framework/Versions/A/Frameworks/vecLib.framework/Versions/A/libQuadrature.dylib
0x00007fff44a38000 	/System/Library/Frameworks/Accelerate.framework/Versions/A/Frameworks/vecLib.framework/Versions/A/libBNNS.dylib
0x00007fff44e71000 	/System/Library/Frameworks/Accelerate.framework/Versions/A/Frameworks/vecLib.framework/Versions/A/libSparse.dylib
0x00007fff62de0000 	/System/Library/PrivateFrameworks/GPUWrangler.framework/Versions/A/GPUWrangler
0x00007fff650df000 	/System/Library/PrivateFrameworks/IOAccelerator.framework/Versions/A/IOAccelerator
0x00007fff650ea000 	/System/Library/PrivateFrameworks/IOPresentment.framework/Versions/A/IOPresentment
0x00007fff5c86a000 	/System/Library/PrivateFrameworks/DSExternalDisplay.framework/Versions/A/DSExternalDisplay
0x00007fff50e14000 	/System/Library/Frameworks/OpenGL.framework/Versions/A/Libraries/libCoreFSCache.dylib
0x00007fff4c994000 	/System/Library/Frameworks/MetalPerformanceShaders.framework/Frameworks/MPSCore.framework/Versions/A/MPSCore
0x00007fff4c9b4000 	/System/Library/Frameworks/MetalPerformanceShaders.framework/Frameworks/MPSImage.framework/Versions/A/MPSImage
0x00007fff4ca59000 	/System/Library/Frameworks/MetalPerformanceShaders.framework/Frameworks/MPSNeuralNetwork.framework/Versions/A/MPSNeuralNetwork
0x00007fff4ca31000 	/System/Library/Frameworks/MetalPerformanceShaders.framework/Frameworks/MPSMatrix.framework/Versions/A/MPSMatrix
0x00007fff4cb85000 	/System/Library/Frameworks/MetalPerformanceShaders.framework/Frameworks/MPSRayIntersector.framework/Versions/A/MPSRayIntersector
0x00007fff665d9000 	/System/Library/PrivateFrameworks/MetalTools.framework/Versions/A/MetalTools
0x00007fff57722000 	/System/Library/PrivateFrameworks/AggregateDictionary.framework/Versions/A/AggregateDictionary
0x00007fff70b4b000 	/usr/lib/libMobileGestalt.dylib
0x00007fff49abc000 	/System/Library/Frameworks/CoreVideo.framework/Versions/A/CoreVideo
0x00007fff63bf1000 	/System/Library/PrivateFrameworks/GraphVisualizer.framework/Versions/A/GraphVisualizer
0x00007fff5da70000 	/System/Library/PrivateFrameworks/FaceCore.framework/Versions/A/FaceCore
0x00007fff50442000 	/System/Library/Frameworks/OpenCL.framework/Versions/A/OpenCL
0x00007fff708a3000 	/usr/lib/libFosl_dynamic.dylib
0x00007fff67386000 	/System/Library/PrivateFrameworks/OTSVG.framework/Versions/A/OTSVG
0x00007fff4624c000 	/System/Library/Frameworks/ApplicationServices.framework/Versions/A/Frameworks/ATS.framework/Versions/A/Resources/libFontParser.dylib
0x00007fff46364000 	/System/Library/Frameworks/ApplicationServices.framework/Versions/A/Frameworks/ATS.framework/Versions/A/Resources/libFontRegistry.dylib
0x00007fff4a9c9000 	/System/Library/Frameworks/ImageIO.framework/Versions/A/Resources/libJPEG.dylib
0x00007fff4acdb000 	/System/Library/Frameworks/ImageIO.framework/Versions/A/Resources/libTIFF.dylib
0x00007fff4acb1000 	/System/Library/Frameworks/ImageIO.framework/Versions/A/Resources/libPng.dylib
0x00007fff4a8e7000 	/System/Library/Frameworks/ImageIO.framework/Versions/A/Resources/libGIF.dylib
0x00007fff4a8ec000 	/System/Library/Frameworks/ImageIO.framework/Versions/A/Resources/libJP2.dylib
0x00007fff4acd8000 	/System/Library/Frameworks/ImageIO.framework/Versions/A/Resources/libRadiance.dylib
0x00007fff57fcf000 	/System/Library/PrivateFrameworks/AppleJPEG.framework/Versions/A/AppleJPEG
0x00007fff50e1f000 	/System/Library/Frameworks/OpenGL.framework/Versions/A/Libraries/libGFXShared.dylib
0x00007fff50fe2000 	/System/Library/Frameworks/OpenGL.framework/Versions/A/Libraries/libGLU.dylib
0x00007fff50e28000 	/System/Library/Frameworks/OpenGL.framework/Versions/A/Libraries/libGL.dylib
0x00007fff50e34000 	/System/Library/Frameworks/OpenGL.framework/Versions/A/Libraries/libGLImage.dylib
0x00007fff50e11000 	/System/Library/Frameworks/OpenGL.framework/Versions/A/Libraries/libCVMSPluginSupport.dylib
0x00007fff50e1a000 	/System/Library/Frameworks/OpenGL.framework/Versions/A/Libraries/libCoreVMClient.dylib
0x00007fff716bd000 	/usr/lib/libcups.2.dylib
0x00007fff4be9b000 	/System/Library/Frameworks/Kerberos.framework/Versions/A/Kerberos
0x00007fff4a3ca000 	/System/Library/Frameworks/GSS.framework/Versions/A/GSS
0x00007fff72dd0000 	/usr/lib/libresolv.9.dylib
0x00007fff718af000 	/usr/lib/libiconv.2.dylib
0x00007fff63d66000 	/System/Library/PrivateFrameworks/Heimdal.framework/Versions/A/Heimdal
0x00007fff7187f000 	/usr/lib/libheimdal-asn1.dylib
0x00007fff504b6000 	/System/Library/Frameworks/OpenDirectory.framework/Versions/A/OpenDirectory
0x00007fff5a7f5000 	/System/Library/PrivateFrameworks/CommonAuth.framework/Versions/A/CommonAuth
0x00007fff5049a000 	/System/Library/Frameworks/OpenDirectory.framework/Versions/A/Frameworks/CFOpenDirectory.framework/Versions/A/CFOpenDirectory
0x00007fff53564000 	/System/Library/Frameworks/SecurityFoundation.framework/Versions/A/SecurityFoundation
0x00007fff56c68000 	/System/Library/PrivateFrameworks/APFS.framework/Versions/A/APFS
0x00007fff73231000 	/usr/lib/libutil.dylib
0x00007fff70f5a000 	/usr/lib/libcharset.1.dylib
0x00007fff5826c000 	/System/Library/PrivateFrameworks/AppleSauce.framework/Versions/A/AppleSauce
0x00007fff583ed000 	/System/Library/PrivateFrameworks/AssertionServices.framework/Versions/A/AssertionServices
0x00007fff58b1d000 	/System/Library/PrivateFrameworks/BaseBoard.framework/Versions/A/BaseBoard
0x00007fff71c80000 	/usr/lib/libmecab.1.0.0.dylib
0x00007fff71879000 	/usr/lib/libgermantok.dylib
0x00007fff70d28000 	/usr/lib/libThaiTokenizer.dylib
0x00007fff707d3000 	/usr/lib/libChineseTokenizer.dylib
0x00007fff65797000 	/System/Library/PrivateFrameworks/LanguageModeling.framework/Versions/A/LanguageModeling
0x00007fff5b4d7000 	/System/Library/PrivateFrameworks/CoreEmoji.framework/Versions/A/CoreEmoji
0x00007fff65873000 	/System/Library/PrivateFrameworks/Lexicon.framework/Versions/A/Lexicon
0x00007fff658b6000 	/System/Library/PrivateFrameworks/LinguisticData.framework/Versions/A/LinguisticData
0x00007fff70f5b000 	/usr/lib/libcmph.dylib
0x00007fff53622000 	/System/Library/Frameworks/ServiceManagement.framework/Versions/A/ServiceManagement
0x00007fff58a7e000 	/System/Library/PrivateFrameworks/BackgroundTaskManagement.framework/Versions/A/BackgroundTaskManagement
0x00007fff7332b000 	/usr/lib/libxslt.1.dylib
0x00007fff472ba000 	/System/Library/Frameworks/Carbon.framework/Versions/A/Frameworks/Ink.framework/Versions/A/Ink
0x00007fff6e862000 	/System/Library/PrivateFrameworks/TextureIO.framework/Versions/A/TextureIO
0x00007fff70d7c000 	/usr/lib/libate.dylib
0x00007fff5c7b9000 	/System/Library/PrivateFrameworks/CrashReporterSupport.framework/Versions/A/CrashReporterSupport
0x00007fff6bf9c000 	/System/Library/PrivateFrameworks/Sharing.framework/Versions/A/Sharing
0x00007fff587d0000 	/System/Library/PrivateFrameworks/AuthKit.framework/Versions/A/AuthKit
0x00007fff57d24000 	/System/Library/PrivateFrameworks/Apple80211.framework/Versions/A/Apple80211
0x00007fff5c561000 	/System/Library/PrivateFrameworks/CoreUtils.framework/Versions/A/CoreUtils
0x00007fff49afd000 	/System/Library/Frameworks/CoreWLAN.framework/Versions/A/CoreWLAN
0x00007fff4a4f9000 	/System/Library/Frameworks/IOBluetooth.framework/Versions/A/IOBluetooth
0x00007fff6a410000 	/System/Library/PrivateFrameworks/ProtocolBuffer.framework/Versions/A/ProtocolBuffer
0x00007fff66811000 	/System/Library/PrivateFrameworks/MobileKeyBag.framework/Versions/A/MobileKeyBag
0x00007fff5bda5000 	/System/Library/PrivateFrameworks/CorePhoneNumbers.framework/Versions/A/CorePhoneNumbers
0x00007fff57f83000 	/System/Library/PrivateFrameworks/AppleIDAuthSupport.framework/Versions/A/AppleIDAuthSupport
0x00007fff6576a000 	/System/Library/PrivateFrameworks/KeychainCircle.framework/Versions/A/KeychainCircle
0x00007fff6a5c6000 	/System/Library/PrivateFrameworks/ROCKit.framework/Versions/A/ROCKit
0x00007fff5c755000 	/System/Library/PrivateFrameworks/CoreWiFi.framework/Versions/A/CoreWiFi
0x00007fff47888000 	/System/Library/Frameworks/CoreBluetooth.framework/Versions/A/CoreBluetooth
0x00007fff5c9b0000 	/System/Library/PrivateFrameworks/DebugSymbols.framework/Versions/A/DebugSymbols
0x00007fff5c321000 	/System/Library/PrivateFrameworks/CoreSymbolication.framework/Versions/A/CoreSymbolication
0x00007fff6e07d000 	/System/Library/PrivateFrameworks/Symbolication.framework/Versions/A/Symbolication
0x00007fff6d920000 	/System/Library/PrivateFrameworks/SpeechRecognitionCore.framework/Versions/A/SpeechRecognitionCore
0x00000001050ef000 	/Library/Java/JavaVirtualMachines/jdk1.8.0_181.jdk/Contents/Home/jre/lib/server/libjvm.dylib
0x00007fff7310c000 	/usr/lib/libstdc++.6.dylib
0x00000001060a3000 	/Library/Java/JavaVirtualMachines/jdk1.8.0_181.jdk/Contents/Home/jre/lib/libverify.dylib
0x00000001060b1000 	/Library/Java/JavaVirtualMachines/jdk1.8.0_181.jdk/Contents/Home/jre/lib/libjava.dylib
0x00000001060e8000 	/Library/Java/JavaVirtualMachines/jdk1.8.0_181.jdk/Contents/Home/jre/lib/libjdwp.dylib
0x0000000106133000 	/Library/Java/JavaVirtualMachines/jdk1.8.0_181.jdk/Contents/Home/jre/lib/libnpt.dylib
0x0000000106151000 	/Library/Java/JavaVirtualMachines/jdk1.8.0_181.jdk/Contents/Home/jre/lib/libinstrument.dylib
0x00000001061ee000 	/Library/Java/JavaVirtualMachines/jdk1.8.0_181.jdk/Contents/Home/jre/lib/libzip.dylib
0x000000010d377000 	/Library/Java/JavaVirtualMachines/jdk1.8.0_181.jdk/Contents/Home/jre/lib/libdt_socket.dylib

VM Arguments:
jvm_args: -agentlib:jdwp=transport=dt_socket,address=127.0.0.1:57656,suspend=y,server=n -javaagent:/Users/ojasvi/Library/Caches/IntelliJIdea2018.2/captureAgent/debugger-agent.jar=file:/private/var/folders/p1/zwbpl48s77d45zmbvjkg577w0000gn/T/capture.props -Dfile.encoding=UTF-8 
java_command: test.Test1
java_class_path (initial): /Library/Java/JavaVirtualMachines/jdk1.8.0_181.jdk/Contents/Home/jre/lib/charsets.jar:/Library/Java/JavaVirtualMachines/jdk1.8.0_181.jdk/Contents/Home/jre/lib/deploy.jar:/Library/Java/JavaVirtualMachines/jdk1.8.0_181.jdk/Contents/Home/jre/lib/ext/cldrdata.jar:/Library/Java/JavaVirtualMachines/jdk1.8.0_181.jdk/Contents/Home/jre/lib/ext/dnsns.jar:/Library/Java/JavaVirtualMachines/jdk1.8.0_181.jdk/Contents/Home/jre/lib/ext/jaccess.jar:/Library/Java/JavaVirtualMachines/jdk1.8.0_181.jdk/Contents/Home/jre/lib/ext/jfxrt.jar:/Library/Java/JavaVirtualMachines/jdk1.8.0_181.jdk/Contents/Home/jre/lib/ext/localedata.jar:/Library/Java/JavaVirtualMachines/jdk1.8.0_181.jdk/Contents/Home/jre/lib/ext/nashorn.jar:/Library/Java/JavaVirtualMachines/jdk1.8.0_181.jdk/Contents/Home/jre/lib/ext/sunec.jar:/Library/Java/JavaVirtualMachines/jdk1.8.0_181.jdk/Contents/Home/jre/lib/ext/sunjce_provider.jar:/Library/Java/JavaVirtualMachines/jdk1.8.0_181.jdk/Contents/Home/jre/lib/ext/sunpkcs11.jar:/Library/Java/JavaVirtualMachines/jdk1.8.0_181.jdk/Contents/Home/jre/lib/ext/zipfs.jar:/Library/Java/JavaVirtualMachines/jdk1.8.0_181.jdk/Contents/Home/jre/lib/javaws.jar:/Library/Java/JavaVirtualMachines/jdk1.8.0_181.jdk/Contents/Home/jre/lib/jce.jar:/Library/Java/JavaVirtualMachines/jdk1.8.0_181.jdk/Contents/Home/jre/lib/jfr.jar:/Library/Java/JavaVirtualMachines/jdk1.8.0_181.jdk/Contents/Home/jre/lib/jfxswt.jar:/Library/Java/JavaVirtualMachines/jdk1.8.0_181.jdk/Contents/Home/jre/lib/jsse.jar:/Library/Java/JavaVirtualMachines/jdk1.8.0_181.jdk/Contents/Home/jre/lib/management-agent.jar:/Library/Java/JavaVirtualMachines/jdk1.8.0_181.jdk/Contents/Home/jre/lib/plugin.jar:/Library/Java/JavaVirtualMachines/jdk1.8.0_181.jdk/Contents/Home/jre/lib/resources.jar:/Library/Java/JavaVirtualMachines/jdk1.8.0_181.jdk/Contents/Home/jre/lib/rt.jar:/Library/Java/JavaVirtualMachines/jdk1.8.0_181.jdk/Contents/Home/lib/ant-javafx.jar:/Library/Java/JavaVirtualMachines/jdk1.8.0_181.jdk/Contents/Home
Launcher Type: SUN_STANDARD

Environment Variables:
PATH=/usr/local/bin:/usr/bin:/bin:/usr/sbin:/sbin:/opt/X11/bin
SHELL=/bin/bash
DISPLAY=/private/tmp/com.apple.launchd.KlZ3rEZ1U9/org.macosforge.xquartz:0

Signal Handlers:
SIGSEGV: [libjvm.dylib+0x5b6029], sa_mask[0]=11111111011111110111111111111111, sa_flags=SA_ONSTACK|SA_RESTART|SA_SIGINFO
SIGBUS: [libjvm.dylib+0x5b6029], sa_mask[0]=11111111011111110111111111111111, sa_flags=SA_RESTART|SA_SIGINFO
SIGFPE: [libjvm.dylib+0x48b934], sa_mask[0]=11111111011111110111111111111111, sa_flags=SA_RESTART|SA_SIGINFO
SIGPIPE: [libjvm.dylib+0x48b934], sa_mask[0]=11111111011111110111111111111111, sa_flags=SA_RESTART|SA_SIGINFO
SIGXFSZ: [libjvm.dylib+0x48b934], sa_mask[0]=11111111011111110111111111111111, sa_flags=SA_RESTART|SA_SIGINFO
SIGILL: [libjvm.dylib+0x48b934], sa_mask[0]=11111111011111110111111111111111, sa_flags=SA_RESTART|SA_SIGINFO
SIGUSR1: SIG_DFL, sa_mask[0]=00000000000000000000000000000000, sa_flags=none
SIGUSR2: [libjvm.dylib+0x48b452], sa_mask[0]=00100000000000000000000000000000, sa_flags=SA_RESTART|SA_SIGINFO
SIGHUP: [libjvm.dylib+0x489a1d], sa_mask[0]=11111111011111110111111111111111, sa_flags=SA_RESTART|SA_SIGINFO
SIGINT: [libjvm.dylib+0x489a1d], sa_mask[0]=11111111011111110111111111111111, sa_flags=SA_RESTART|SA_SIGINFO
SIGTERM: [libjvm.dylib+0x489a1d], sa_mask[0]=11111111011111110111111111111111, sa_flags=SA_RESTART|SA_SIGINFO
SIGQUIT: [libjvm.dylib+0x489a1d], sa_mask[0]=11111111011111110111111111111111, sa_flags=SA_RESTART|SA_SIGINFO


---------------  S Y S T E M  ---------------

OS:Bsduname:Darwin 18.7.0 Darwin Kernel Version 18.7.0: Sun Dec  1 18:59:03 PST 2019; root:xnu-4903.278.19~1/RELEASE_X86_64 x86_64
rlimit: STACK 8192k, CORE 0k, NPROC 709, NOFILE 10240, AS infinity
load average:5.85 6.27 5.85

CPU:total 4 (initial active 4) (2 cores per cpu, 2 threads per core) family 6 model 142 stepping 9, cmov, cx8, fxsr, mmx, sse, sse2, sse3, ssse3, sse4.1, sse4.2, popcnt, avx, avx2, aes, clmul, erms, rtm, 3dnowpref, lzcnt, ht, tsc, tscinvbit, bmi1, bmi2, adx

Memory: 4k page, physical 8388608k(181412k free)

/proc/meminfo:


vm_info: Java HotSpot(TM) 64-Bit Server VM (25.181-b13) for bsd-amd64 JRE (1.8.0_181-b13), built on Jul  7 2018 01:02:31 by "java_re" with gcc 4.2.1 (Based on Apple Inc. build 5658) (LLVM build 2336.11.00)

time: Sat Feb  8 15:30:55 2020
elapsed time: 431 seconds (0d 0h 7m 11s)

