#
# A fatal error has been detected by the Java Runtime Environment:
#
#  SIGSEGV (0xb) at pc=0x000000010c104d66, pid=62511, tid=0x0000000000005003
#
# JRE version: Java(TM) SE Runtime Environment (8.0_181-b13) (build 1.8.0_181-b13)
# Java VM: Java HotSpot(TM) 64-Bit Server VM (25.181-b13 mixed mode bsd-amd64 compressed oops)
# Problematic frame:
# V  [libjvm.dylib+0x504d66]
#
# Failed to write core dump. Core dumps have been disabled. To enable core dumping, try "ulimit -c unlimited" before starting Java again
#
# If you would like to submit a bug report, please visit:
#   http://bugreport.java.com/bugreport/crash.jsp
#

---------------  T H R E A D  ---------------

Current thread (0x00007f8518807800):  VMThread [stack: 0x0000700002611000,0x0000700002711000] [id=20483]

siginfo: si_signo: 11 (SIGSEGV), si_code: 1 (SEGV_MAPERR), si_addr: 0x0000000000000008

Registers:
RAX=0x0000000000000000, RBX=0x00007000027100c8, RCX=0x0000000000000000, RDX=0x0000000000000000
RSP=0x000070000270ff60, RBP=0x0000700002710070, RSI=0x0000000000000028, RDI=0x00007000027100c8
R8 =0x00000000000010d1, R9 =0x0000000042000000, R10=0x00007f8518700000, R11=0xffffffffffffffd0
R12=0x00007000027100c8, R13=0x0000000111eb5218, R14=0x0000000000000001, R15=0x00007000027106f8
RIP=0x000000010c104d66, EFLAGS=0x0000000000010206, ERR=0x0000000000000004
  TRAPNO=0x000000000000000e

Top of Stack: (sp=0x000070000270ff60)
0x000070000270ff60:   000070000270ff90 000000010c104b2b
0x000070000270ff70:   00007f851a2c60e0 000070000270ffe8
0x000070000270ff80:   000070000270ffb0 000000010c104beb
0x000070000270ff90:   000070000270ffd0 000070000270ffe8
0x000070000270ffa0:   0000000000000001 000070000270ffe8
0x000070000270ffb0:   0000700047000000 000000014fffffff
0x000070000270ffc0:   0000000000000000 0000700002710014
0x000070000270ffd0:   0000700002710450 000000010be88c5f
0x000070000270ffe0:   00000000ffffff01 000000010c42a1c0
0x000070000270fff0:   00007f8518721380 0000000000000020
0x0000700002710000:   000000000000000e 0000700002710018
0x0000700002710010:   00007f8500000002 4fffffff4fffffff
0x0000700002710020:   000000002fffffff 0000000000000000
0x0000700002710030:   0000000000000000 0000000000000000
0x0000700002710040:   0000700002710070 000000010c104b74
0x0000700002710050:   0000700002710090 00007000027100c8
0x0000700002710060:   0000700002710090 00007000027100c8
0x0000700002710070:   00007000027100b0 000000010c104e66
0x0000700002710080:   0000000000000001 00000000000010d1
0x0000700002710090:   00007000027100c8 0000000111eb5218
0x00007000027100a0:   0000000000000001 00007000027106f8
0x00007000027100b0:   0000700002710530 000000010be88b69
0x00007000027100c0:   00007000027100f0 000000010c42a1c0
0x00007000027100d0:   0000000000000000 0000000000000000
0x00007000027100e0:   000070000000000c 0000700002710500
0x00007000027100f0:   0000700000000000 4fffffff4fffffff
0x0000700002710100:   000000004fffffff 0000700002710148
0x0000700002710110:   0000700046001117 0000000000000000
0x0000700002710120:   00007f8518402250 00007f8518572370
0x0000700002710130:   0000700002710170 000000010c084b52
0x0000700002710140:   00007f8518402258 0000000000000000
0x0000700002710150:   000000004fffffff 0000000111eb2cf8 

Instructions: (pc=0x000000010c104d66)
0x000000010c104d46:   df 48 83 c4 08 5b 5d e9 7c ff ff ff 55 48 89 e5
0x000000010c104d56:   53 48 81 ec 08 01 00 00 48 63 47 10 48 8b 4f 08
0x000000010c104d66:   40 38 74 01 08 48 89 fb 74 39 40 0f be d6 48 8d
0x000000010c104d76:   bd f0 fe ff ff 48 8d 35 4f 7a 11 00 30 c0 e8 1f 

Register to memory mapping:

RAX=0x0000000000000000 is an unknown value
RBX=0x00007000027100c8 is an unknown value
RCX=0x0000000000000000 is an unknown value
RDX=0x0000000000000000 is an unknown value
RSP=0x000070000270ff60 is an unknown value
RBP=0x0000700002710070 is an unknown value
RSI=0x0000000000000028 is an unknown value
RDI=0x00007000027100c8 is an unknown value
R8 =0x00000000000010d1 is an unknown value
R9 =0x0000000042000000 is an unknown value
R10=0x00007f8518700000 is an unknown value
R11=0xffffffffffffffd0 is an unknown value
R12=0x00007000027100c8 is an unknown value
R13={method} {0x0000000111eb5218} 'delayedEndpoint$evaluation$VectorScalarMulti1$1' '()V' in 'evaluation/VectorScalarMulti1$'
R14=0x0000000000000001 is an unknown value
R15=0x00007000027106f8 is an unknown value


Stack: [0x0000700002611000,0x0000700002711000],  sp=0x000070000270ff60,  free space=1019k
Native frames: (J=compiled Java code, j=interpreted, Vv=VM code, C=native code)
V  [libjvm.dylib+0x504d66]
V  [libjvm.dylib+0x504e66]
V  [libjvm.dylib+0x288b69]
V  [libjvm.dylib+0x28a7ec]
V  [libjvm.dylib+0x28aa3b]
V  [libjvm.dylib+0x28afd2]
V  [libjvm.dylib+0x28b3eb]
V  [libjvm.dylib+0x485331]
V  [libjvm.dylib+0x48553a]
V  [libjvm.dylib+0x48571b]
V  [libjvm.dylib+0x4859d2]
V  [libjvm.dylib+0x2c2b04]
V  [libjvm.dylib+0x45306d]
V  [libjvm.dylib+0x39afbf]
V  [libjvm.dylib+0x5bd499]
V  [libjvm.dylib+0x5bba31]
V  [libjvm.dylib+0x5bbe7e]
V  [libjvm.dylib+0x5bb79d]
V  [libjvm.dylib+0x48e342]
C  [libsystem_pthread.dylib+0x32eb]  _pthread_body+0x7e
C  [libsystem_pthread.dylib+0x6249]  _pthread_start+0x42
C  [libsystem_pthread.dylib+0x240d]  thread_start+0xd

VM_Operation (0x0000700002b1c978): GetOrSetLocal, mode: safepoint, requested by thread 0x00007f851a015800


---------------  P R O C E S S  ---------------

Java Threads: ( => current thread )
  0x00007f8518861000 JavaThread "Service Thread" daemon [_thread_blocked, id=16899, stack(0x000070000302f000,0x000070000312f000)]
  0x00007f8519081800 JavaThread "C1 CompilerThread2" daemon [_thread_blocked, id=17411, stack(0x0000700002f2c000,0x000070000302c000)]
  0x00007f8518842000 JavaThread "C2 CompilerThread1" daemon [_thread_blocked, id=17923, stack(0x0000700002e29000,0x0000700002f29000)]
  0x00007f8519859800 JavaThread "C2 CompilerThread0" daemon [_thread_blocked, id=18179, stack(0x0000700002d26000,0x0000700002e26000)]
  0x00007f8519828800 JavaThread "JDWP Command Reader" daemon [_thread_in_native, id=18435, stack(0x0000700002c23000,0x0000700002d23000)]
  0x00007f8519827800 JavaThread "JDWP Event Helper Thread" daemon [_thread_blocked, id=14339, stack(0x0000700002b20000,0x0000700002c20000)]
  0x00007f851a015800 JavaThread "JDWP Transport Listener: dt_socket" daemon [_thread_blocked, id=14087, stack(0x0000700002a1d000,0x0000700002b1d000)]
  0x00007f851882a800 JavaThread "Signal Dispatcher" daemon [_thread_blocked, id=13571, stack(0x000070000291a000,0x0000700002a1a000)]
  0x00007f8519806000 JavaThread "Finalizer" daemon [_thread_blocked, id=11267, stack(0x0000700002817000,0x0000700002917000)]
  0x00007f8519024000 JavaThread "Reference Handler" daemon [_thread_blocked, id=19971, stack(0x0000700002714000,0x0000700002814000)]
  0x00007f8518806000 JavaThread "main" [_thread_blocked, id=9731, stack(0x0000700002102000,0x0000700002202000)]

Other Threads:
=>0x00007f8518807800 VMThread [stack: 0x0000700002611000,0x0000700002711000] [id=20483]
  0x00007f8518841800 WatcherThread [stack: 0x0000700003132000,0x0000700003232000] [id=16387]

VM state:at safepoint (normal execution)

VM Mutex/Monitor currently owned by a thread:  ([mutex/lock_event])
[0x00007f851850f810] Threads_lock - owner thread: 0x00007f8518807800

Heap:
 PSYoungGen      total 38400K, used 24933K [0x0000000795580000, 0x0000000798000000, 0x00000007c0000000)
  eden space 33280K, 74% used [0x0000000795580000,0x0000000796dd9470,0x0000000797600000)
  from space 5120K, 0% used [0x0000000797b00000,0x0000000797b00000,0x0000000798000000)
  to   space 5120K, 0% used [0x0000000797600000,0x0000000797600000,0x0000000797b00000)
 ParOldGen       total 87552K, used 0K [0x0000000740000000, 0x0000000745580000, 0x0000000795580000)
  object space 87552K, 0% used [0x0000000740000000,0x0000000740000000,0x0000000745580000)
 Metaspace       used 7205K, capacity 7784K, committed 8064K, reserved 1056768K
  class space    used 794K, capacity 864K, committed 896K, reserved 1048576K

Card table byte_map: [0x000000010cf74000,0x000000010d375000] byte_map_base: 0x0000000109574000

Marking Bits: (ParMarkBitMap*) 0x000000010c4f9cd0
 Begin Bits: [0x000000010d620000, 0x000000010f620000)
 End Bits:   [0x000000010f620000, 0x0000000111620000)

Polling page: 0x000000010b245000

CodeCache: size=245760Kb used=3337Kb max_used=3386Kb free=242422Kb
 bounds [0x000000011594d000, 0x0000000115cad000, 0x000000012494d000]
 total_blobs=843 nmethods=567 adapters=198
 compilation: enabled

Compilation events (10 events):
Event: 88.985 Thread 0x00007f8519081800 nmethod 572 0x0000000115a5c790 code [0x0000000115a5c920, 0x0000000115a5ccc8]
Event: 88.985 Thread 0x00007f8519081800  573       3       scala.collection.StrictOptimizedLinearSeqOps$$anon$1::<init> (15 bytes)
Event: 88.985 Thread 0x00007f8519081800 nmethod 573 0x0000000115a51d10 code [0x0000000115a51ea0, 0x0000000115a521a8]
Event: 88.985 Thread 0x00007f8519081800  574       3       scala.collection.AbstractIterable::toIterable (5 bytes)
Event: 88.985 Thread 0x00007f8519081800 nmethod 574 0x0000000115c98150 code [0x0000000115c982c0, 0x0000000115c984d0]
Event: 88.985 Thread 0x00007f8519081800  575       3       scala.collection.Iterable::toIterable$ (5 bytes)
Event: 88.985 Thread 0x00007f8519081800 nmethod 575 0x0000000115a6be90 code [0x0000000115a6c000, 0x0000000115a6c190]
Event: 88.985 Thread 0x00007f8519081800  576       3       scala.collection.Iterable::toIterable (2 bytes)
Event: 88.985 Thread 0x00007f8519081800 nmethod 576 0x0000000115a5c250 code [0x0000000115a5c3a0, 0x0000000115a5c4f0]
Event: 88.990 Thread 0x00007f8519859800 nmethod 577 0x0000000115a510d0 code [0x0000000115a51240, 0x0000000115a517d8]

GC Heap History (0 events):
No events

Deoptimization events (1 events):
Event: 0.680 Thread 0x00007f8518806000 Uncommon trap: reason=unstable_if action=reinterpret pc=0x0000000115ad79d4 method=java.lang.String.indexOf([CII[CIII)I @ 123

Classes redefined (9 events):
Event: 88.496 Thread 0x00007f8518807800 redefined class name=evaluation.VectorScalarMulti1, count=1
Event: 88.505 Thread 0x00007f8518807800 redefined class name=evaluation.VectorScalarMulti1$delayedInit$body, count=1
Event: 88.514 Thread 0x00007f8518807800 redefined class name=evaluation.VectorScalarMulti1$, count=1
Event: 136.217 Thread 0x00007f8518807800 redefined class name=evaluation.VectorScalarMulti1, count=2
Event: 136.229 Thread 0x00007f8518807800 redefined class name=evaluation.VectorScalarMulti1$delayedInit$body, count=2
Event: 136.238 Thread 0x00007f8518807800 redefined class name=evaluation.VectorScalarMulti1$, count=2
Event: 179.432 Thread 0x00007f8518807800 redefined class name=evaluation.VectorScalarMulti1, count=3
Event: 179.440 Thread 0x00007f8518807800 redefined class name=evaluation.VectorScalarMulti1$delayedInit$body, count=3
Event: 179.448 Thread 0x00007f8518807800 redefined class name=evaluation.VectorScalarMulti1$, count=3

Internal exceptions (5 events):
Event: 0.034 Thread 0x00007f8518806000 Exception <a 'java/lang/NoSuchMethodError': Method sun.misc.Unsafe.defineClass(Ljava/lang/String;[BII)Ljava/lang/Class; name or signature does not match> (0x0000000795587cb0) thrown at [/Users/java_re/workspace/8-2-build-macosx-x86_64/jdk8u181/11358/hotsp
Event: 0.034 Thread 0x00007f8518806000 Exception <a 'java/lang/NoSuchMethodError': Method sun.misc.Unsafe.prefetchRead(Ljava/lang/Object;J)V name or signature does not match> (0x0000000795587f98) thrown at [/Users/java_re/workspace/8-2-build-macosx-x86_64/jdk8u181/11358/hotspot/src/share/vm/pr
Event: 0.727 Thread 0x00007f8518806000 Exception <a 'java/lang/NoSuchFieldError': method resolution failed> (0x0000000796290c98) thrown at [/Users/java_re/workspace/8-2-build-macosx-x86_64/jdk8u181/11358/hotspot/src/share/vm/prims/methodHandles.cpp, line 1167]
Event: 0.729 Thread 0x00007f8518806000 Exception <a 'java/lang/NoSuchFieldError': method resolution failed> (0x000000079629e8b8) thrown at [/Users/java_re/workspace/8-2-build-macosx-x86_64/jdk8u181/11358/hotspot/src/share/vm/prims/methodHandles.cpp, line 1167]
Event: 0.736 Thread 0x00007f8518806000 Exception <a 'java/lang/NoSuchMethodError': java.lang.Object.$anonfun$main$1$adapted(Lscala/Function0;)Ljava/lang/Object;> (0x00000007962c6468) thrown at [/Users/java_re/workspace/8-2-build-macosx-x86_64/jdk8u181/11358/hotspot/src/share/vm/interpreter/lin

Events (10 events):
Event: 137.767 Executing VM operation: ForceSafepoint done
Event: 137.771 Executing VM operation: ForceSafepoint
Event: 137.771 Executing VM operation: ForceSafepoint done
Event: 137.771 Executing VM operation: ForceSafepoint
Event: 137.771 Executing VM operation: ForceSafepoint done
Event: 179.416 Executing VM operation: ChangeBreakpoints
Event: 179.416 Executing VM operation: ChangeBreakpoints done
Event: 179.421 Executing VM operation: RedefineClasses
Event: 179.448 Executing VM operation: RedefineClasses done
Event: 179.449 Executing VM operation: GetOrSetLocal


Dynamic libraries:
0x00007fff3e823000 	/System/Library/Frameworks/Cocoa.framework/Versions/A/Cocoa
0x00007fff4a5d1000 	/System/Library/Frameworks/Security.framework/Versions/A/Security
0x00007fff3d4b5000 	/System/Library/Frameworks/ApplicationServices.framework/Versions/A/ApplicationServices
0x00007fff6a6c2000 	/usr/lib/libz.1.dylib
0x00007fff68019000 	/usr/lib/libSystem.B.dylib
0x00007fff69852000 	/usr/lib/libobjc.A.dylib
0x00007fff3f098000 	/System/Library/Frameworks/CoreFoundation.framework/Versions/A/CoreFoundation
0x00007fff4131c000 	/System/Library/Frameworks/Foundation.framework/Versions/C/Foundation
0x00007fff3c6ae000 	/System/Library/Frameworks/AppKit.framework/Versions/C/AppKit
0x00007fff3ec21000 	/System/Library/Frameworks/CoreData.framework/Versions/A/CoreData
0x00007fff61ade000 	/System/Library/PrivateFrameworks/RemoteViewServices.framework/Versions/A/RemoteViewServices
0x00007fff65d55000 	/System/Library/PrivateFrameworks/UIFoundation.framework/Versions/A/UIFoundation
0x00007fff6743a000 	/System/Library/PrivateFrameworks/XCTTargetBootstrap.framework/Versions/A/XCTTargetBootstrap
0x00007fff3efa7000 	/System/Library/Frameworks/CoreDisplay.framework/Versions/A/CoreDisplay
0x00007fff5c818000 	/System/Library/PrivateFrameworks/IconServices.framework/Versions/A/IconServices
0x00007fff43c3e000 	/System/Library/Frameworks/Metal.framework/Versions/A/Metal
0x00007fff53d5c000 	/System/Library/PrivateFrameworks/DesktopServicesPriv.framework/Versions/A/DesktopServicesPriv
0x00007fff68bb5000 	/usr/lib/libenergytrace.dylib
0x00007fff6423c000 	/System/Library/PrivateFrameworks/SkyLight.framework/Versions/A/SkyLight
0x00007fff3f4df000 	/System/Library/Frameworks/CoreGraphics.framework/Versions/A/CoreGraphics
0x00007fff3b47a000 	/System/Library/Frameworks/Accelerate.framework/Versions/A/Accelerate
0x00007fff41a65000 	/System/Library/Frameworks/IOSurface.framework/Versions/A/IOSurface
0x00007fff53bc8000 	/System/Library/PrivateFrameworks/DFRFoundation.framework/Versions/A/DFRFoundation
0x00007fff3d998000 	/System/Library/Frameworks/AudioToolbox.framework/Versions/A/AudioToolbox
0x00007fff3dc11000 	/System/Library/Frameworks/AudioUnit.framework/Versions/A/AudioUnit
0x00007fff53c5d000 	/System/Library/PrivateFrameworks/DataDetectorsCore.framework/Versions/A/DataDetectorsCore
0x00007fff3e326000 	/System/Library/Frameworks/Carbon.framework/Versions/A/Frameworks/HIToolbox.framework/Versions/A/HIToolbox
0x00007fff68d0e000 	/usr/lib/libicucore.A.dylib
0x00007fff49b44000 	/System/Library/Frameworks/QuartzCore.framework/Versions/A/QuartzCore
0x00007fff3e6fb000 	/System/Library/Frameworks/Carbon.framework/Versions/A/Frameworks/SpeechRecognition.framework/Versions/A/SpeechRecognition
0x00007fff6816d000 	/usr/lib/libauto.dylib
0x00007fff6a5b5000 	/usr/lib/libxml2.2.dylib
0x00007fff537a3000 	/System/Library/PrivateFrameworks/CoreUI.framework/Versions/A/CoreUI
0x00007fff3eb0c000 	/System/Library/Frameworks/CoreAudio.framework/Versions/A/CoreAudio
0x00007fff41151000 	/System/Library/Frameworks/DiskArbitration.framework/Versions/A/DiskArbitration
0x00007fff68fbc000 	/usr/lib/liblangid.dylib
0x00007fff5dc23000 	/System/Library/PrivateFrameworks/MultitouchSupport.framework/Versions/A/MultitouchSupport
0x00007fff419d4000 	/System/Library/Frameworks/IOKit.framework/Versions/A/IOKit
0x00007fff67bd9000 	/usr/lib/libDiagnosticMessagesClient.dylib
0x00007fff402ef000 	/System/Library/Frameworks/CoreServices.framework/Versions/A/CoreServices
0x00007fff5f8dd000 	/System/Library/PrivateFrameworks/PerformanceAnalysis.framework/Versions/A/PerformanceAnalysis
0x00007fff48d2b000 	/System/Library/Frameworks/OpenGL.framework/Versions/A/OpenGL
0x00007fff3e831000 	/System/Library/Frameworks/ColorSync.framework/Versions/A/ColorSync
0x00007fff3fb71000 	/System/Library/Frameworks/CoreImage.framework/Versions/A/CoreImage
0x00007fff40cc7000 	/System/Library/Frameworks/CoreText.framework/Versions/A/CoreText
0x00007fff41ac8000 	/System/Library/Frameworks/ImageIO.framework/Versions/A/ImageIO
0x00007fff4fdf5000 	/System/Library/PrivateFrameworks/Backup.framework/Versions/A/Backup
0x00007fff680c0000 	/usr/lib/libarchive.2.dylib
0x00007fff3df6a000 	/System/Library/Frameworks/CFNetwork.framework/Versions/A/CFNetwork
0x00007fff4ad2d000 	/System/Library/Frameworks/SystemConfiguration.framework/Versions/A/SystemConfiguration
0x00007fff67b0a000 	/usr/lib/libCRFSuite.dylib
0x00007fff6825e000 	/usr/lib/libc++.1.dylib
0x00007fff682b2000 	/usr/lib/libc++abi.dylib
0x00007fff6aeb8000 	/usr/lib/system/libcache.dylib
0x00007fff6aebd000 	/usr/lib/system/libcommonCrypto.dylib
0x00007fff6aec8000 	/usr/lib/system/libcompiler_rt.dylib
0x00007fff6aed0000 	/usr/lib/system/libcopyfile.dylib
0x00007fff6aeda000 	/usr/lib/system/libcorecrypto.dylib
0x00007fff6afe5000 	/usr/lib/system/libdispatch.dylib
0x00007fff6b01f000 	/usr/lib/system/libdyld.dylib
0x00007fff6b04c000 	/usr/lib/system/libkeymgr.dylib
0x00007fff6b05a000 	/usr/lib/system/liblaunch.dylib
0x00007fff6b05b000 	/usr/lib/system/libmacho.dylib
0x00007fff6b061000 	/usr/lib/system/libquarantine.dylib
0x00007fff6b064000 	/usr/lib/system/libremovefile.dylib
0x00007fff6b066000 	/usr/lib/system/libsystem_asl.dylib
0x00007fff6b07e000 	/usr/lib/system/libsystem_blocks.dylib
0x00007fff6b07f000 	/usr/lib/system/libsystem_c.dylib
0x00007fff6b107000 	/usr/lib/system/libsystem_configuration.dylib
0x00007fff6b10b000 	/usr/lib/system/libsystem_coreservices.dylib
0x00007fff6b10f000 	/usr/lib/system/libsystem_darwin.dylib
0x00007fff6b116000 	/usr/lib/system/libsystem_dnssd.dylib
0x00007fff6b11d000 	/usr/lib/system/libsystem_info.dylib
0x00007fff6b192000 	/usr/lib/system/libsystem_m.dylib
0x00007fff6b1de000 	/usr/lib/system/libsystem_malloc.dylib
0x00007fff6b209000 	/usr/lib/system/libsystem_networkextension.dylib
0x00007fff6b214000 	/usr/lib/system/libsystem_notify.dylib
0x00007fff6b231000 	/usr/lib/system/libsystem_sandbox.dylib
0x00007fff6b235000 	/usr/lib/system/libsystem_secinit.dylib
0x00007fff6b169000 	/usr/lib/system/libsystem_kernel.dylib
0x00007fff6b21c000 	/usr/lib/system/libsystem_platform.dylib
0x00007fff6b226000 	/usr/lib/system/libsystem_pthread.dylib
0x00007fff6b238000 	/usr/lib/system/libsystem_symptoms.dylib
0x00007fff6b240000 	/usr/lib/system/libsystem_trace.dylib
0x00007fff6b257000 	/usr/lib/system/libunwind.dylib
0x00007fff6b25d000 	/usr/lib/system/libxpc.dylib
0x00007fff6823f000 	/usr/lib/libbsm.0.dylib
0x00007fff6b04d000 	/usr/lib/system/libkxld.dylib
0x00007fff4f1e6000 	/System/Library/PrivateFrameworks/AppleFSCompression.framework/Versions/A/AppleFSCompression
0x00007fff67ed9000 	/usr/lib/libOpenScriptingUtil.dylib
0x00007fff68567000 	/usr/lib/libcoretls.dylib
0x00007fff6857e000 	/usr/lib/libcoretls_cfhelpers.dylib
0x00007fff69fe9000 	/usr/lib/libpam.2.dylib
0x00007fff6a1a9000 	/usr/lib/libsqlite3.dylib
0x00007fff6a5a3000 	/usr/lib/libxar.1.dylib
0x00007fff68250000 	/usr/lib/libbz2.1.0.dylib
0x00007fff68fbe000 	/usr/lib/liblzma.5.dylib
0x00007fff6946f000 	/usr/lib/libnetwork.dylib
0x00007fff680a9000 	/usr/lib/libapple_nghttp2.dylib
0x00007fff69ff0000 	/usr/lib/libpcap.A.dylib
0x00007fff4068e000 	/System/Library/Frameworks/CoreServices.framework/Versions/A/Frameworks/FSEvents.framework/Versions/A/FSEvents
0x00007fff4036d000 	/System/Library/Frameworks/CoreServices.framework/Versions/A/Frameworks/CarbonCore.framework/Versions/A/CarbonCore
0x00007fff40849000 	/System/Library/Frameworks/CoreServices.framework/Versions/A/Frameworks/Metadata.framework/Versions/A/Metadata
0x00007fff408e8000 	/System/Library/Frameworks/CoreServices.framework/Versions/A/Frameworks/OSServices.framework/Versions/A/OSServices
0x00007fff40933000 	/System/Library/Frameworks/CoreServices.framework/Versions/A/Frameworks/SearchKit.framework/Versions/A/SearchKit
0x00007fff402f0000 	/System/Library/Frameworks/CoreServices.framework/Versions/A/Frameworks/AE.framework/Versions/A/AE
0x00007fff40697000 	/System/Library/Frameworks/CoreServices.framework/Versions/A/Frameworks/LaunchServices.framework/Versions/A/LaunchServices
0x00007fff40645000 	/System/Library/Frameworks/CoreServices.framework/Versions/A/Frameworks/DictionaryServices.framework/Versions/A/DictionaryServices
0x00007fff4099b000 	/System/Library/Frameworks/CoreServices.framework/Versions/A/Frameworks/SharedFileList.framework/Versions/A/SharedFileList
0x00007fff44d06000 	/System/Library/Frameworks/NetFS.framework/Versions/A/NetFS
0x00007fff5de89000 	/System/Library/PrivateFrameworks/NetAuth.framework/Versions/A/NetAuth
0x00007fff6783e000 	/System/Library/PrivateFrameworks/login.framework/Versions/A/Frameworks/loginsupport.framework/Versions/A/loginsupport
0x00007fff6595e000 	/System/Library/PrivateFrameworks/TCC.framework/Versions/A/TCC
0x00007fff52e00000 	/System/Library/PrivateFrameworks/CoreNLP.framework/Versions/A/CoreNLP
0x00007fff5d91e000 	/System/Library/PrivateFrameworks/MetadataUtilities.framework/Versions/A/MetadataUtilities
0x00007fff69093000 	/usr/lib/libmecabra.dylib
0x00007fff3d4b6000 	/System/Library/Frameworks/ApplicationServices.framework/Versions/A/Frameworks/ATS.framework/Versions/A/ATS
0x00007fff3d805000 	/System/Library/Frameworks/ApplicationServices.framework/Versions/A/Frameworks/ColorSyncLegacy.framework/Versions/A/ColorSyncLegacy
0x00007fff3d8a4000 	/System/Library/Frameworks/ApplicationServices.framework/Versions/A/Frameworks/HIServices.framework/Versions/A/HIServices
0x00007fff3d8f7000 	/System/Library/Frameworks/ApplicationServices.framework/Versions/A/Frameworks/LangAnalysis.framework/Versions/A/LangAnalysis
0x00007fff3d907000 	/System/Library/Frameworks/ApplicationServices.framework/Versions/A/Frameworks/PrintCore.framework/Versions/A/PrintCore
0x00007fff3d951000 	/System/Library/Frameworks/ApplicationServices.framework/Versions/A/Frameworks/QD.framework/Versions/A/QD
0x00007fff3d98b000 	/System/Library/Frameworks/ApplicationServices.framework/Versions/A/Frameworks/SpeechSynthesis.framework/Versions/A/SpeechSynthesis
0x00007fff682da000 	/usr/lib/libcompression.dylib
0x00007fff43f0e000 	/System/Library/Frameworks/MetalPerformanceShaders.framework/Versions/A/MetalPerformanceShaders
0x00007fff3b492000 	/System/Library/Frameworks/Accelerate.framework/Versions/A/Frameworks/vImage.framework/Versions/A/vImage
0x00007fff3c50c000 	/System/Library/Frameworks/Accelerate.framework/Versions/A/Frameworks/vecLib.framework/Versions/A/vecLib
0x00007fff3c458000 	/System/Library/Frameworks/Accelerate.framework/Versions/A/Frameworks/vecLib.framework/Versions/A/libvMisc.dylib
0x00007fff3c270000 	/System/Library/Frameworks/Accelerate.framework/Versions/A/Frameworks/vecLib.framework/Versions/A/libvDSP.dylib
0x00007fff3bb2c000 	/System/Library/Frameworks/Accelerate.framework/Versions/A/Frameworks/vecLib.framework/Versions/A/libBLAS.dylib
0x00007fff3be19000 	/System/Library/Frameworks/Accelerate.framework/Versions/A/Frameworks/vecLib.framework/Versions/A/libLAPACK.dylib
0x00007fff3c1c3000 	/System/Library/Frameworks/Accelerate.framework/Versions/A/Frameworks/vecLib.framework/Versions/A/libLinearAlgebra.dylib
0x00007fff3c25c000 	/System/Library/Frameworks/Accelerate.framework/Versions/A/Frameworks/vecLib.framework/Versions/A/libSparseBLAS.dylib
0x00007fff3c1d9000 	/System/Library/Frameworks/Accelerate.framework/Versions/A/Frameworks/vecLib.framework/Versions/A/libQuadrature.dylib
0x00007fff3bda6000 	/System/Library/Frameworks/Accelerate.framework/Versions/A/Frameworks/vecLib.framework/Versions/A/libBNNS.dylib
0x00007fff3c1df000 	/System/Library/Frameworks/Accelerate.framework/Versions/A/Frameworks/vecLib.framework/Versions/A/libSparse.dylib
0x00007fff5a14e000 	/System/Library/PrivateFrameworks/GPUWrangler.framework/Versions/A/GPUWrangler
0x00007fff5c44d000 	/System/Library/PrivateFrameworks/IOAccelerator.framework/Versions/A/IOAccelerator
0x00007fff5c458000 	/System/Library/PrivateFrameworks/IOPresentment.framework/Versions/A/IOPresentment
0x00007fff53bd8000 	/System/Library/PrivateFrameworks/DSExternalDisplay.framework/Versions/A/DSExternalDisplay
0x00007fff48182000 	/System/Library/Frameworks/OpenGL.framework/Versions/A/Libraries/libCoreFSCache.dylib
0x00007fff43d02000 	/System/Library/Frameworks/MetalPerformanceShaders.framework/Frameworks/MPSCore.framework/Versions/A/MPSCore
0x00007fff43d22000 	/System/Library/Frameworks/MetalPerformanceShaders.framework/Frameworks/MPSImage.framework/Versions/A/MPSImage
0x00007fff43dc7000 	/System/Library/Frameworks/MetalPerformanceShaders.framework/Frameworks/MPSNeuralNetwork.framework/Versions/A/MPSNeuralNetwork
0x00007fff43d9f000 	/System/Library/Frameworks/MetalPerformanceShaders.framework/Frameworks/MPSMatrix.framework/Versions/A/MPSMatrix
0x00007fff43ef3000 	/System/Library/Frameworks/MetalPerformanceShaders.framework/Frameworks/MPSRayIntersector.framework/Versions/A/MPSRayIntersector
0x00007fff5d947000 	/System/Library/PrivateFrameworks/MetalTools.framework/Versions/A/MetalTools
0x00007fff4ea90000 	/System/Library/PrivateFrameworks/AggregateDictionary.framework/Versions/A/AggregateDictionary
0x00007fff67eb9000 	/usr/lib/libMobileGestalt.dylib
0x00007fff40e2a000 	/System/Library/Frameworks/CoreVideo.framework/Versions/A/CoreVideo
0x00007fff5af5f000 	/System/Library/PrivateFrameworks/GraphVisualizer.framework/Versions/A/GraphVisualizer
0x00007fff54dde000 	/System/Library/PrivateFrameworks/FaceCore.framework/Versions/A/FaceCore
0x00007fff477b0000 	/System/Library/Frameworks/OpenCL.framework/Versions/A/OpenCL
0x00007fff67c11000 	/usr/lib/libFosl_dynamic.dylib
0x00007fff5e6f4000 	/System/Library/PrivateFrameworks/OTSVG.framework/Versions/A/OTSVG
0x00007fff3d5ba000 	/System/Library/Frameworks/ApplicationServices.framework/Versions/A/Frameworks/ATS.framework/Versions/A/Resources/libFontParser.dylib
0x00007fff3d6d2000 	/System/Library/Frameworks/ApplicationServices.framework/Versions/A/Frameworks/ATS.framework/Versions/A/Resources/libFontRegistry.dylib
0x00007fff41d37000 	/System/Library/Frameworks/ImageIO.framework/Versions/A/Resources/libJPEG.dylib
0x00007fff42049000 	/System/Library/Frameworks/ImageIO.framework/Versions/A/Resources/libTIFF.dylib
0x00007fff4201f000 	/System/Library/Frameworks/ImageIO.framework/Versions/A/Resources/libPng.dylib
0x00007fff41c55000 	/System/Library/Frameworks/ImageIO.framework/Versions/A/Resources/libGIF.dylib
0x00007fff41c5a000 	/System/Library/Frameworks/ImageIO.framework/Versions/A/Resources/libJP2.dylib
0x00007fff42046000 	/System/Library/Frameworks/ImageIO.framework/Versions/A/Resources/libRadiance.dylib
0x00007fff4f33d000 	/System/Library/PrivateFrameworks/AppleJPEG.framework/Versions/A/AppleJPEG
0x00007fff4818d000 	/System/Library/Frameworks/OpenGL.framework/Versions/A/Libraries/libGFXShared.dylib
0x00007fff48350000 	/System/Library/Frameworks/OpenGL.framework/Versions/A/Libraries/libGLU.dylib
0x00007fff48196000 	/System/Library/Frameworks/OpenGL.framework/Versions/A/Libraries/libGL.dylib
0x00007fff481a2000 	/System/Library/Frameworks/OpenGL.framework/Versions/A/Libraries/libGLImage.dylib
0x00007fff4817f000 	/System/Library/Frameworks/OpenGL.framework/Versions/A/Libraries/libCVMSPluginSupport.dylib
0x00007fff48188000 	/System/Library/Frameworks/OpenGL.framework/Versions/A/Libraries/libCoreVMClient.dylib
0x00007fff68a2b000 	/usr/lib/libcups.2.dylib
0x00007fff43209000 	/System/Library/Frameworks/Kerberos.framework/Versions/A/Kerberos
0x00007fff41738000 	/System/Library/Frameworks/GSS.framework/Versions/A/GSS
0x00007fff6a13e000 	/usr/lib/libresolv.9.dylib
0x00007fff68c1d000 	/usr/lib/libiconv.2.dylib
0x00007fff5b0d4000 	/System/Library/PrivateFrameworks/Heimdal.framework/Versions/A/Heimdal
0x00007fff68bed000 	/usr/lib/libheimdal-asn1.dylib
0x00007fff47824000 	/System/Library/Frameworks/OpenDirectory.framework/Versions/A/OpenDirectory
0x00007fff51b63000 	/System/Library/PrivateFrameworks/CommonAuth.framework/Versions/A/CommonAuth
0x00007fff47808000 	/System/Library/Frameworks/OpenDirectory.framework/Versions/A/Frameworks/CFOpenDirectory.framework/Versions/A/CFOpenDirectory
0x00007fff4a8d2000 	/System/Library/Frameworks/SecurityFoundation.framework/Versions/A/SecurityFoundation
0x00007fff4dfd6000 	/System/Library/PrivateFrameworks/APFS.framework/Versions/A/APFS
0x00007fff6a59f000 	/usr/lib/libutil.dylib
0x00007fff682c8000 	/usr/lib/libcharset.1.dylib
0x00007fff4f5da000 	/System/Library/PrivateFrameworks/AppleSauce.framework/Versions/A/AppleSauce
0x00007fff4f75b000 	/System/Library/PrivateFrameworks/AssertionServices.framework/Versions/A/AssertionServices
0x00007fff4fe8b000 	/System/Library/PrivateFrameworks/BaseBoard.framework/Versions/A/BaseBoard
0x00007fff68fee000 	/usr/lib/libmecab.1.0.0.dylib
0x00007fff68be7000 	/usr/lib/libgermantok.dylib
0x00007fff68096000 	/usr/lib/libThaiTokenizer.dylib
0x00007fff67b41000 	/usr/lib/libChineseTokenizer.dylib
0x00007fff5cb05000 	/System/Library/PrivateFrameworks/LanguageModeling.framework/Versions/A/LanguageModeling
0x00007fff52845000 	/System/Library/PrivateFrameworks/CoreEmoji.framework/Versions/A/CoreEmoji
0x00007fff5cbe1000 	/System/Library/PrivateFrameworks/Lexicon.framework/Versions/A/Lexicon
0x00007fff5cc24000 	/System/Library/PrivateFrameworks/LinguisticData.framework/Versions/A/LinguisticData
0x00007fff682c9000 	/usr/lib/libcmph.dylib
0x00007fff4a990000 	/System/Library/Frameworks/ServiceManagement.framework/Versions/A/ServiceManagement
0x00007fff4fdec000 	/System/Library/PrivateFrameworks/BackgroundTaskManagement.framework/Versions/A/BackgroundTaskManagement
0x00007fff6a699000 	/usr/lib/libxslt.1.dylib
0x00007fff3e628000 	/System/Library/Frameworks/Carbon.framework/Versions/A/Frameworks/Ink.framework/Versions/A/Ink
0x00007fff65bd0000 	/System/Library/PrivateFrameworks/TextureIO.framework/Versions/A/TextureIO
0x00007fff680ea000 	/usr/lib/libate.dylib
0x00007fff53b27000 	/System/Library/PrivateFrameworks/CrashReporterSupport.framework/Versions/A/CrashReporterSupport
0x00007fff6330a000 	/System/Library/PrivateFrameworks/Sharing.framework/Versions/A/Sharing
0x00007fff4fb3e000 	/System/Library/PrivateFrameworks/AuthKit.framework/Versions/A/AuthKit
0x00007fff4f092000 	/System/Library/PrivateFrameworks/Apple80211.framework/Versions/A/Apple80211
0x00007fff538cf000 	/System/Library/PrivateFrameworks/CoreUtils.framework/Versions/A/CoreUtils
0x00007fff40e6b000 	/System/Library/Frameworks/CoreWLAN.framework/Versions/A/CoreWLAN
0x00007fff41867000 	/System/Library/Frameworks/IOBluetooth.framework/Versions/A/IOBluetooth
0x00007fff6177e000 	/System/Library/PrivateFrameworks/ProtocolBuffer.framework/Versions/A/ProtocolBuffer
0x00007fff5db7f000 	/System/Library/PrivateFrameworks/MobileKeyBag.framework/Versions/A/MobileKeyBag
0x00007fff53113000 	/System/Library/PrivateFrameworks/CorePhoneNumbers.framework/Versions/A/CorePhoneNumbers
0x00007fff4f2f1000 	/System/Library/PrivateFrameworks/AppleIDAuthSupport.framework/Versions/A/AppleIDAuthSupport
0x00007fff5cad8000 	/System/Library/PrivateFrameworks/KeychainCircle.framework/Versions/A/KeychainCircle
0x00007fff61934000 	/System/Library/PrivateFrameworks/ROCKit.framework/Versions/A/ROCKit
0x00007fff53ac3000 	/System/Library/PrivateFrameworks/CoreWiFi.framework/Versions/A/CoreWiFi
0x00007fff3ebf6000 	/System/Library/Frameworks/CoreBluetooth.framework/Versions/A/CoreBluetooth
0x00007fff53d1e000 	/System/Library/PrivateFrameworks/DebugSymbols.framework/Versions/A/DebugSymbols
0x00007fff5368f000 	/System/Library/PrivateFrameworks/CoreSymbolication.framework/Versions/A/CoreSymbolication
0x00007fff653eb000 	/System/Library/PrivateFrameworks/Symbolication.framework/Versions/A/Symbolication
0x00007fff64c8e000 	/System/Library/PrivateFrameworks/SpeechRecognitionCore.framework/Versions/A/SpeechRecognitionCore
0x000000010bc00000 	/Library/Java/JavaVirtualMachines/jdk1.8.0_181.jdk/Contents/Home/jre/lib/server/libjvm.dylib
0x00007fff6a47a000 	/usr/lib/libstdc++.6.dylib
0x000000010b201000 	/Library/Java/JavaVirtualMachines/jdk1.8.0_181.jdk/Contents/Home/jre/lib/libverify.dylib
0x000000010b20f000 	/Library/Java/JavaVirtualMachines/jdk1.8.0_181.jdk/Contents/Home/jre/lib/libjava.dylib
0x000000010b246000 	/Library/Java/JavaVirtualMachines/jdk1.8.0_181.jdk/Contents/Home/jre/lib/libjdwp.dylib
0x000000010b291000 	/Library/Java/JavaVirtualMachines/jdk1.8.0_181.jdk/Contents/Home/jre/lib/libnpt.dylib
0x000000010b2af000 	/Library/Java/JavaVirtualMachines/jdk1.8.0_181.jdk/Contents/Home/jre/lib/libinstrument.dylib
0x000000010b34c000 	/Library/Java/JavaVirtualMachines/jdk1.8.0_181.jdk/Contents/Home/jre/lib/libzip.dylib
0x000000011348f000 	/Library/Java/JavaVirtualMachines/jdk1.8.0_181.jdk/Contents/Home/jre/lib/libdt_socket.dylib

VM Arguments:
jvm_args: -agentlib:jdwp=transport=dt_socket,address=127.0.0.1:49366,suspend=y,server=n -javaagent:/Users/ojasvi/Library/Caches/IntelliJIdea2018.2/captureAgent/debugger-agent.jar=file:/private/var/folders/p1/zwbpl48s77d45zmbvjkg577w0000gn/T/capture.props -Dfile.encoding=UTF-8 
java_command: evaluation.VectorScalarMulti1
java_class_path (initial): /Library/Java/JavaVirtualMachines/jdk1.8.0_181.jdk/Contents/Home/jre/lib/charsets.jar:/Library/Java/JavaVirtualMachines/jdk1.8.0_181.jdk/Contents/Home/jre/lib/deploy.jar:/Library/Java/JavaVirtualMachines/jdk1.8.0_181.jdk/Contents/Home/jre/lib/ext/cldrdata.jar:/Library/Java/JavaVirtualMachines/jdk1.8.0_181.jdk/Contents/Home/jre/lib/ext/dnsns.jar:/Library/Java/JavaVirtualMachines/jdk1.8.0_181.jdk/Contents/Home/jre/lib/ext/jaccess.jar:/Library/Java/JavaVirtualMachines/jdk1.8.0_181.jdk/Contents/Home/jre/lib/ext/jfxrt.jar:/Library/Java/JavaVirtualMachines/jdk1.8.0_181.jdk/Contents/Home/jre/lib/ext/localedata.jar:/Library/Java/JavaVirtualMachines/jdk1.8.0_181.jdk/Contents/Home/jre/lib/ext/nashorn.jar:/Library/Java/JavaVirtualMachines/jdk1.8.0_181.jdk/Contents/Home/jre/lib/ext/sunec.jar:/Library/Java/JavaVirtualMachines/jdk1.8.0_181.jdk/Contents/Home/jre/lib/ext/sunjce_provider.jar:/Library/Java/JavaVirtualMachines/jdk1.8.0_181.jdk/Contents/Home/jre/lib/ext/sunpkcs11.jar:/Library/Java/JavaVirtualMachines/jdk1.8.0_181.jdk/Contents/Home/jre/lib/ext/zipfs.jar:/Library/Java/JavaVirtualMachines/jdk1.8.0_181.jdk/Contents/Home/jre/lib/javaws.jar:/Library/Java/JavaVirtualMachines/jdk1.8.0_181.jdk/Contents/Home/jre/lib/jce.jar:/Library/Java/JavaVirtualMachines/jdk1.8.0_181.jdk/Contents/Home/jre/lib/jfr.jar:/Library/Java/JavaVirtualMachines/jdk1.8.0_181.jdk/Contents/Home/jre/lib/jfxswt.jar:/Library/Java/JavaVirtualMachines/jdk1.8.0_181.jdk/Contents/Home/jre/lib/jsse.jar:/Library/Java/JavaVirtualMachines/jdk1.8.0_181.jdk/Contents/Home/jre/lib/management-agent.jar:/Library/Java/JavaVirtualMachines/jdk1.8.0_181.jdk/Contents/Home/jre/lib/plugin.jar:/Library/Java/JavaVirtualMachines/jdk1.8.0_181.jdk/Contents/Home/jre/lib/resources.jar:/Library/Java/JavaVirtualMachines/jdk1.8.0_181.jdk/Contents/Home/jre/lib/rt.jar:/Library/Java/JavaVirtualMachines/jdk1.8.0_181.jdk/Contents/Home/lib/ant-javafx.jar:/Library/Java/JavaVirtualMachines/jdk1.8.0_181.jdk/Contents/Home
Launcher Type: SUN_STANDARD

Environment Variables:
PATH=/usr/local/bin:/usr/bin:/bin:/usr/sbin:/sbin:/opt/X11/bin
SHELL=/bin/bash
DISPLAY=/private/tmp/com.apple.launchd.tEBYYSDOdW/org.macosforge.xquartz:0

Signal Handlers:
SIGSEGV: [libjvm.dylib+0x5b6029], sa_mask[0]=11111111011111110111111111111111, sa_flags=SA_ONSTACK|SA_RESTART|SA_SIGINFO
SIGBUS: [libjvm.dylib+0x5b6029], sa_mask[0]=11111111011111110111111111111111, sa_flags=SA_RESTART|SA_SIGINFO
SIGFPE: [libjvm.dylib+0x48b934], sa_mask[0]=11111111011111110111111111111111, sa_flags=SA_RESTART|SA_SIGINFO
SIGPIPE: [libjvm.dylib+0x48b934], sa_mask[0]=11111111011111110111111111111111, sa_flags=SA_RESTART|SA_SIGINFO
SIGXFSZ: [libjvm.dylib+0x48b934], sa_mask[0]=11111111011111110111111111111111, sa_flags=SA_RESTART|SA_SIGINFO
SIGILL: [libjvm.dylib+0x48b934], sa_mask[0]=11111111011111110111111111111111, sa_flags=SA_RESTART|SA_SIGINFO
SIGUSR1: SIG_DFL, sa_mask[0]=00000000000000000000000000000000, sa_flags=none
SIGUSR2: [libjvm.dylib+0x48b452], sa_mask[0]=00100000000000000000000000000000, sa_flags=SA_RESTART|SA_SIGINFO
SIGHUP: [libjvm.dylib+0x489a1d], sa_mask[0]=11111111011111110111111111111111, sa_flags=SA_RESTART|SA_SIGINFO
SIGINT: [libjvm.dylib+0x489a1d], sa_mask[0]=11111111011111110111111111111111, sa_flags=SA_RESTART|SA_SIGINFO
SIGTERM: [libjvm.dylib+0x489a1d], sa_mask[0]=11111111011111110111111111111111, sa_flags=SA_RESTART|SA_SIGINFO
SIGQUIT: [libjvm.dylib+0x489a1d], sa_mask[0]=11111111011111110111111111111111, sa_flags=SA_RESTART|SA_SIGINFO


---------------  S Y S T E M  ---------------

OS:Bsduname:Darwin 18.7.0 Darwin Kernel Version 18.7.0: Thu Jan 23 06:52:12 PST 2020; root:xnu-4903.278.25~1/RELEASE_X86_64 x86_64
rlimit: STACK 8192k, CORE 0k, NPROC 709, NOFILE 10240, AS infinity
load average:4.25 3.98 4.53

CPU:total 4 (initial active 4) (2 cores per cpu, 2 threads per core) family 6 model 142 stepping 9, cmov, cx8, fxsr, mmx, sse, sse2, sse3, ssse3, sse4.1, sse4.2, popcnt, avx, avx2, aes, clmul, erms, rtm, 3dnowpref, lzcnt, ht, tsc, tscinvbit, bmi1, bmi2, adx

Memory: 4k page, physical 8388608k(196592k free)

/proc/meminfo:


vm_info: Java HotSpot(TM) 64-Bit Server VM (25.181-b13) for bsd-amd64 JRE (1.8.0_181-b13), built on Jul  7 2018 01:02:31 by "java_re" with gcc 4.2.1 (Based on Apple Inc. build 5658) (LLVM build 2336.11.00)

time: Tue Mar 10 22:12:57 2020
elapsed time: 179 seconds (0d 0h 2m 59s)

