#
# A fatal error has been detected by the Java Runtime Environment:
#
#  SIGSEGV (0xb) at pc=0x000000010f504d66, pid=77011, tid=0x0000000000005103
#
# JRE version: Java(TM) SE Runtime Environment (8.0_181-b13) (build 1.8.0_181-b13)
# Java VM: Java HotSpot(TM) 64-Bit Server VM (25.181-b13 mixed mode bsd-amd64 compressed oops)
# Problematic frame:
# V  [libjvm.dylib+0x504d66]  SignatureIterator::expect(char)+0x14
#
# Failed to write core dump. Core dumps have been disabled. To enable core dumping, try "ulimit -c unlimited" before starting Java again
#
# If you would like to submit a bug report, please visit:
#   http://bugreport.java.com/bugreport/crash.jsp
#

---------------  T H R E A D  ---------------

Current thread (0x00007f7f5c017000):  VMThread [stack: 0x000070000a483000,0x000070000a583000] [id=20739]

siginfo: si_signo: 11 (SIGSEGV), si_code: 1 (SEGV_MAPERR), si_addr: 0x0000000000000008

Registers:
RAX=0x0000000000000000, RBX=0x000070000a5820c8, RCX=0x0000000000000000, RDX=0x0000000000000000
RSP=0x000070000a581f60, RBP=0x000070000a582070, RSI=0x0000000000000028, RDI=0x000070000a5820c8
R8 =0x0000000000000107, R9 =0x000000008a000000, R10=0x000000000000000f, R11=0xfffffffffffffe94
R12=0x000070000a5820c8, R13=0x0000000115628a28, R14=0x0000000000000000, R15=0x000070000a5826f8
RIP=0x000000010f504d66, EFLAGS=0x0000000000010206, ERR=0x0000000000000004
  TRAPNO=0x000000000000000e

Top of Stack: (sp=0x000070000a581f60)
0x000070000a581f60:   000070000a581f90 000000010f504b2b
0x000070000a581f70:   000070000a0739d0 000070000a581fe8
0x000070000a581f80:   000070000a581fb0 000000010f504b74
0x000070000a581f90:   000070000a581fd0 000070000a581fe8
0x000070000a581fa0:   0000000000000000 000070000a581fe8
0x000070000a581fb0:   0000700046000c82 000000014fffffff
0x000070000a581fc0:   0000000000000000 000070000a582014
0x000070000a581fd0:   000070000a582450 000000010f288c5f
0x000070000a581fe0:   ffffffffffffffff 000000010f82a1c0
0x000070000a581ff0:   000000011570f500 0000000000000014
0x000070000a582000:   00007f7f0000000e 000070000a582018
0x000070000a582010:   00007f7f00000002 4fffffff4fffffff
0x000070000a582020:   4fffffff4fffffff 00007f7f4fffffff
0x000070000a582030:   0000000000000000 0000000000000000
0x000070000a582040:   000070000a582070 000000010f504b2b
0x000070000a582050:   000070000a582090 000070000a5820c8
0x000070000a582060:   000070000a582090 000070000a5820c8
0x000070000a582070:   000070000a5820b0 000000010f504e66
0x000070000a582080:   0000000000000000 0000000000000107
0x000070000a582090:   000070000a5820c8 0000000115628a28
0x000070000a5820a0:   0000000000000000 000070000a5826f8
0x000070000a5820b0:   000070000a582530 000000010f288b69
0x000070000a5820c0:   000070000a5820f0 000000010f82a1c0
0x000070000a5820d0:   0000000000000000 0000000000000000
0x000070000a5820e0:   000070000000000e 000070000a582500
0x000070000a5820f0:   0000700000000000 4fffffff4fffffff
0x000070000a582100:   4fffffff4fffffff 000070004fffffff
0x000070000a582110:   0000700046000c82 0000000000000000
0x000070000a582120:   000070000a582150 000000010f504b2b
0x000070000a582130:   000070000a582170 000070000a5821a8
0x000070000a582140:   000070000a582170 000000010f504abe
0x000070000a582150:   000070000a582190 000070000a5821a8 

Instructions: (pc=0x000000010f504d66)
0x000000010f504d46:   df 48 83 c4 08 5b 5d e9 7c ff ff ff 55 48 89 e5
0x000000010f504d56:   53 48 81 ec 08 01 00 00 48 63 47 10 48 8b 4f 08
0x000000010f504d66:   40 38 74 01 08 48 89 fb 74 39 40 0f be d6 48 8d
0x000000010f504d76:   bd f0 fe ff ff 48 8d 35 4f 7a 11 00 30 c0 e8 1f 

Register to memory mapping:

RAX=0x0000000000000000 is an unknown value
RBX=0x000070000a5820c8 is an unknown value
RCX=0x0000000000000000 is an unknown value
RDX=0x0000000000000000 is an unknown value
RSP=0x000070000a581f60 is an unknown value
RBP=0x000070000a582070 is an unknown value
RSI=0x0000000000000028 is an unknown value
RDI=0x000070000a5820c8 is an unknown value
R8 =0x0000000000000107 is an unknown value
R9 =0x000000008a000000 is an unknown value
R10=0x000000000000000f is an unknown value
R11=0xfffffffffffffe94 is an unknown value
R12=0x000070000a5820c8 is an unknown value
R13={method} {0x0000000115628a28} 'autoDifferentiate' '(LintermediateRep/Expr;LintermediateRep/Expr;)LintermediateRep/Expr;' in 'automaticDifferentiation/AutomaticDifferentiateExpr$'
R14=0x0000000000000000 is an unknown value
R15=0x000070000a5826f8 is an unknown value


Stack: [0x000070000a483000,0x000070000a583000],  sp=0x000070000a581f60,  free space=1019k
Native frames: (J=compiled Java code, j=interpreted, Vv=VM code, C=native code)
V  [libjvm.dylib+0x504d66]  SignatureIterator::expect(char)+0x14
V  [libjvm.dylib+0x504e66]  SignatureIterator::iterate_returntype()+0x28
V  [libjvm.dylib+0x288b69]  GenerateOopMap::do_method(int, int, int, int)+0x71
V  [libjvm.dylib+0x28a7ec]  GenerateOopMap::interp_bb(BasicBlock*)+0x104
V  [libjvm.dylib+0x28aa3b]  GenerateOopMap::interp_all()+0x31
V  [libjvm.dylib+0x28afd2]  GenerateOopMap::do_interpretation()+0x44
V  [libjvm.dylib+0x28b3eb]  GenerateOopMap::compute_map(Thread*)+0x1fb
V  [libjvm.dylib+0x485331]  OopMapForCacheEntry::compute_map(Thread*)+0x8f
V  [libjvm.dylib+0x48553a]  OopMapCacheEntry::fill(methodHandle, int)+0x19e
V  [libjvm.dylib+0x48571b]  OopMapCache::compute_one_oop_map(methodHandle, int, InterpreterOopMap*)+0x16b
V  [libjvm.dylib+0x4859d2]  OopMapCache::lookup(methodHandle, int, InterpreterOopMap*) const+0x25c
V  [libjvm.dylib+0x2c2b04]  InstanceKlass::mask_for(methodHandle, int, InterpreterOopMap*)+0xd2
V  [libjvm.dylib+0x45306d]  Method::mask_for(int, InterpreterOopMap*)+0xb3
V  [libjvm.dylib+0x39afbf]  VM_GetOrSetLocal::doit()+0x47
V  [libjvm.dylib+0x5bd499]  VM_Operation::evaluate()+0x4f
V  [libjvm.dylib+0x5bba31]  VMThread::evaluate_operation(VM_Operation*)+0xdf
V  [libjvm.dylib+0x5bbe7e]  VMThread::loop()+0x328
V  [libjvm.dylib+0x5bb79d]  VMThread::run()+0x79
V  [libjvm.dylib+0x48e342]  java_start(Thread*)+0xf6
C  [libsystem_pthread.dylib+0x32eb]  _pthread_body+0x7e
C  [libsystem_pthread.dylib+0x6249]  _pthread_start+0x42
C  [libsystem_pthread.dylib+0x240d]  thread_start+0xd

VM_Operation (0x000070000a98e978): GetOrSetLocal, mode: safepoint, requested by thread 0x00007f7f5b839800


---------------  P R O C E S S  ---------------

Java Threads: ( => current thread )
  0x00007f7f5b043000 JavaThread "Service Thread" daemon [_thread_blocked, id=15363, stack(0x000070000aea1000,0x000070000afa1000)]
  0x00007f7f5a81a000 JavaThread "C1 CompilerThread2" daemon [_thread_blocked, id=15107, stack(0x000070000ad9e000,0x000070000ae9e000)]
  0x00007f7f5b004000 JavaThread "C2 CompilerThread1" daemon [_thread_blocked, id=14851, stack(0x000070000ac9b000,0x000070000ad9b000)]
  0x00007f7f5c08c800 JavaThread "C2 CompilerThread0" daemon [_thread_blocked, id=17923, stack(0x000070000ab98000,0x000070000ac98000)]
  0x00007f7f5a81b000 JavaThread "JDWP Command Reader" daemon [_thread_in_native, id=18179, stack(0x000070000aa95000,0x000070000ab95000)]
  0x00007f7f5c024000 JavaThread "JDWP Event Helper Thread" daemon [_thread_blocked, id=13827, stack(0x000070000a992000,0x000070000aa92000)]
  0x00007f7f5b839800 JavaThread "JDWP Transport Listener: dt_socket" daemon [_thread_blocked, id=13319, stack(0x000070000a88f000,0x000070000a98f000)]
  0x00007f7f5a811000 JavaThread "Signal Dispatcher" daemon [_thread_blocked, id=13059, stack(0x000070000a78c000,0x000070000a88c000)]
  0x00007f7f5c022000 JavaThread "Finalizer" daemon [_thread_blocked, id=19971, stack(0x000070000a689000,0x000070000a789000)]
  0x00007f7f5c01b800 JavaThread "Reference Handler" daemon [_thread_blocked, id=20227, stack(0x000070000a586000,0x000070000a686000)]
  0x00007f7f5c003000 JavaThread "main" [_thread_blocked, id=6403, stack(0x0000700009f74000,0x000070000a074000)]

Other Threads:
=>0x00007f7f5c017000 VMThread [stack: 0x000070000a483000,0x000070000a583000] [id=20739]
  0x00007f7f5a820800 WatcherThread [stack: 0x000070000afa4000,0x000070000b0a4000] [id=17155]

VM state:at safepoint (normal execution)

VM Mutex/Monitor currently owned by a thread:  ([mutex/lock_event])
[0x00007f7f5a509ec0] Threads_lock - owner thread: 0x00007f7f5c017000

Heap:
 PSYoungGen      total 38400K, used 23810K [0x0000000795580000, 0x0000000798000000, 0x00000007c0000000)
  eden space 33280K, 71% used [0x0000000795580000,0x0000000796cc0910,0x0000000797600000)
  from space 5120K, 0% used [0x0000000797b00000,0x0000000797b00000,0x0000000798000000)
  to   space 5120K, 0% used [0x0000000797600000,0x0000000797600000,0x0000000797b00000)
 ParOldGen       total 87552K, used 0K [0x0000000740000000, 0x0000000745580000, 0x0000000795580000)
  object space 87552K, 0% used [0x0000000740000000,0x0000000740000000,0x0000000745580000)
 Metaspace       used 8206K, capacity 8594K, committed 8832K, reserved 1056768K
  class space    used 981K, capacity 1033K, committed 1152K, reserved 1048576K

Card table byte_map: [0x0000000110437000,0x0000000110838000] byte_map_base: 0x000000010ca37000

Marking Bits: (ParMarkBitMap*) 0x000000010f8f9cd0
 Begin Bits: [0x0000000110ae3000, 0x0000000112ae3000)
 End Bits:   [0x0000000112ae3000, 0x0000000114ae3000)

Polling page: 0x000000010e7b2000

CodeCache: size=245760Kb used=2419Kb max_used=2419Kb free=243340Kb
 bounds [0x000000011db05000, 0x000000011dd75000, 0x000000012cb05000]
 total_blobs=808 nmethods=526 adapters=204
 compilation: enabled

Compilation events (10 events):
Event: 64.714 Thread 0x00007f7f5a81a000  522       3       scala.collection.IterableOnceOps::addString$ (10 bytes)
Event: 64.714 Thread 0x00007f7f5a81a000 nmethod 522 0x000000011dd5c550 code [0x000000011dd5c6c0, 0x000000011dd5c868]
Event: 67.170 Thread 0x00007f7f5a81a000  523       3       java.net.URLStreamHandler::toExternalForm (219 bytes)
Event: 67.172 Thread 0x00007f7f5a81a000 nmethod 523 0x000000011dd5c950 code [0x000000011dd5cd00, 0x000000011dd603c8]
Event: 104.313 Thread 0x00007f7f5a81a000  524       3       intermediateRep.FunctionCall::productElement (46 bytes)
Event: 104.314 Thread 0x00007f7f5a81a000 nmethod 524 0x000000011dd616d0 code [0x000000011dd61880, 0x000000011dd61c38]
Event: 108.553 Thread 0x00007f7f5a81a000  525       3       intermediateRep.Param::toString (8 bytes)
Event: 108.554 Thread 0x00007f7f5a81a000 nmethod 525 0x000000011dd61e90 code [0x000000011dd62000, 0x000000011dd62270]
Event: 122.220 Thread 0x00007f7f5a81a000  526       1       scala.collection.mutable.HashMap$HashMapIterator::scala$collection$mutable$HashMap$HashMapIterator$$$outer (5 bytes)
Event: 122.221 Thread 0x00007f7f5a81a000 nmethod 526 0x000000011dd57610 code [0x000000011dd57760, 0x000000011dd57870]

GC Heap History (0 events):
No events

Deoptimization events (1 events):
Event: 0.610 Thread 0x00007f7f5c003000 Uncommon trap: reason=unstable_if action=reinterpret pc=0x000000011dc8fad4 method=java.lang.String.indexOf([CII[CIII)I @ 123

Classes redefined (2 events):
Event: 184.314 Thread 0x00007f7f5c017000 redefined class name=automaticDifferentiation.AutomaticDifferentiateExpr$, count=1
Event: 5369.453 Thread 0x00007f7f5c017000 redefined class name=automaticDifferentiation.AutomaticDifferentiateExpr$, count=2

Internal exceptions (5 events):
Event: 0.036 Thread 0x00007f7f5c003000 Exception <a 'java/lang/NoSuchMethodError': Method sun.misc.Unsafe.defineClass(Ljava/lang/String;[BII)Ljava/lang/Class; name or signature does not match> (0x0000000795587cb0) thrown at [/Users/java_re/workspace/8-2-build-macosx-x86_64/jdk8u181/11358/hotsp
Event: 0.036 Thread 0x00007f7f5c003000 Exception <a 'java/lang/NoSuchMethodError': Method sun.misc.Unsafe.prefetchRead(Ljava/lang/Object;J)V name or signature does not match> (0x0000000795587f98) thrown at [/Users/java_re/workspace/8-2-build-macosx-x86_64/jdk8u181/11358/hotspot/src/share/vm/pr
Event: 0.665 Thread 0x00007f7f5c003000 Exception <a 'java/lang/NoSuchFieldError': method resolution failed> (0x00000007962967b8) thrown at [/Users/java_re/workspace/8-2-build-macosx-x86_64/jdk8u181/11358/hotspot/src/share/vm/prims/methodHandles.cpp, line 1167]
Event: 0.667 Thread 0x00007f7f5c003000 Exception <a 'java/lang/NoSuchFieldError': method resolution failed> (0x00000007962a43d8) thrown at [/Users/java_re/workspace/8-2-build-macosx-x86_64/jdk8u181/11358/hotspot/src/share/vm/prims/methodHandles.cpp, line 1167]
Event: 0.673 Thread 0x00007f7f5c003000 Exception <a 'java/lang/NoSuchMethodError': java.lang.Object.$anonfun$main$1$adapted(Lscala/Function0;)Ljava/lang/Object;> (0x00000007962cbea8) thrown at [/Users/java_re/workspace/8-2-build-macosx-x86_64/jdk8u181/11358/hotspot/src/share/vm/interpreter/lin

Events (10 events):
Event: 5369.466 Executing VM operation: ChangeBreakpoints done
Event: 5369.473 Executing VM operation: ChangeBreakpoints
Event: 5369.473 Executing VM operation: ChangeBreakpoints done
Event: 5369.473 Executing VM operation: ChangeBreakpoints
Event: 5369.473 Executing VM operation: ChangeBreakpoints done
Event: 5369.479 Executing VM operation: GetOrSetLocal
Event: 5369.480 Executing VM operation: GetOrSetLocal done
Event: 5369.483 Executing VM operation: GetOrSetLocal
Event: 5369.483 Executing VM operation: GetOrSetLocal done
Event: 5369.484 Executing VM operation: GetOrSetLocal


Dynamic libraries:
0x00007fff43342000 	/System/Library/Frameworks/Cocoa.framework/Versions/A/Cocoa
0x00007fff4f0f0000 	/System/Library/Frameworks/Security.framework/Versions/A/Security
0x00007fff41fd4000 	/System/Library/Frameworks/ApplicationServices.framework/Versions/A/ApplicationServices
0x00007fff6f1e1000 	/usr/lib/libz.1.dylib
0x00007fff6cb38000 	/usr/lib/libSystem.B.dylib
0x00007fff6e371000 	/usr/lib/libobjc.A.dylib
0x00007fff43bb7000 	/System/Library/Frameworks/CoreFoundation.framework/Versions/A/CoreFoundation
0x00007fff45e3b000 	/System/Library/Frameworks/Foundation.framework/Versions/C/Foundation
0x00007fff411cd000 	/System/Library/Frameworks/AppKit.framework/Versions/C/AppKit
0x00007fff43740000 	/System/Library/Frameworks/CoreData.framework/Versions/A/CoreData
0x00007fff665fd000 	/System/Library/PrivateFrameworks/RemoteViewServices.framework/Versions/A/RemoteViewServices
0x00007fff6a874000 	/System/Library/PrivateFrameworks/UIFoundation.framework/Versions/A/UIFoundation
0x00007fff6bf59000 	/System/Library/PrivateFrameworks/XCTTargetBootstrap.framework/Versions/A/XCTTargetBootstrap
0x00007fff43ac6000 	/System/Library/Frameworks/CoreDisplay.framework/Versions/A/CoreDisplay
0x00007fff61337000 	/System/Library/PrivateFrameworks/IconServices.framework/Versions/A/IconServices
0x00007fff4875d000 	/System/Library/Frameworks/Metal.framework/Versions/A/Metal
0x00007fff5887b000 	/System/Library/PrivateFrameworks/DesktopServicesPriv.framework/Versions/A/DesktopServicesPriv
0x00007fff6d6d4000 	/usr/lib/libenergytrace.dylib
0x00007fff68d5b000 	/System/Library/PrivateFrameworks/SkyLight.framework/Versions/A/SkyLight
0x00007fff43ffe000 	/System/Library/Frameworks/CoreGraphics.framework/Versions/A/CoreGraphics
0x00007fff3ff99000 	/System/Library/Frameworks/Accelerate.framework/Versions/A/Accelerate
0x00007fff46584000 	/System/Library/Frameworks/IOSurface.framework/Versions/A/IOSurface
0x00007fff586e7000 	/System/Library/PrivateFrameworks/DFRFoundation.framework/Versions/A/DFRFoundation
0x00007fff424b7000 	/System/Library/Frameworks/AudioToolbox.framework/Versions/A/AudioToolbox
0x00007fff42730000 	/System/Library/Frameworks/AudioUnit.framework/Versions/A/AudioUnit
0x00007fff5877c000 	/System/Library/PrivateFrameworks/DataDetectorsCore.framework/Versions/A/DataDetectorsCore
0x00007fff42e45000 	/System/Library/Frameworks/Carbon.framework/Versions/A/Frameworks/HIToolbox.framework/Versions/A/HIToolbox
0x00007fff6d82d000 	/usr/lib/libicucore.A.dylib
0x00007fff4e663000 	/System/Library/Frameworks/QuartzCore.framework/Versions/A/QuartzCore
0x00007fff4321a000 	/System/Library/Frameworks/Carbon.framework/Versions/A/Frameworks/SpeechRecognition.framework/Versions/A/SpeechRecognition
0x00007fff6cc8c000 	/usr/lib/libauto.dylib
0x00007fff6f0d4000 	/usr/lib/libxml2.2.dylib
0x00007fff582c2000 	/System/Library/PrivateFrameworks/CoreUI.framework/Versions/A/CoreUI
0x00007fff4362b000 	/System/Library/Frameworks/CoreAudio.framework/Versions/A/CoreAudio
0x00007fff45c70000 	/System/Library/Frameworks/DiskArbitration.framework/Versions/A/DiskArbitration
0x00007fff6dadb000 	/usr/lib/liblangid.dylib
0x00007fff62742000 	/System/Library/PrivateFrameworks/MultitouchSupport.framework/Versions/A/MultitouchSupport
0x00007fff464f3000 	/System/Library/Frameworks/IOKit.framework/Versions/A/IOKit
0x00007fff6c6f8000 	/usr/lib/libDiagnosticMessagesClient.dylib
0x00007fff44e0e000 	/System/Library/Frameworks/CoreServices.framework/Versions/A/CoreServices
0x00007fff643fc000 	/System/Library/PrivateFrameworks/PerformanceAnalysis.framework/Versions/A/PerformanceAnalysis
0x00007fff4d84a000 	/System/Library/Frameworks/OpenGL.framework/Versions/A/OpenGL
0x00007fff43350000 	/System/Library/Frameworks/ColorSync.framework/Versions/A/ColorSync
0x00007fff44690000 	/System/Library/Frameworks/CoreImage.framework/Versions/A/CoreImage
0x00007fff457e6000 	/System/Library/Frameworks/CoreText.framework/Versions/A/CoreText
0x00007fff465e7000 	/System/Library/Frameworks/ImageIO.framework/Versions/A/ImageIO
0x00007fff54914000 	/System/Library/PrivateFrameworks/Backup.framework/Versions/A/Backup
0x00007fff6cbdf000 	/usr/lib/libarchive.2.dylib
0x00007fff42a89000 	/System/Library/Frameworks/CFNetwork.framework/Versions/A/CFNetwork
0x00007fff4f84c000 	/System/Library/Frameworks/SystemConfiguration.framework/Versions/A/SystemConfiguration
0x00007fff6c629000 	/usr/lib/libCRFSuite.dylib
0x00007fff6cd7d000 	/usr/lib/libc++.1.dylib
0x00007fff6cdd1000 	/usr/lib/libc++abi.dylib
0x00007fff6f9d7000 	/usr/lib/system/libcache.dylib
0x00007fff6f9dc000 	/usr/lib/system/libcommonCrypto.dylib
0x00007fff6f9e7000 	/usr/lib/system/libcompiler_rt.dylib
0x00007fff6f9ef000 	/usr/lib/system/libcopyfile.dylib
0x00007fff6f9f9000 	/usr/lib/system/libcorecrypto.dylib
0x00007fff6fb04000 	/usr/lib/system/libdispatch.dylib
0x00007fff6fb3e000 	/usr/lib/system/libdyld.dylib
0x00007fff6fb6b000 	/usr/lib/system/libkeymgr.dylib
0x00007fff6fb79000 	/usr/lib/system/liblaunch.dylib
0x00007fff6fb7a000 	/usr/lib/system/libmacho.dylib
0x00007fff6fb80000 	/usr/lib/system/libquarantine.dylib
0x00007fff6fb83000 	/usr/lib/system/libremovefile.dylib
0x00007fff6fb85000 	/usr/lib/system/libsystem_asl.dylib
0x00007fff6fb9d000 	/usr/lib/system/libsystem_blocks.dylib
0x00007fff6fb9e000 	/usr/lib/system/libsystem_c.dylib
0x00007fff6fc26000 	/usr/lib/system/libsystem_configuration.dylib
0x00007fff6fc2a000 	/usr/lib/system/libsystem_coreservices.dylib
0x00007fff6fc2e000 	/usr/lib/system/libsystem_darwin.dylib
0x00007fff6fc35000 	/usr/lib/system/libsystem_dnssd.dylib
0x00007fff6fc3c000 	/usr/lib/system/libsystem_info.dylib
0x00007fff6fcb1000 	/usr/lib/system/libsystem_m.dylib
0x00007fff6fcfd000 	/usr/lib/system/libsystem_malloc.dylib
0x00007fff6fd28000 	/usr/lib/system/libsystem_networkextension.dylib
0x00007fff6fd33000 	/usr/lib/system/libsystem_notify.dylib
0x00007fff6fd50000 	/usr/lib/system/libsystem_sandbox.dylib
0x00007fff6fd54000 	/usr/lib/system/libsystem_secinit.dylib
0x00007fff6fc88000 	/usr/lib/system/libsystem_kernel.dylib
0x00007fff6fd3b000 	/usr/lib/system/libsystem_platform.dylib
0x00007fff6fd45000 	/usr/lib/system/libsystem_pthread.dylib
0x00007fff6fd57000 	/usr/lib/system/libsystem_symptoms.dylib
0x00007fff6fd5f000 	/usr/lib/system/libsystem_trace.dylib
0x00007fff6fd76000 	/usr/lib/system/libunwind.dylib
0x00007fff6fd7c000 	/usr/lib/system/libxpc.dylib
0x00007fff6cd5e000 	/usr/lib/libbsm.0.dylib
0x00007fff6fb6c000 	/usr/lib/system/libkxld.dylib
0x00007fff53d05000 	/System/Library/PrivateFrameworks/AppleFSCompression.framework/Versions/A/AppleFSCompression
0x00007fff6c9f8000 	/usr/lib/libOpenScriptingUtil.dylib
0x00007fff6d086000 	/usr/lib/libcoretls.dylib
0x00007fff6d09d000 	/usr/lib/libcoretls_cfhelpers.dylib
0x00007fff6eb08000 	/usr/lib/libpam.2.dylib
0x00007fff6ecc8000 	/usr/lib/libsqlite3.dylib
0x00007fff6f0c2000 	/usr/lib/libxar.1.dylib
0x00007fff6cd6f000 	/usr/lib/libbz2.1.0.dylib
0x00007fff6dadd000 	/usr/lib/liblzma.5.dylib
0x00007fff6df8e000 	/usr/lib/libnetwork.dylib
0x00007fff6cbc8000 	/usr/lib/libapple_nghttp2.dylib
0x00007fff6eb0f000 	/usr/lib/libpcap.A.dylib
0x00007fff451ad000 	/System/Library/Frameworks/CoreServices.framework/Versions/A/Frameworks/FSEvents.framework/Versions/A/FSEvents
0x00007fff44e8c000 	/System/Library/Frameworks/CoreServices.framework/Versions/A/Frameworks/CarbonCore.framework/Versions/A/CarbonCore
0x00007fff45368000 	/System/Library/Frameworks/CoreServices.framework/Versions/A/Frameworks/Metadata.framework/Versions/A/Metadata
0x00007fff45407000 	/System/Library/Frameworks/CoreServices.framework/Versions/A/Frameworks/OSServices.framework/Versions/A/OSServices
0x00007fff45452000 	/System/Library/Frameworks/CoreServices.framework/Versions/A/Frameworks/SearchKit.framework/Versions/A/SearchKit
0x00007fff44e0f000 	/System/Library/Frameworks/CoreServices.framework/Versions/A/Frameworks/AE.framework/Versions/A/AE
0x00007fff451b6000 	/System/Library/Frameworks/CoreServices.framework/Versions/A/Frameworks/LaunchServices.framework/Versions/A/LaunchServices
0x00007fff45164000 	/System/Library/Frameworks/CoreServices.framework/Versions/A/Frameworks/DictionaryServices.framework/Versions/A/DictionaryServices
0x00007fff454ba000 	/System/Library/Frameworks/CoreServices.framework/Versions/A/Frameworks/SharedFileList.framework/Versions/A/SharedFileList
0x00007fff49825000 	/System/Library/Frameworks/NetFS.framework/Versions/A/NetFS
0x00007fff629a8000 	/System/Library/PrivateFrameworks/NetAuth.framework/Versions/A/NetAuth
0x00007fff6c35d000 	/System/Library/PrivateFrameworks/login.framework/Versions/A/Frameworks/loginsupport.framework/Versions/A/loginsupport
0x00007fff6a47d000 	/System/Library/PrivateFrameworks/TCC.framework/Versions/A/TCC
0x00007fff5791f000 	/System/Library/PrivateFrameworks/CoreNLP.framework/Versions/A/CoreNLP
0x00007fff6243d000 	/System/Library/PrivateFrameworks/MetadataUtilities.framework/Versions/A/MetadataUtilities
0x00007fff6dbb2000 	/usr/lib/libmecabra.dylib
0x00007fff41fd5000 	/System/Library/Frameworks/ApplicationServices.framework/Versions/A/Frameworks/ATS.framework/Versions/A/ATS
0x00007fff42324000 	/System/Library/Frameworks/ApplicationServices.framework/Versions/A/Frameworks/ColorSyncLegacy.framework/Versions/A/ColorSyncLegacy
0x00007fff423c3000 	/System/Library/Frameworks/ApplicationServices.framework/Versions/A/Frameworks/HIServices.framework/Versions/A/HIServices
0x00007fff42416000 	/System/Library/Frameworks/ApplicationServices.framework/Versions/A/Frameworks/LangAnalysis.framework/Versions/A/LangAnalysis
0x00007fff42426000 	/System/Library/Frameworks/ApplicationServices.framework/Versions/A/Frameworks/PrintCore.framework/Versions/A/PrintCore
0x00007fff42470000 	/System/Library/Frameworks/ApplicationServices.framework/Versions/A/Frameworks/QD.framework/Versions/A/QD
0x00007fff424aa000 	/System/Library/Frameworks/ApplicationServices.framework/Versions/A/Frameworks/SpeechSynthesis.framework/Versions/A/SpeechSynthesis
0x00007fff6cdf9000 	/usr/lib/libcompression.dylib
0x00007fff48a2d000 	/System/Library/Frameworks/MetalPerformanceShaders.framework/Versions/A/MetalPerformanceShaders
0x00007fff3ffb1000 	/System/Library/Frameworks/Accelerate.framework/Versions/A/Frameworks/vImage.framework/Versions/A/vImage
0x00007fff4102b000 	/System/Library/Frameworks/Accelerate.framework/Versions/A/Frameworks/vecLib.framework/Versions/A/vecLib
0x00007fff40f77000 	/System/Library/Frameworks/Accelerate.framework/Versions/A/Frameworks/vecLib.framework/Versions/A/libvMisc.dylib
0x00007fff40d8f000 	/System/Library/Frameworks/Accelerate.framework/Versions/A/Frameworks/vecLib.framework/Versions/A/libvDSP.dylib
0x00007fff4064b000 	/System/Library/Frameworks/Accelerate.framework/Versions/A/Frameworks/vecLib.framework/Versions/A/libBLAS.dylib
0x00007fff40938000 	/System/Library/Frameworks/Accelerate.framework/Versions/A/Frameworks/vecLib.framework/Versions/A/libLAPACK.dylib
0x00007fff40ce2000 	/System/Library/Frameworks/Accelerate.framework/Versions/A/Frameworks/vecLib.framework/Versions/A/libLinearAlgebra.dylib
0x00007fff40d7b000 	/System/Library/Frameworks/Accelerate.framework/Versions/A/Frameworks/vecLib.framework/Versions/A/libSparseBLAS.dylib
0x00007fff40cf8000 	/System/Library/Frameworks/Accelerate.framework/Versions/A/Frameworks/vecLib.framework/Versions/A/libQuadrature.dylib
0x00007fff408c5000 	/System/Library/Frameworks/Accelerate.framework/Versions/A/Frameworks/vecLib.framework/Versions/A/libBNNS.dylib
0x00007fff40cfe000 	/System/Library/Frameworks/Accelerate.framework/Versions/A/Frameworks/vecLib.framework/Versions/A/libSparse.dylib
0x00007fff5ec6d000 	/System/Library/PrivateFrameworks/GPUWrangler.framework/Versions/A/GPUWrangler
0x00007fff60f6c000 	/System/Library/PrivateFrameworks/IOAccelerator.framework/Versions/A/IOAccelerator
0x00007fff60f77000 	/System/Library/PrivateFrameworks/IOPresentment.framework/Versions/A/IOPresentment
0x00007fff586f7000 	/System/Library/PrivateFrameworks/DSExternalDisplay.framework/Versions/A/DSExternalDisplay
0x00007fff4cca1000 	/System/Library/Frameworks/OpenGL.framework/Versions/A/Libraries/libCoreFSCache.dylib
0x00007fff48821000 	/System/Library/Frameworks/MetalPerformanceShaders.framework/Frameworks/MPSCore.framework/Versions/A/MPSCore
0x00007fff48841000 	/System/Library/Frameworks/MetalPerformanceShaders.framework/Frameworks/MPSImage.framework/Versions/A/MPSImage
0x00007fff488e6000 	/System/Library/Frameworks/MetalPerformanceShaders.framework/Frameworks/MPSNeuralNetwork.framework/Versions/A/MPSNeuralNetwork
0x00007fff488be000 	/System/Library/Frameworks/MetalPerformanceShaders.framework/Frameworks/MPSMatrix.framework/Versions/A/MPSMatrix
0x00007fff48a12000 	/System/Library/Frameworks/MetalPerformanceShaders.framework/Frameworks/MPSRayIntersector.framework/Versions/A/MPSRayIntersector
0x00007fff62466000 	/System/Library/PrivateFrameworks/MetalTools.framework/Versions/A/MetalTools
0x00007fff535af000 	/System/Library/PrivateFrameworks/AggregateDictionary.framework/Versions/A/AggregateDictionary
0x00007fff6c9d8000 	/usr/lib/libMobileGestalt.dylib
0x00007fff45949000 	/System/Library/Frameworks/CoreVideo.framework/Versions/A/CoreVideo
0x00007fff5fa7e000 	/System/Library/PrivateFrameworks/GraphVisualizer.framework/Versions/A/GraphVisualizer
0x00007fff598fd000 	/System/Library/PrivateFrameworks/FaceCore.framework/Versions/A/FaceCore
0x00007fff4c2cf000 	/System/Library/Frameworks/OpenCL.framework/Versions/A/OpenCL
0x00007fff6c730000 	/usr/lib/libFosl_dynamic.dylib
0x00007fff63213000 	/System/Library/PrivateFrameworks/OTSVG.framework/Versions/A/OTSVG
0x00007fff420d9000 	/System/Library/Frameworks/ApplicationServices.framework/Versions/A/Frameworks/ATS.framework/Versions/A/Resources/libFontParser.dylib
0x00007fff421f1000 	/System/Library/Frameworks/ApplicationServices.framework/Versions/A/Frameworks/ATS.framework/Versions/A/Resources/libFontRegistry.dylib
0x00007fff46856000 	/System/Library/Frameworks/ImageIO.framework/Versions/A/Resources/libJPEG.dylib
0x00007fff46b68000 	/System/Library/Frameworks/ImageIO.framework/Versions/A/Resources/libTIFF.dylib
0x00007fff46b3e000 	/System/Library/Frameworks/ImageIO.framework/Versions/A/Resources/libPng.dylib
0x00007fff46774000 	/System/Library/Frameworks/ImageIO.framework/Versions/A/Resources/libGIF.dylib
0x00007fff46779000 	/System/Library/Frameworks/ImageIO.framework/Versions/A/Resources/libJP2.dylib
0x00007fff46b65000 	/System/Library/Frameworks/ImageIO.framework/Versions/A/Resources/libRadiance.dylib
0x00007fff53e5c000 	/System/Library/PrivateFrameworks/AppleJPEG.framework/Versions/A/AppleJPEG
0x00007fff4ccac000 	/System/Library/Frameworks/OpenGL.framework/Versions/A/Libraries/libGFXShared.dylib
0x00007fff4ce6f000 	/System/Library/Frameworks/OpenGL.framework/Versions/A/Libraries/libGLU.dylib
0x00007fff4ccb5000 	/System/Library/Frameworks/OpenGL.framework/Versions/A/Libraries/libGL.dylib
0x00007fff4ccc1000 	/System/Library/Frameworks/OpenGL.framework/Versions/A/Libraries/libGLImage.dylib
0x00007fff4cc9e000 	/System/Library/Frameworks/OpenGL.framework/Versions/A/Libraries/libCVMSPluginSupport.dylib
0x00007fff4cca7000 	/System/Library/Frameworks/OpenGL.framework/Versions/A/Libraries/libCoreVMClient.dylib
0x00007fff6d54a000 	/usr/lib/libcups.2.dylib
0x00007fff47d28000 	/System/Library/Frameworks/Kerberos.framework/Versions/A/Kerberos
0x00007fff46257000 	/System/Library/Frameworks/GSS.framework/Versions/A/GSS
0x00007fff6ec5d000 	/usr/lib/libresolv.9.dylib
0x00007fff6d73c000 	/usr/lib/libiconv.2.dylib
0x00007fff5fbf3000 	/System/Library/PrivateFrameworks/Heimdal.framework/Versions/A/Heimdal
0x00007fff6d70c000 	/usr/lib/libheimdal-asn1.dylib
0x00007fff4c343000 	/System/Library/Frameworks/OpenDirectory.framework/Versions/A/OpenDirectory
0x00007fff56682000 	/System/Library/PrivateFrameworks/CommonAuth.framework/Versions/A/CommonAuth
0x00007fff4c327000 	/System/Library/Frameworks/OpenDirectory.framework/Versions/A/Frameworks/CFOpenDirectory.framework/Versions/A/CFOpenDirectory
0x00007fff4f3f1000 	/System/Library/Frameworks/SecurityFoundation.framework/Versions/A/SecurityFoundation
0x00007fff52af5000 	/System/Library/PrivateFrameworks/APFS.framework/Versions/A/APFS
0x00007fff6f0be000 	/usr/lib/libutil.dylib
0x00007fff6cde7000 	/usr/lib/libcharset.1.dylib
0x00007fff540f9000 	/System/Library/PrivateFrameworks/AppleSauce.framework/Versions/A/AppleSauce
0x00007fff5427a000 	/System/Library/PrivateFrameworks/AssertionServices.framework/Versions/A/AssertionServices
0x00007fff549aa000 	/System/Library/PrivateFrameworks/BaseBoard.framework/Versions/A/BaseBoard
0x00007fff6db0d000 	/usr/lib/libmecab.1.0.0.dylib
0x00007fff6d706000 	/usr/lib/libgermantok.dylib
0x00007fff6cbb5000 	/usr/lib/libThaiTokenizer.dylib
0x00007fff6c660000 	/usr/lib/libChineseTokenizer.dylib
0x00007fff61624000 	/System/Library/PrivateFrameworks/LanguageModeling.framework/Versions/A/LanguageModeling
0x00007fff57364000 	/System/Library/PrivateFrameworks/CoreEmoji.framework/Versions/A/CoreEmoji
0x00007fff61700000 	/System/Library/PrivateFrameworks/Lexicon.framework/Versions/A/Lexicon
0x00007fff61743000 	/System/Library/PrivateFrameworks/LinguisticData.framework/Versions/A/LinguisticData
0x00007fff6cde8000 	/usr/lib/libcmph.dylib
0x00007fff4f4af000 	/System/Library/Frameworks/ServiceManagement.framework/Versions/A/ServiceManagement
0x00007fff5490b000 	/System/Library/PrivateFrameworks/BackgroundTaskManagement.framework/Versions/A/BackgroundTaskManagement
0x00007fff6f1b8000 	/usr/lib/libxslt.1.dylib
0x00007fff43147000 	/System/Library/Frameworks/Carbon.framework/Versions/A/Frameworks/Ink.framework/Versions/A/Ink
0x00007fff6a6ef000 	/System/Library/PrivateFrameworks/TextureIO.framework/Versions/A/TextureIO
0x00007fff6cc09000 	/usr/lib/libate.dylib
0x00007fff58646000 	/System/Library/PrivateFrameworks/CrashReporterSupport.framework/Versions/A/CrashReporterSupport
0x00007fff67e29000 	/System/Library/PrivateFrameworks/Sharing.framework/Versions/A/Sharing
0x00007fff5465d000 	/System/Library/PrivateFrameworks/AuthKit.framework/Versions/A/AuthKit
0x00007fff53bb1000 	/System/Library/PrivateFrameworks/Apple80211.framework/Versions/A/Apple80211
0x00007fff583ee000 	/System/Library/PrivateFrameworks/CoreUtils.framework/Versions/A/CoreUtils
0x00007fff4598a000 	/System/Library/Frameworks/CoreWLAN.framework/Versions/A/CoreWLAN
0x00007fff46386000 	/System/Library/Frameworks/IOBluetooth.framework/Versions/A/IOBluetooth
0x00007fff6629d000 	/System/Library/PrivateFrameworks/ProtocolBuffer.framework/Versions/A/ProtocolBuffer
0x00007fff6269e000 	/System/Library/PrivateFrameworks/MobileKeyBag.framework/Versions/A/MobileKeyBag
0x00007fff57c32000 	/System/Library/PrivateFrameworks/CorePhoneNumbers.framework/Versions/A/CorePhoneNumbers
0x00007fff53e10000 	/System/Library/PrivateFrameworks/AppleIDAuthSupport.framework/Versions/A/AppleIDAuthSupport
0x00007fff615f7000 	/System/Library/PrivateFrameworks/KeychainCircle.framework/Versions/A/KeychainCircle
0x00007fff66453000 	/System/Library/PrivateFrameworks/ROCKit.framework/Versions/A/ROCKit
0x00007fff585e2000 	/System/Library/PrivateFrameworks/CoreWiFi.framework/Versions/A/CoreWiFi
0x00007fff43715000 	/System/Library/Frameworks/CoreBluetooth.framework/Versions/A/CoreBluetooth
0x00007fff5883d000 	/System/Library/PrivateFrameworks/DebugSymbols.framework/Versions/A/DebugSymbols
0x00007fff581ae000 	/System/Library/PrivateFrameworks/CoreSymbolication.framework/Versions/A/CoreSymbolication
0x00007fff69f0a000 	/System/Library/PrivateFrameworks/Symbolication.framework/Versions/A/Symbolication
0x00007fff697ad000 	/System/Library/PrivateFrameworks/SpeechRecognitionCore.framework/Versions/A/SpeechRecognitionCore
0x000000010f000000 	/Library/Java/JavaVirtualMachines/jdk1.8.0_181.jdk/Contents/Home/jre/lib/server/libjvm.dylib
0x00007fff6ef99000 	/usr/lib/libstdc++.6.dylib
0x000000010e76e000 	/Library/Java/JavaVirtualMachines/jdk1.8.0_181.jdk/Contents/Home/jre/lib/libverify.dylib
0x000000010e77c000 	/Library/Java/JavaVirtualMachines/jdk1.8.0_181.jdk/Contents/Home/jre/lib/libjava.dylib
0x000000010e7b3000 	/Library/Java/JavaVirtualMachines/jdk1.8.0_181.jdk/Contents/Home/jre/lib/libjdwp.dylib
0x000000010ffb4000 	/Library/Java/JavaVirtualMachines/jdk1.8.0_181.jdk/Contents/Home/jre/lib/libnpt.dylib
0x000000010ffd2000 	/Library/Java/JavaVirtualMachines/jdk1.8.0_181.jdk/Contents/Home/jre/lib/libinstrument.dylib
0x000000011006e000 	/Library/Java/JavaVirtualMachines/jdk1.8.0_181.jdk/Contents/Home/jre/lib/libzip.dylib
0x00000001169f7000 	/Library/Java/JavaVirtualMachines/jdk1.8.0_181.jdk/Contents/Home/jre/lib/libdt_socket.dylib

VM Arguments:
jvm_args: -agentlib:jdwp=transport=dt_socket,address=127.0.0.1:53325,suspend=y,server=n -javaagent:/Users/ojasvi/Library/Caches/IntelliJIdea2018.2/captureAgent/debugger-agent.jar=file:/private/var/folders/p1/zwbpl48s77d45zmbvjkg577w0000gn/T/capture.props -Dfile.encoding=UTF-8 
java_command: test.AutoDiffTest
java_class_path (initial): /Library/Java/JavaVirtualMachines/jdk1.8.0_181.jdk/Contents/Home/jre/lib/charsets.jar:/Library/Java/JavaVirtualMachines/jdk1.8.0_181.jdk/Contents/Home/jre/lib/deploy.jar:/Library/Java/JavaVirtualMachines/jdk1.8.0_181.jdk/Contents/Home/jre/lib/ext/cldrdata.jar:/Library/Java/JavaVirtualMachines/jdk1.8.0_181.jdk/Contents/Home/jre/lib/ext/dnsns.jar:/Library/Java/JavaVirtualMachines/jdk1.8.0_181.jdk/Contents/Home/jre/lib/ext/jaccess.jar:/Library/Java/JavaVirtualMachines/jdk1.8.0_181.jdk/Contents/Home/jre/lib/ext/jfxrt.jar:/Library/Java/JavaVirtualMachines/jdk1.8.0_181.jdk/Contents/Home/jre/lib/ext/localedata.jar:/Library/Java/JavaVirtualMachines/jdk1.8.0_181.jdk/Contents/Home/jre/lib/ext/nashorn.jar:/Library/Java/JavaVirtualMachines/jdk1.8.0_181.jdk/Contents/Home/jre/lib/ext/sunec.jar:/Library/Java/JavaVirtualMachines/jdk1.8.0_181.jdk/Contents/Home/jre/lib/ext/sunjce_provider.jar:/Library/Java/JavaVirtualMachines/jdk1.8.0_181.jdk/Contents/Home/jre/lib/ext/sunpkcs11.jar:/Library/Java/JavaVirtualMachines/jdk1.8.0_181.jdk/Contents/Home/jre/lib/ext/zipfs.jar:/Library/Java/JavaVirtualMachines/jdk1.8.0_181.jdk/Contents/Home/jre/lib/javaws.jar:/Library/Java/JavaVirtualMachines/jdk1.8.0_181.jdk/Contents/Home/jre/lib/jce.jar:/Library/Java/JavaVirtualMachines/jdk1.8.0_181.jdk/Contents/Home/jre/lib/jfr.jar:/Library/Java/JavaVirtualMachines/jdk1.8.0_181.jdk/Contents/Home/jre/lib/jfxswt.jar:/Library/Java/JavaVirtualMachines/jdk1.8.0_181.jdk/Contents/Home/jre/lib/jsse.jar:/Library/Java/JavaVirtualMachines/jdk1.8.0_181.jdk/Contents/Home/jre/lib/management-agent.jar:/Library/Java/JavaVirtualMachines/jdk1.8.0_181.jdk/Contents/Home/jre/lib/plugin.jar:/Library/Java/JavaVirtualMachines/jdk1.8.0_181.jdk/Contents/Home/jre/lib/resources.jar:/Library/Java/JavaVirtualMachines/jdk1.8.0_181.jdk/Contents/Home/jre/lib/rt.jar:/Library/Java/JavaVirtualMachines/jdk1.8.0_181.jdk/Contents/Home/lib/ant-javafx.jar:/Library/Java/JavaVirtualMachines/jdk1.8.0_181.jdk/Contents/Home
Launcher Type: SUN_STANDARD

Environment Variables:
PATH=/usr/local/bin:/usr/bin:/bin:/usr/sbin:/sbin:/opt/X11/bin
SHELL=/bin/bash
DISPLAY=/private/tmp/com.apple.launchd.smMu8ylu80/org.macosforge.xquartz:0

Signal Handlers:
SIGSEGV: [libjvm.dylib+0x5b6029], sa_mask[0]=11111111011111110111111111111111, sa_flags=SA_ONSTACK|SA_RESTART|SA_SIGINFO
SIGBUS: [libjvm.dylib+0x5b6029], sa_mask[0]=11111111011111110111111111111111, sa_flags=SA_RESTART|SA_SIGINFO
SIGFPE: [libjvm.dylib+0x48b934], sa_mask[0]=11111111011111110111111111111111, sa_flags=SA_RESTART|SA_SIGINFO
SIGPIPE: [libjvm.dylib+0x48b934], sa_mask[0]=11111111011111110111111111111111, sa_flags=SA_RESTART|SA_SIGINFO
SIGXFSZ: [libjvm.dylib+0x48b934], sa_mask[0]=11111111011111110111111111111111, sa_flags=SA_RESTART|SA_SIGINFO
SIGILL: [libjvm.dylib+0x48b934], sa_mask[0]=11111111011111110111111111111111, sa_flags=SA_RESTART|SA_SIGINFO
SIGUSR1: SIG_DFL, sa_mask[0]=00000000000000000000000000000000, sa_flags=none
SIGUSR2: [libjvm.dylib+0x48b452], sa_mask[0]=00100000000000000000000000000000, sa_flags=SA_RESTART|SA_SIGINFO
SIGHUP: [libjvm.dylib+0x489a1d], sa_mask[0]=11111111011111110111111111111111, sa_flags=SA_RESTART|SA_SIGINFO
SIGINT: [libjvm.dylib+0x489a1d], sa_mask[0]=11111111011111110111111111111111, sa_flags=SA_RESTART|SA_SIGINFO
SIGTERM: [libjvm.dylib+0x489a1d], sa_mask[0]=11111111011111110111111111111111, sa_flags=SA_RESTART|SA_SIGINFO
SIGQUIT: [libjvm.dylib+0x489a1d], sa_mask[0]=11111111011111110111111111111111, sa_flags=SA_RESTART|SA_SIGINFO


---------------  S Y S T E M  ---------------

OS:Bsduname:Darwin 18.7.0 Darwin Kernel Version 18.7.0: Thu Jan 23 06:52:12 PST 2020; root:xnu-4903.278.25~1/RELEASE_X86_64 x86_64
rlimit: STACK 8192k, CORE 0k, NPROC 709, NOFILE 10240, AS infinity
load average:21.05 18.17 15.30

CPU:total 4 (initial active 4) (2 cores per cpu, 2 threads per core) family 6 model 142 stepping 9, cmov, cx8, fxsr, mmx, sse, sse2, sse3, ssse3, sse4.1, sse4.2, popcnt, avx, avx2, aes, clmul, erms, rtm, 3dnowpref, lzcnt, ht, tsc, tscinvbit, bmi1, bmi2, adx

Memory: 4k page, physical 8388608k(54036k free)

/proc/meminfo:


vm_info: Java HotSpot(TM) 64-Bit Server VM (25.181-b13) for bsd-amd64 JRE (1.8.0_181-b13), built on Jul  7 2018 01:02:31 by "java_re" with gcc 4.2.1 (Based on Apple Inc. build 5658) (LLVM build 2336.11.00)

time: Fri Feb 21 22:30:41 2020
elapsed time: 5369 seconds (0d 1h 29m 29s)

