#
# A fatal error has been detected by the Java Runtime Environment:
#
#  Internal Error (javaCalls.cpp:51), pid=78280, tid=0x0000000000005403
#  guarantee(thread->is_Java_thread()) failed: crucial check - the VM thread cannot and must not escape to Java code
#
# JRE version: Java(TM) SE Runtime Environment (8.0_181-b13) (build 1.8.0_181-b13)
# Java VM: Java HotSpot(TM) 64-Bit Server VM (25.181-b13 mixed mode bsd-amd64 compressed oops)
# Failed to write core dump. Core dumps have been disabled. To enable core dumping, try "ulimit -c unlimited" before starting Java again
#
# If you would like to submit a bug report, please visit:
#   http://bugreport.java.com/bugreport/crash.jsp
#

---------------  T H R E A D  ---------------

Current thread (0x00007f9072818800):  VMThread [stack: 0x0000700002be5000,0x0000700002ce5000] [id=21507]

Stack: [0x0000700002be5000,0x0000700002ce5000],  sp=0x0000700002ce3630,  free space=1017k
Native frames: (J=compiled Java code, j=interpreted, Vv=VM code, C=native code)
V  [libjvm.dylib+0x5b581a]
V  [libjvm.dylib+0x1e9185]
V  [libjvm.dylib+0x2ef35c]
V  [libjvm.dylib+0x2efc14]
V  [libjvm.dylib+0x2f0147]
V  [libjvm.dylib+0x243b41]
V  [libjvm.dylib+0x243c3c]
V  [libjvm.dylib+0x243e9b]
V  [libjvm.dylib+0x243eb6]
V  [libjvm.dylib+0x287b87]
V  [libjvm.dylib+0x287c17]
V  [libjvm.dylib+0x288c17]
V  [libjvm.dylib+0x28a7ec]
V  [libjvm.dylib+0x28aa3b]
V  [libjvm.dylib+0x28afd2]
V  [libjvm.dylib+0x28b3eb]
V  [libjvm.dylib+0x485331]
V  [libjvm.dylib+0x48553a]
V  [libjvm.dylib+0x48571b]
V  [libjvm.dylib+0x4859d2]
V  [libjvm.dylib+0x2c2b04]
V  [libjvm.dylib+0x45306d]
V  [libjvm.dylib+0x39afbf]
V  [libjvm.dylib+0x5bd499]
V  [libjvm.dylib+0x5bba31]
V  [libjvm.dylib+0x5bbe7e]
V  [libjvm.dylib+0x5bb79d]
V  [libjvm.dylib+0x48e342]
C  [libsystem_pthread.dylib+0x32eb]  _pthread_body+0x7e
C  [libsystem_pthread.dylib+0x6249]  _pthread_start+0x42
C  [libsystem_pthread.dylib+0x240d]  thread_start+0xd

VM_Operation (0x00007000030f0978): GetOrSetLocal, mode: safepoint, requested by thread 0x00007f9072831800


---------------  P R O C E S S  ---------------

Java Threads: ( => current thread )
  0x00007f9072045000 JavaThread "Service Thread" daemon [_thread_blocked, id=16131, stack(0x0000700003603000,0x0000700003703000)]
  0x00007f9072044800 JavaThread "C1 CompilerThread2" daemon [_thread_blocked, id=14083, stack(0x0000700003500000,0x0000700003600000)]
  0x00007f9072043800 JavaThread "C2 CompilerThread1" daemon [_thread_blocked, id=13571, stack(0x00007000033fd000,0x00007000034fd000)]
  0x00007f9072882800 JavaThread "C2 CompilerThread0" daemon [_thread_blocked, id=16899, stack(0x00007000032fa000,0x00007000033fa000)]
  0x00007f907303b000 JavaThread "JDWP Command Reader" daemon [_thread_in_native, id=17411, stack(0x00007000031f7000,0x00007000032f7000)]
  0x00007f9071824000 JavaThread "JDWP Event Helper Thread" daemon [_thread_blocked, id=17667, stack(0x00007000030f4000,0x00007000031f4000)]
  0x00007f9072831800 JavaThread "JDWP Transport Listener: dt_socket" daemon [_thread_blocked, id=17927, stack(0x0000700002ff1000,0x00007000030f1000)]
  0x00007f9073007800 JavaThread "Signal Dispatcher" daemon [_thread_blocked, id=18435, stack(0x0000700002eee000,0x0000700002fee000)]
  0x00007f907180e800 JavaThread "Finalizer" daemon [_thread_blocked, id=20483, stack(0x0000700002deb000,0x0000700002eeb000)]
  0x00007f9071808000 JavaThread "Reference Handler" daemon [_thread_blocked, id=20995, stack(0x0000700002ce8000,0x0000700002de8000)]
  0x00007f9072006800 JavaThread "main" [_thread_blocked, id=9987, stack(0x00007000026d6000,0x00007000027d6000)]

Other Threads:
=>0x00007f9072818800 VMThread [stack: 0x0000700002be5000,0x0000700002ce5000] [id=21507]
  0x00007f9072048000 WatcherThread [stack: 0x0000700003706000,0x0000700003806000] [id=14595]

VM state:at safepoint (normal execution)

VM Mutex/Monitor currently owned by a thread:  ([mutex/lock_event])
[0x00007f9071403290] Threads_lock - owner thread: 0x00007f9072818800

Heap:
 PSYoungGen      total 38400K, used 25357K [0x0000000795580000, 0x0000000798000000, 0x00000007c0000000)
  eden space 33280K, 76% used [0x0000000795580000,0x0000000796e43488,0x0000000797600000)
  from space 5120K, 0% used [0x0000000797b00000,0x0000000797b00000,0x0000000798000000)
  to   space 5120K, 0% used [0x0000000797600000,0x0000000797600000,0x0000000797b00000)
 ParOldGen       total 87552K, used 0K [0x0000000740000000, 0x0000000745580000, 0x0000000795580000)
  object space 87552K, 0% used [0x0000000740000000,0x0000000740000000,0x0000000745580000)
 Metaspace       used 8716K, capacity 9160K, committed 9344K, reserved 1056768K
  class space    used 1025K, capacity 1084K, committed 1152K, reserved 1048576K

Card table byte_map: [0x00000001080de000,0x00000001084df000] byte_map_base: 0x00000001046de000

Marking Bits: (ParMarkBitMap*) 0x0000000106d0dcd0
 Begin Bits: [0x0000000117d8e000, 0x0000000119d8e000)
 End Bits:   [0x0000000119d8e000, 0x000000011bd8e000)

Polling page: 0x00000001073d6000

CodeCache: size=245760Kb used=2820Kb max_used=2846Kb free=242939Kb
 bounds [0x0000000108d8e000, 0x000000010905e000, 0x0000000117d8e000]
 total_blobs=931 nmethods=634 adapters=219
 compilation: enabled

Compilation events (10 events):
Event: 655.505 Thread 0x00007f9072044800  650       3       scala.collection.Iterator::iterator$ (5 bytes)
Event: 655.505 Thread 0x00007f9072044800 nmethod 650 0x0000000108e9ec90 code [0x0000000108e9ee00, 0x0000000108e9ef90]
Event: 655.617 Thread 0x00007f9072044800  651       3       scala.runtime.ScalaRunTime$::_toString (46 bytes)
Event: 655.618 Thread 0x00007f9072044800 nmethod 651 0x0000000108ea2bd0 code [0x0000000108ea2dc0, 0x0000000108ea3738]
Event: 655.618 Thread 0x00007f9072044800  652       3       scala.runtime.ScalaRunTime$::typedProductIterator (9 bytes)
Event: 655.618 Thread 0x00007f9072044800 nmethod 652 0x0000000108eaf310 code [0x0000000108eaf4a0, 0x0000000108eaf868]
Event: 667.478 Thread 0x00007f9072044800  654       3       scala.collection.IterableOnceOps::addString (107 bytes)
Event: 667.479 Thread 0x00007f9072044800 nmethod 654 0x0000000108eba6d0 code [0x0000000108eba980, 0x0000000108ebbdd8]
Event: 667.480 Thread 0x00007f9072044800  653       3       scala.collection.IterableOnceOps::addString$ (10 bytes)
Event: 667.480 Thread 0x00007f9072044800 nmethod 653 0x0000000108eb2450 code [0x0000000108eb25c0, 0x0000000108eb2768]

GC Heap History (0 events):
No events

Deoptimization events (1 events):
Event: 0.862 Thread 0x00007f9072006800 Uncommon trap: reason=unstable_if action=reinterpret pc=0x0000000108f19154 method=java.lang.String.indexOf([CII[CIII)I @ 123

Classes redefined (10 events):
Event: 1094.939 Thread 0x00007f9072818800 redefined class name=eval.DoubleEvaluator$, count=1
Event: 1201.531 Thread 0x00007f9072818800 redefined class name=eval.DoubleEvaluator$, count=2
Event: 1692.040 Thread 0x00007f9072818800 redefined class name=automaticDifferentiation.AutomaticDifferentiateExpr$, count=1
Event: 1692.047 Thread 0x00007f9072818800 redefined class name=test.AutoDiffTest, count=1
Event: 1692.053 Thread 0x00007f9072818800 redefined class name=test.AutoDiffTest$delayedInit$body, count=1
Event: 1692.141 Thread 0x00007f9072818800 redefined class name=test.AutoDiffTest$, count=1
Event: 1790.793 Thread 0x00007f9072818800 redefined class name=test.AutoDiffTest, count=2
Event: 1790.799 Thread 0x00007f9072818800 redefined class name=test.AutoDiffTest$delayedInit$body, count=2
Event: 1790.805 Thread 0x00007f9072818800 redefined class name=test.AutoDiffTest$, count=2
Event: 3708.823 Thread 0x00007f9072818800 redefined class name=automaticDifferentiation.AutomaticDifferentiateExpr$, count=2

Internal exceptions (5 events):
Event: 0.039 Thread 0x00007f9072006800 Exception <a 'java/lang/NoSuchMethodError': Method sun.misc.Unsafe.defineClass(Ljava/lang/String;[BII)Ljava/lang/Class; name or signature does not match> (0x0000000795587cb0) thrown at [/Users/java_re/workspace/8-2-build-macosx-x86_64/jdk8u181/11358/hotsp
Event: 0.039 Thread 0x00007f9072006800 Exception <a 'java/lang/NoSuchMethodError': Method sun.misc.Unsafe.prefetchRead(Ljava/lang/Object;J)V name or signature does not match> (0x0000000795587f98) thrown at [/Users/java_re/workspace/8-2-build-macosx-x86_64/jdk8u181/11358/hotspot/src/share/vm/pr
Event: 0.921 Thread 0x00007f9072006800 Exception <a 'java/lang/NoSuchFieldError': method resolution failed> (0x0000000796298188) thrown at [/Users/java_re/workspace/8-2-build-macosx-x86_64/jdk8u181/11358/hotspot/src/share/vm/prims/methodHandles.cpp, line 1167]
Event: 0.923 Thread 0x00007f9072006800 Exception <a 'java/lang/NoSuchFieldError': method resolution failed> (0x00000007962a5da8) thrown at [/Users/java_re/workspace/8-2-build-macosx-x86_64/jdk8u181/11358/hotspot/src/share/vm/prims/methodHandles.cpp, line 1167]
Event: 0.930 Thread 0x00007f9072006800 Exception <a 'java/lang/NoSuchMethodError': java.lang.Object.$anonfun$main$1$adapted(Lscala/Function0;)Ljava/lang/Object;> (0x00000007962cd878) thrown at [/Users/java_re/workspace/8-2-build-macosx-x86_64/jdk8u181/11358/hotspot/src/share/vm/interpreter/lin

Events (10 events):
Event: 3709.091 Executing VM operation: GetOrSetLocal done
Event: 3709.092 Executing VM operation: GetOrSetLocal
Event: 3709.092 Executing VM operation: GetOrSetLocal done
Event: 3709.095 Executing VM operation: GetOrSetLocal
Event: 3709.095 Executing VM operation: GetOrSetLocal done
Event: 3709.096 Executing VM operation: GetOrSetLocal
Event: 3709.096 Executing VM operation: GetOrSetLocal done
Event: 3709.097 Executing VM operation: GetOrSetLocal
Event: 3709.097 Executing VM operation: GetOrSetLocal done
Event: 3709.098 Executing VM operation: GetOrSetLocal


Dynamic libraries:
0x00007fff43342000 	/System/Library/Frameworks/Cocoa.framework/Versions/A/Cocoa
0x00007fff4f0f0000 	/System/Library/Frameworks/Security.framework/Versions/A/Security
0x00007fff41fd4000 	/System/Library/Frameworks/ApplicationServices.framework/Versions/A/ApplicationServices
0x00007fff6f1e1000 	/usr/lib/libz.1.dylib
0x00007fff6cb38000 	/usr/lib/libSystem.B.dylib
0x00007fff6e371000 	/usr/lib/libobjc.A.dylib
0x00007fff43bb7000 	/System/Library/Frameworks/CoreFoundation.framework/Versions/A/CoreFoundation
0x00007fff45e3b000 	/System/Library/Frameworks/Foundation.framework/Versions/C/Foundation
0x00007fff411cd000 	/System/Library/Frameworks/AppKit.framework/Versions/C/AppKit
0x00007fff43740000 	/System/Library/Frameworks/CoreData.framework/Versions/A/CoreData
0x00007fff665fd000 	/System/Library/PrivateFrameworks/RemoteViewServices.framework/Versions/A/RemoteViewServices
0x00007fff6a874000 	/System/Library/PrivateFrameworks/UIFoundation.framework/Versions/A/UIFoundation
0x00007fff6bf59000 	/System/Library/PrivateFrameworks/XCTTargetBootstrap.framework/Versions/A/XCTTargetBootstrap
0x00007fff43ac6000 	/System/Library/Frameworks/CoreDisplay.framework/Versions/A/CoreDisplay
0x00007fff61337000 	/System/Library/PrivateFrameworks/IconServices.framework/Versions/A/IconServices
0x00007fff4875d000 	/System/Library/Frameworks/Metal.framework/Versions/A/Metal
0x00007fff5887b000 	/System/Library/PrivateFrameworks/DesktopServicesPriv.framework/Versions/A/DesktopServicesPriv
0x00007fff6d6d4000 	/usr/lib/libenergytrace.dylib
0x00007fff68d5b000 	/System/Library/PrivateFrameworks/SkyLight.framework/Versions/A/SkyLight
0x00007fff43ffe000 	/System/Library/Frameworks/CoreGraphics.framework/Versions/A/CoreGraphics
0x00007fff3ff99000 	/System/Library/Frameworks/Accelerate.framework/Versions/A/Accelerate
0x00007fff46584000 	/System/Library/Frameworks/IOSurface.framework/Versions/A/IOSurface
0x00007fff586e7000 	/System/Library/PrivateFrameworks/DFRFoundation.framework/Versions/A/DFRFoundation
0x00007fff424b7000 	/System/Library/Frameworks/AudioToolbox.framework/Versions/A/AudioToolbox
0x00007fff42730000 	/System/Library/Frameworks/AudioUnit.framework/Versions/A/AudioUnit
0x00007fff5877c000 	/System/Library/PrivateFrameworks/DataDetectorsCore.framework/Versions/A/DataDetectorsCore
0x00007fff42e45000 	/System/Library/Frameworks/Carbon.framework/Versions/A/Frameworks/HIToolbox.framework/Versions/A/HIToolbox
0x00007fff6d82d000 	/usr/lib/libicucore.A.dylib
0x00007fff4e663000 	/System/Library/Frameworks/QuartzCore.framework/Versions/A/QuartzCore
0x00007fff4321a000 	/System/Library/Frameworks/Carbon.framework/Versions/A/Frameworks/SpeechRecognition.framework/Versions/A/SpeechRecognition
0x00007fff6cc8c000 	/usr/lib/libauto.dylib
0x00007fff6f0d4000 	/usr/lib/libxml2.2.dylib
0x00007fff582c2000 	/System/Library/PrivateFrameworks/CoreUI.framework/Versions/A/CoreUI
0x00007fff4362b000 	/System/Library/Frameworks/CoreAudio.framework/Versions/A/CoreAudio
0x00007fff45c70000 	/System/Library/Frameworks/DiskArbitration.framework/Versions/A/DiskArbitration
0x00007fff6dadb000 	/usr/lib/liblangid.dylib
0x00007fff62742000 	/System/Library/PrivateFrameworks/MultitouchSupport.framework/Versions/A/MultitouchSupport
0x00007fff464f3000 	/System/Library/Frameworks/IOKit.framework/Versions/A/IOKit
0x00007fff6c6f8000 	/usr/lib/libDiagnosticMessagesClient.dylib
0x00007fff44e0e000 	/System/Library/Frameworks/CoreServices.framework/Versions/A/CoreServices
0x00007fff643fc000 	/System/Library/PrivateFrameworks/PerformanceAnalysis.framework/Versions/A/PerformanceAnalysis
0x00007fff4d84a000 	/System/Library/Frameworks/OpenGL.framework/Versions/A/OpenGL
0x00007fff43350000 	/System/Library/Frameworks/ColorSync.framework/Versions/A/ColorSync
0x00007fff44690000 	/System/Library/Frameworks/CoreImage.framework/Versions/A/CoreImage
0x00007fff457e6000 	/System/Library/Frameworks/CoreText.framework/Versions/A/CoreText
0x00007fff465e7000 	/System/Library/Frameworks/ImageIO.framework/Versions/A/ImageIO
0x00007fff54914000 	/System/Library/PrivateFrameworks/Backup.framework/Versions/A/Backup
0x00007fff6cbdf000 	/usr/lib/libarchive.2.dylib
0x00007fff42a89000 	/System/Library/Frameworks/CFNetwork.framework/Versions/A/CFNetwork
0x00007fff4f84c000 	/System/Library/Frameworks/SystemConfiguration.framework/Versions/A/SystemConfiguration
0x00007fff6c629000 	/usr/lib/libCRFSuite.dylib
0x00007fff6cd7d000 	/usr/lib/libc++.1.dylib
0x00007fff6cdd1000 	/usr/lib/libc++abi.dylib
0x00007fff6f9d7000 	/usr/lib/system/libcache.dylib
0x00007fff6f9dc000 	/usr/lib/system/libcommonCrypto.dylib
0x00007fff6f9e7000 	/usr/lib/system/libcompiler_rt.dylib
0x00007fff6f9ef000 	/usr/lib/system/libcopyfile.dylib
0x00007fff6f9f9000 	/usr/lib/system/libcorecrypto.dylib
0x00007fff6fb04000 	/usr/lib/system/libdispatch.dylib
0x00007fff6fb3e000 	/usr/lib/system/libdyld.dylib
0x00007fff6fb6b000 	/usr/lib/system/libkeymgr.dylib
0x00007fff6fb79000 	/usr/lib/system/liblaunch.dylib
0x00007fff6fb7a000 	/usr/lib/system/libmacho.dylib
0x00007fff6fb80000 	/usr/lib/system/libquarantine.dylib
0x00007fff6fb83000 	/usr/lib/system/libremovefile.dylib
0x00007fff6fb85000 	/usr/lib/system/libsystem_asl.dylib
0x00007fff6fb9d000 	/usr/lib/system/libsystem_blocks.dylib
0x00007fff6fb9e000 	/usr/lib/system/libsystem_c.dylib
0x00007fff6fc26000 	/usr/lib/system/libsystem_configuration.dylib
0x00007fff6fc2a000 	/usr/lib/system/libsystem_coreservices.dylib
0x00007fff6fc2e000 	/usr/lib/system/libsystem_darwin.dylib
0x00007fff6fc35000 	/usr/lib/system/libsystem_dnssd.dylib
0x00007fff6fc3c000 	/usr/lib/system/libsystem_info.dylib
0x00007fff6fcb1000 	/usr/lib/system/libsystem_m.dylib
0x00007fff6fcfd000 	/usr/lib/system/libsystem_malloc.dylib
0x00007fff6fd28000 	/usr/lib/system/libsystem_networkextension.dylib
0x00007fff6fd33000 	/usr/lib/system/libsystem_notify.dylib
0x00007fff6fd50000 	/usr/lib/system/libsystem_sandbox.dylib
0x00007fff6fd54000 	/usr/lib/system/libsystem_secinit.dylib
0x00007fff6fc88000 	/usr/lib/system/libsystem_kernel.dylib
0x00007fff6fd3b000 	/usr/lib/system/libsystem_platform.dylib
0x00007fff6fd45000 	/usr/lib/system/libsystem_pthread.dylib
0x00007fff6fd57000 	/usr/lib/system/libsystem_symptoms.dylib
0x00007fff6fd5f000 	/usr/lib/system/libsystem_trace.dylib
0x00007fff6fd76000 	/usr/lib/system/libunwind.dylib
0x00007fff6fd7c000 	/usr/lib/system/libxpc.dylib
0x00007fff6cd5e000 	/usr/lib/libbsm.0.dylib
0x00007fff6fb6c000 	/usr/lib/system/libkxld.dylib
0x00007fff53d05000 	/System/Library/PrivateFrameworks/AppleFSCompression.framework/Versions/A/AppleFSCompression
0x00007fff6c9f8000 	/usr/lib/libOpenScriptingUtil.dylib
0x00007fff6d086000 	/usr/lib/libcoretls.dylib
0x00007fff6d09d000 	/usr/lib/libcoretls_cfhelpers.dylib
0x00007fff6eb08000 	/usr/lib/libpam.2.dylib
0x00007fff6ecc8000 	/usr/lib/libsqlite3.dylib
0x00007fff6f0c2000 	/usr/lib/libxar.1.dylib
0x00007fff6cd6f000 	/usr/lib/libbz2.1.0.dylib
0x00007fff6dadd000 	/usr/lib/liblzma.5.dylib
0x00007fff6df8e000 	/usr/lib/libnetwork.dylib
0x00007fff6cbc8000 	/usr/lib/libapple_nghttp2.dylib
0x00007fff6eb0f000 	/usr/lib/libpcap.A.dylib
0x00007fff451ad000 	/System/Library/Frameworks/CoreServices.framework/Versions/A/Frameworks/FSEvents.framework/Versions/A/FSEvents
0x00007fff44e8c000 	/System/Library/Frameworks/CoreServices.framework/Versions/A/Frameworks/CarbonCore.framework/Versions/A/CarbonCore
0x00007fff45368000 	/System/Library/Frameworks/CoreServices.framework/Versions/A/Frameworks/Metadata.framework/Versions/A/Metadata
0x00007fff45407000 	/System/Library/Frameworks/CoreServices.framework/Versions/A/Frameworks/OSServices.framework/Versions/A/OSServices
0x00007fff45452000 	/System/Library/Frameworks/CoreServices.framework/Versions/A/Frameworks/SearchKit.framework/Versions/A/SearchKit
0x00007fff44e0f000 	/System/Library/Frameworks/CoreServices.framework/Versions/A/Frameworks/AE.framework/Versions/A/AE
0x00007fff451b6000 	/System/Library/Frameworks/CoreServices.framework/Versions/A/Frameworks/LaunchServices.framework/Versions/A/LaunchServices
0x00007fff45164000 	/System/Library/Frameworks/CoreServices.framework/Versions/A/Frameworks/DictionaryServices.framework/Versions/A/DictionaryServices
0x00007fff454ba000 	/System/Library/Frameworks/CoreServices.framework/Versions/A/Frameworks/SharedFileList.framework/Versions/A/SharedFileList
0x00007fff49825000 	/System/Library/Frameworks/NetFS.framework/Versions/A/NetFS
0x00007fff629a8000 	/System/Library/PrivateFrameworks/NetAuth.framework/Versions/A/NetAuth
0x00007fff6c35d000 	/System/Library/PrivateFrameworks/login.framework/Versions/A/Frameworks/loginsupport.framework/Versions/A/loginsupport
0x00007fff6a47d000 	/System/Library/PrivateFrameworks/TCC.framework/Versions/A/TCC
0x00007fff5791f000 	/System/Library/PrivateFrameworks/CoreNLP.framework/Versions/A/CoreNLP
0x00007fff6243d000 	/System/Library/PrivateFrameworks/MetadataUtilities.framework/Versions/A/MetadataUtilities
0x00007fff6dbb2000 	/usr/lib/libmecabra.dylib
0x00007fff41fd5000 	/System/Library/Frameworks/ApplicationServices.framework/Versions/A/Frameworks/ATS.framework/Versions/A/ATS
0x00007fff42324000 	/System/Library/Frameworks/ApplicationServices.framework/Versions/A/Frameworks/ColorSyncLegacy.framework/Versions/A/ColorSyncLegacy
0x00007fff423c3000 	/System/Library/Frameworks/ApplicationServices.framework/Versions/A/Frameworks/HIServices.framework/Versions/A/HIServices
0x00007fff42416000 	/System/Library/Frameworks/ApplicationServices.framework/Versions/A/Frameworks/LangAnalysis.framework/Versions/A/LangAnalysis
0x00007fff42426000 	/System/Library/Frameworks/ApplicationServices.framework/Versions/A/Frameworks/PrintCore.framework/Versions/A/PrintCore
0x00007fff42470000 	/System/Library/Frameworks/ApplicationServices.framework/Versions/A/Frameworks/QD.framework/Versions/A/QD
0x00007fff424aa000 	/System/Library/Frameworks/ApplicationServices.framework/Versions/A/Frameworks/SpeechSynthesis.framework/Versions/A/SpeechSynthesis
0x00007fff6cdf9000 	/usr/lib/libcompression.dylib
0x00007fff48a2d000 	/System/Library/Frameworks/MetalPerformanceShaders.framework/Versions/A/MetalPerformanceShaders
0x00007fff3ffb1000 	/System/Library/Frameworks/Accelerate.framework/Versions/A/Frameworks/vImage.framework/Versions/A/vImage
0x00007fff4102b000 	/System/Library/Frameworks/Accelerate.framework/Versions/A/Frameworks/vecLib.framework/Versions/A/vecLib
0x00007fff40f77000 	/System/Library/Frameworks/Accelerate.framework/Versions/A/Frameworks/vecLib.framework/Versions/A/libvMisc.dylib
0x00007fff40d8f000 	/System/Library/Frameworks/Accelerate.framework/Versions/A/Frameworks/vecLib.framework/Versions/A/libvDSP.dylib
0x00007fff4064b000 	/System/Library/Frameworks/Accelerate.framework/Versions/A/Frameworks/vecLib.framework/Versions/A/libBLAS.dylib
0x00007fff40938000 	/System/Library/Frameworks/Accelerate.framework/Versions/A/Frameworks/vecLib.framework/Versions/A/libLAPACK.dylib
0x00007fff40ce2000 	/System/Library/Frameworks/Accelerate.framework/Versions/A/Frameworks/vecLib.framework/Versions/A/libLinearAlgebra.dylib
0x00007fff40d7b000 	/System/Library/Frameworks/Accelerate.framework/Versions/A/Frameworks/vecLib.framework/Versions/A/libSparseBLAS.dylib
0x00007fff40cf8000 	/System/Library/Frameworks/Accelerate.framework/Versions/A/Frameworks/vecLib.framework/Versions/A/libQuadrature.dylib
0x00007fff408c5000 	/System/Library/Frameworks/Accelerate.framework/Versions/A/Frameworks/vecLib.framework/Versions/A/libBNNS.dylib
0x00007fff40cfe000 	/System/Library/Frameworks/Accelerate.framework/Versions/A/Frameworks/vecLib.framework/Versions/A/libSparse.dylib
0x00007fff5ec6d000 	/System/Library/PrivateFrameworks/GPUWrangler.framework/Versions/A/GPUWrangler
0x00007fff60f6c000 	/System/Library/PrivateFrameworks/IOAccelerator.framework/Versions/A/IOAccelerator
0x00007fff60f77000 	/System/Library/PrivateFrameworks/IOPresentment.framework/Versions/A/IOPresentment
0x00007fff586f7000 	/System/Library/PrivateFrameworks/DSExternalDisplay.framework/Versions/A/DSExternalDisplay
0x00007fff4cca1000 	/System/Library/Frameworks/OpenGL.framework/Versions/A/Libraries/libCoreFSCache.dylib
0x00007fff48821000 	/System/Library/Frameworks/MetalPerformanceShaders.framework/Frameworks/MPSCore.framework/Versions/A/MPSCore
0x00007fff48841000 	/System/Library/Frameworks/MetalPerformanceShaders.framework/Frameworks/MPSImage.framework/Versions/A/MPSImage
0x00007fff488e6000 	/System/Library/Frameworks/MetalPerformanceShaders.framework/Frameworks/MPSNeuralNetwork.framework/Versions/A/MPSNeuralNetwork
0x00007fff488be000 	/System/Library/Frameworks/MetalPerformanceShaders.framework/Frameworks/MPSMatrix.framework/Versions/A/MPSMatrix
0x00007fff48a12000 	/System/Library/Frameworks/MetalPerformanceShaders.framework/Frameworks/MPSRayIntersector.framework/Versions/A/MPSRayIntersector
0x00007fff62466000 	/System/Library/PrivateFrameworks/MetalTools.framework/Versions/A/MetalTools
0x00007fff535af000 	/System/Library/PrivateFrameworks/AggregateDictionary.framework/Versions/A/AggregateDictionary
0x00007fff6c9d8000 	/usr/lib/libMobileGestalt.dylib
0x00007fff45949000 	/System/Library/Frameworks/CoreVideo.framework/Versions/A/CoreVideo
0x00007fff5fa7e000 	/System/Library/PrivateFrameworks/GraphVisualizer.framework/Versions/A/GraphVisualizer
0x00007fff598fd000 	/System/Library/PrivateFrameworks/FaceCore.framework/Versions/A/FaceCore
0x00007fff4c2cf000 	/System/Library/Frameworks/OpenCL.framework/Versions/A/OpenCL
0x00007fff6c730000 	/usr/lib/libFosl_dynamic.dylib
0x00007fff63213000 	/System/Library/PrivateFrameworks/OTSVG.framework/Versions/A/OTSVG
0x00007fff420d9000 	/System/Library/Frameworks/ApplicationServices.framework/Versions/A/Frameworks/ATS.framework/Versions/A/Resources/libFontParser.dylib
0x00007fff421f1000 	/System/Library/Frameworks/ApplicationServices.framework/Versions/A/Frameworks/ATS.framework/Versions/A/Resources/libFontRegistry.dylib
0x00007fff46856000 	/System/Library/Frameworks/ImageIO.framework/Versions/A/Resources/libJPEG.dylib
0x00007fff46b68000 	/System/Library/Frameworks/ImageIO.framework/Versions/A/Resources/libTIFF.dylib
0x00007fff46b3e000 	/System/Library/Frameworks/ImageIO.framework/Versions/A/Resources/libPng.dylib
0x00007fff46774000 	/System/Library/Frameworks/ImageIO.framework/Versions/A/Resources/libGIF.dylib
0x00007fff46779000 	/System/Library/Frameworks/ImageIO.framework/Versions/A/Resources/libJP2.dylib
0x00007fff46b65000 	/System/Library/Frameworks/ImageIO.framework/Versions/A/Resources/libRadiance.dylib
0x00007fff53e5c000 	/System/Library/PrivateFrameworks/AppleJPEG.framework/Versions/A/AppleJPEG
0x00007fff4ccac000 	/System/Library/Frameworks/OpenGL.framework/Versions/A/Libraries/libGFXShared.dylib
0x00007fff4ce6f000 	/System/Library/Frameworks/OpenGL.framework/Versions/A/Libraries/libGLU.dylib
0x00007fff4ccb5000 	/System/Library/Frameworks/OpenGL.framework/Versions/A/Libraries/libGL.dylib
0x00007fff4ccc1000 	/System/Library/Frameworks/OpenGL.framework/Versions/A/Libraries/libGLImage.dylib
0x00007fff4cc9e000 	/System/Library/Frameworks/OpenGL.framework/Versions/A/Libraries/libCVMSPluginSupport.dylib
0x00007fff4cca7000 	/System/Library/Frameworks/OpenGL.framework/Versions/A/Libraries/libCoreVMClient.dylib
0x00007fff6d54a000 	/usr/lib/libcups.2.dylib
0x00007fff47d28000 	/System/Library/Frameworks/Kerberos.framework/Versions/A/Kerberos
0x00007fff46257000 	/System/Library/Frameworks/GSS.framework/Versions/A/GSS
0x00007fff6ec5d000 	/usr/lib/libresolv.9.dylib
0x00007fff6d73c000 	/usr/lib/libiconv.2.dylib
0x00007fff5fbf3000 	/System/Library/PrivateFrameworks/Heimdal.framework/Versions/A/Heimdal
0x00007fff6d70c000 	/usr/lib/libheimdal-asn1.dylib
0x00007fff4c343000 	/System/Library/Frameworks/OpenDirectory.framework/Versions/A/OpenDirectory
0x00007fff56682000 	/System/Library/PrivateFrameworks/CommonAuth.framework/Versions/A/CommonAuth
0x00007fff4c327000 	/System/Library/Frameworks/OpenDirectory.framework/Versions/A/Frameworks/CFOpenDirectory.framework/Versions/A/CFOpenDirectory
0x00007fff4f3f1000 	/System/Library/Frameworks/SecurityFoundation.framework/Versions/A/SecurityFoundation
0x00007fff52af5000 	/System/Library/PrivateFrameworks/APFS.framework/Versions/A/APFS
0x00007fff6f0be000 	/usr/lib/libutil.dylib
0x00007fff6cde7000 	/usr/lib/libcharset.1.dylib
0x00007fff540f9000 	/System/Library/PrivateFrameworks/AppleSauce.framework/Versions/A/AppleSauce
0x00007fff5427a000 	/System/Library/PrivateFrameworks/AssertionServices.framework/Versions/A/AssertionServices
0x00007fff549aa000 	/System/Library/PrivateFrameworks/BaseBoard.framework/Versions/A/BaseBoard
0x00007fff6db0d000 	/usr/lib/libmecab.1.0.0.dylib
0x00007fff6d706000 	/usr/lib/libgermantok.dylib
0x00007fff6cbb5000 	/usr/lib/libThaiTokenizer.dylib
0x00007fff6c660000 	/usr/lib/libChineseTokenizer.dylib
0x00007fff61624000 	/System/Library/PrivateFrameworks/LanguageModeling.framework/Versions/A/LanguageModeling
0x00007fff57364000 	/System/Library/PrivateFrameworks/CoreEmoji.framework/Versions/A/CoreEmoji
0x00007fff61700000 	/System/Library/PrivateFrameworks/Lexicon.framework/Versions/A/Lexicon
0x00007fff61743000 	/System/Library/PrivateFrameworks/LinguisticData.framework/Versions/A/LinguisticData
0x00007fff6cde8000 	/usr/lib/libcmph.dylib
0x00007fff4f4af000 	/System/Library/Frameworks/ServiceManagement.framework/Versions/A/ServiceManagement
0x00007fff5490b000 	/System/Library/PrivateFrameworks/BackgroundTaskManagement.framework/Versions/A/BackgroundTaskManagement
0x00007fff6f1b8000 	/usr/lib/libxslt.1.dylib
0x00007fff43147000 	/System/Library/Frameworks/Carbon.framework/Versions/A/Frameworks/Ink.framework/Versions/A/Ink
0x00007fff6a6ef000 	/System/Library/PrivateFrameworks/TextureIO.framework/Versions/A/TextureIO
0x00007fff6cc09000 	/usr/lib/libate.dylib
0x00007fff58646000 	/System/Library/PrivateFrameworks/CrashReporterSupport.framework/Versions/A/CrashReporterSupport
0x00007fff67e29000 	/System/Library/PrivateFrameworks/Sharing.framework/Versions/A/Sharing
0x00007fff5465d000 	/System/Library/PrivateFrameworks/AuthKit.framework/Versions/A/AuthKit
0x00007fff53bb1000 	/System/Library/PrivateFrameworks/Apple80211.framework/Versions/A/Apple80211
0x00007fff583ee000 	/System/Library/PrivateFrameworks/CoreUtils.framework/Versions/A/CoreUtils
0x00007fff4598a000 	/System/Library/Frameworks/CoreWLAN.framework/Versions/A/CoreWLAN
0x00007fff46386000 	/System/Library/Frameworks/IOBluetooth.framework/Versions/A/IOBluetooth
0x00007fff6629d000 	/System/Library/PrivateFrameworks/ProtocolBuffer.framework/Versions/A/ProtocolBuffer
0x00007fff6269e000 	/System/Library/PrivateFrameworks/MobileKeyBag.framework/Versions/A/MobileKeyBag
0x00007fff57c32000 	/System/Library/PrivateFrameworks/CorePhoneNumbers.framework/Versions/A/CorePhoneNumbers
0x00007fff53e10000 	/System/Library/PrivateFrameworks/AppleIDAuthSupport.framework/Versions/A/AppleIDAuthSupport
0x00007fff615f7000 	/System/Library/PrivateFrameworks/KeychainCircle.framework/Versions/A/KeychainCircle
0x00007fff66453000 	/System/Library/PrivateFrameworks/ROCKit.framework/Versions/A/ROCKit
0x00007fff585e2000 	/System/Library/PrivateFrameworks/CoreWiFi.framework/Versions/A/CoreWiFi
0x00007fff43715000 	/System/Library/Frameworks/CoreBluetooth.framework/Versions/A/CoreBluetooth
0x00007fff5883d000 	/System/Library/PrivateFrameworks/DebugSymbols.framework/Versions/A/DebugSymbols
0x00007fff581ae000 	/System/Library/PrivateFrameworks/CoreSymbolication.framework/Versions/A/CoreSymbolication
0x00007fff69f0a000 	/System/Library/PrivateFrameworks/Symbolication.framework/Versions/A/Symbolication
0x00007fff697ad000 	/System/Library/PrivateFrameworks/SpeechRecognitionCore.framework/Versions/A/SpeechRecognitionCore
0x0000000106414000 	/Library/Java/JavaVirtualMachines/jdk1.8.0_181.jdk/Contents/Home/jre/lib/server/libjvm.dylib
0x00007fff6ef99000 	/usr/lib/libstdc++.6.dylib
0x00000001073c8000 	/Library/Java/JavaVirtualMachines/jdk1.8.0_181.jdk/Contents/Home/jre/lib/libverify.dylib
0x0000000107c00000 	/Library/Java/JavaVirtualMachines/jdk1.8.0_181.jdk/Contents/Home/jre/lib/libjava.dylib
0x0000000107c36000 	/Library/Java/JavaVirtualMachines/jdk1.8.0_181.jdk/Contents/Home/jre/lib/libjdwp.dylib
0x00000001073d7000 	/Library/Java/JavaVirtualMachines/jdk1.8.0_181.jdk/Contents/Home/jre/lib/libnpt.dylib
0x0000000107c81000 	/Library/Java/JavaVirtualMachines/jdk1.8.0_181.jdk/Contents/Home/jre/lib/libinstrument.dylib
0x0000000107d15000 	/Library/Java/JavaVirtualMachines/jdk1.8.0_181.jdk/Contents/Home/jre/lib/libzip.dylib
0x000000011d76b000 	/Library/Java/JavaVirtualMachines/jdk1.8.0_181.jdk/Contents/Home/jre/lib/libdt_socket.dylib

VM Arguments:
jvm_args: -agentlib:jdwp=transport=dt_socket,address=127.0.0.1:60275,suspend=y,server=n -javaagent:/Users/ojasvi/Library/Caches/IntelliJIdea2018.2/captureAgent/debugger-agent.jar=file:/private/var/folders/p1/zwbpl48s77d45zmbvjkg577w0000gn/T/capture.props -Dfile.encoding=UTF-8 
java_command: test.AutoDiffTest
java_class_path (initial): /Library/Java/JavaVirtualMachines/jdk1.8.0_181.jdk/Contents/Home/jre/lib/charsets.jar:/Library/Java/JavaVirtualMachines/jdk1.8.0_181.jdk/Contents/Home/jre/lib/deploy.jar:/Library/Java/JavaVirtualMachines/jdk1.8.0_181.jdk/Contents/Home/jre/lib/ext/cldrdata.jar:/Library/Java/JavaVirtualMachines/jdk1.8.0_181.jdk/Contents/Home/jre/lib/ext/dnsns.jar:/Library/Java/JavaVirtualMachines/jdk1.8.0_181.jdk/Contents/Home/jre/lib/ext/jaccess.jar:/Library/Java/JavaVirtualMachines/jdk1.8.0_181.jdk/Contents/Home/jre/lib/ext/jfxrt.jar:/Library/Java/JavaVirtualMachines/jdk1.8.0_181.jdk/Contents/Home/jre/lib/ext/localedata.jar:/Library/Java/JavaVirtualMachines/jdk1.8.0_181.jdk/Contents/Home/jre/lib/ext/nashorn.jar:/Library/Java/JavaVirtualMachines/jdk1.8.0_181.jdk/Contents/Home/jre/lib/ext/sunec.jar:/Library/Java/JavaVirtualMachines/jdk1.8.0_181.jdk/Contents/Home/jre/lib/ext/sunjce_provider.jar:/Library/Java/JavaVirtualMachines/jdk1.8.0_181.jdk/Contents/Home/jre/lib/ext/sunpkcs11.jar:/Library/Java/JavaVirtualMachines/jdk1.8.0_181.jdk/Contents/Home/jre/lib/ext/zipfs.jar:/Library/Java/JavaVirtualMachines/jdk1.8.0_181.jdk/Contents/Home/jre/lib/javaws.jar:/Library/Java/JavaVirtualMachines/jdk1.8.0_181.jdk/Contents/Home/jre/lib/jce.jar:/Library/Java/JavaVirtualMachines/jdk1.8.0_181.jdk/Contents/Home/jre/lib/jfr.jar:/Library/Java/JavaVirtualMachines/jdk1.8.0_181.jdk/Contents/Home/jre/lib/jfxswt.jar:/Library/Java/JavaVirtualMachines/jdk1.8.0_181.jdk/Contents/Home/jre/lib/jsse.jar:/Library/Java/JavaVirtualMachines/jdk1.8.0_181.jdk/Contents/Home/jre/lib/management-agent.jar:/Library/Java/JavaVirtualMachines/jdk1.8.0_181.jdk/Contents/Home/jre/lib/plugin.jar:/Library/Java/JavaVirtualMachines/jdk1.8.0_181.jdk/Contents/Home/jre/lib/resources.jar:/Library/Java/JavaVirtualMachines/jdk1.8.0_181.jdk/Contents/Home/jre/lib/rt.jar:/Library/Java/JavaVirtualMachines/jdk1.8.0_181.jdk/Contents/Home/lib/ant-javafx.jar:/Library/Java/JavaVirtualMachines/jdk1.8.0_181.jdk/Contents/Home
Launcher Type: SUN_STANDARD

Environment Variables:
PATH=/usr/local/bin:/usr/bin:/bin:/usr/sbin:/sbin:/opt/X11/bin
SHELL=/bin/bash
DISPLAY=/private/tmp/com.apple.launchd.smMu8ylu80/org.macosforge.xquartz:0

Signal Handlers:
SIGSEGV: [libjvm.dylib+0x5b6029], sa_mask[0]=11111111011111110111111111111111, sa_flags=SA_ONSTACK|SA_RESTART|SA_SIGINFO
SIGBUS: [libjvm.dylib+0x5b6029], sa_mask[0]=11111111011111110111111111111111, sa_flags=SA_RESTART|SA_SIGINFO
SIGFPE: [libjvm.dylib+0x48b934], sa_mask[0]=11111111011111110111111111111111, sa_flags=SA_RESTART|SA_SIGINFO
SIGPIPE: [libjvm.dylib+0x48b934], sa_mask[0]=11111111011111110111111111111111, sa_flags=SA_RESTART|SA_SIGINFO
SIGXFSZ: [libjvm.dylib+0x48b934], sa_mask[0]=11111111011111110111111111111111, sa_flags=SA_RESTART|SA_SIGINFO
SIGILL: [libjvm.dylib+0x48b934], sa_mask[0]=11111111011111110111111111111111, sa_flags=SA_RESTART|SA_SIGINFO
SIGUSR1: SIG_DFL, sa_mask[0]=00000000000000000000000000000000, sa_flags=none
SIGUSR2: [libjvm.dylib+0x48b452], sa_mask[0]=00100000000000000000000000000000, sa_flags=SA_RESTART|SA_SIGINFO
SIGHUP: [libjvm.dylib+0x489a1d], sa_mask[0]=11111111011111110111111111111111, sa_flags=SA_RESTART|SA_SIGINFO
SIGINT: [libjvm.dylib+0x489a1d], sa_mask[0]=11111111011111110111111111111111, sa_flags=SA_RESTART|SA_SIGINFO
SIGTERM: [libjvm.dylib+0x489a1d], sa_mask[0]=11111111011111110111111111111111, sa_flags=SA_RESTART|SA_SIGINFO
SIGQUIT: [libjvm.dylib+0x489a1d], sa_mask[0]=11111111011111110111111111111111, sa_flags=SA_RESTART|SA_SIGINFO


---------------  S Y S T E M  ---------------

OS:Bsduname:Darwin 18.7.0 Darwin Kernel Version 18.7.0: Thu Jan 23 06:52:12 PST 2020; root:xnu-4903.278.25~1/RELEASE_X86_64 x86_64
rlimit: STACK 8192k, CORE 0k, NPROC 709, NOFILE 10240, AS infinity
load average:10.70 16.69 20.67

CPU:total 4 (initial active 4) (2 cores per cpu, 2 threads per core) family 6 model 142 stepping 9, cmov, cx8, fxsr, mmx, sse, sse2, sse3, ssse3, sse4.1, sse4.2, popcnt, avx, avx2, aes, clmul, erms, rtm, 3dnowpref, lzcnt, ht, tsc, tscinvbit, bmi1, bmi2, adx

Memory: 4k page, physical 8388608k(26732k free)

/proc/meminfo:


vm_info: Java HotSpot(TM) 64-Bit Server VM (25.181-b13) for bsd-amd64 JRE (1.8.0_181-b13), built on Jul  7 2018 01:02:31 by "java_re" with gcc 4.2.1 (Based on Apple Inc. build 5658) (LLVM build 2336.11.00)

time: Fri Feb 21 23:34:14 2020
elapsed time: 3709 seconds (0d 1h 1m 49s)

