#
# A fatal error has been detected by the Java Runtime Environment:
#
#  Internal Error (javaCalls.cpp:51), pid=78426, tid=0x0000000000005203
#  guarantee(thread->is_Java_thread()) failed: crucial check - the VM thread cannot and must not escape to Java code
#
# JRE version: Java(TM) SE Runtime Environment (8.0_181-b13) (build 1.8.0_181-b13)
# Java VM: Java HotSpot(TM) 64-Bit Server VM (25.181-b13 mixed mode bsd-amd64 compressed oops)
# Failed to write core dump. Core dumps have been disabled. To enable core dumping, try "ulimit -c unlimited" before starting Java again
#
# If you would like to submit a bug report, please visit:
#   http://bugreport.java.com/bugreport/crash.jsp
#

---------------  T H R E A D  ---------------

Current thread (0x00007fba7a812000):  VMThread [stack: 0x000070000de47000,0x000070000df47000] [id=20995]

Stack: [0x000070000de47000,0x000070000df47000],  sp=0x000070000df45630,  free space=1017k
Native frames: (J=compiled Java code, j=interpreted, Vv=VM code, C=native code)
V  [libjvm.dylib+0x5b581a]  VMError::report_and_die()+0x3f8
V  [libjvm.dylib+0x1e9185]  report_vm_error(char const*, int, char const*, char const*)+0x54
V  [libjvm.dylib+0x2ef35c]  JavaCallWrapper::JavaCallWrapper(methodHandle, Handle, JavaValue*, Thread*)+0x64
V  [libjvm.dylib+0x2efc14]  JavaCalls::call_helper(JavaValue*, methodHandle*, JavaCallArguments*, Thread*)+0x608
V  [libjvm.dylib+0x2f0147]  JavaCalls::call_special(JavaValue*, KlassHandle, Symbol*, Symbol*, JavaCallArguments*, Thread*)+0x111
V  [libjvm.dylib+0x243b41]  Exceptions::new_exception(Thread*, Symbol*, Symbol*, JavaCallArguments*, Handle, Handle)+0xc7
V  [libjvm.dylib+0x243c3c]  Exceptions::new_exception(Thread*, Symbol*, Symbol*, JavaCallArguments*, Handle, Handle, Handle)+0x28
V  [libjvm.dylib+0x243e9b]  Exceptions::new_exception(Thread*, Symbol*, char const*, Handle, Handle, Handle, Exceptions::ExceptionMsgToUtf8Mode)+0x169
V  [libjvm.dylib+0x243eb6]  Exceptions::new_exception(Thread*, Symbol*, char const*, Exceptions::ExceptionMsgToUtf8Mode)+0x18
V  [libjvm.dylib+0x287b87]  GenerateOopMap::verify_error(char const*, ...)+0xed
V  [libjvm.dylib+0x287c17]  GenerateOopMap::check_type(CellTypeState, CellTypeState)+0x4b
V  [libjvm.dylib+0x288c17]  GenerateOopMap::do_method(int, int, int, int)+0x11f
V  [libjvm.dylib+0x28a7ec]  GenerateOopMap::interp_bb(BasicBlock*)+0x104
V  [libjvm.dylib+0x28aa3b]  GenerateOopMap::interp_all()+0x31
V  [libjvm.dylib+0x28afd2]  GenerateOopMap::do_interpretation()+0x44
V  [libjvm.dylib+0x28b3eb]  GenerateOopMap::compute_map(Thread*)+0x1fb
V  [libjvm.dylib+0x485331]  OopMapForCacheEntry::compute_map(Thread*)+0x8f
V  [libjvm.dylib+0x48553a]  OopMapCacheEntry::fill(methodHandle, int)+0x19e
V  [libjvm.dylib+0x48571b]  OopMapCache::compute_one_oop_map(methodHandle, int, InterpreterOopMap*)+0x16b
V  [libjvm.dylib+0x4859d2]  OopMapCache::lookup(methodHandle, int, InterpreterOopMap*) const+0x25c
V  [libjvm.dylib+0x2c2b04]  InstanceKlass::mask_for(methodHandle, int, InterpreterOopMap*)+0xd2
V  [libjvm.dylib+0x45306d]  Method::mask_for(int, InterpreterOopMap*)+0xb3
V  [libjvm.dylib+0x39afbf]  VM_GetOrSetLocal::doit()+0x47
V  [libjvm.dylib+0x5bd499]  VM_Operation::evaluate()+0x4f
V  [libjvm.dylib+0x5bba31]  VMThread::evaluate_operation(VM_Operation*)+0xdf
V  [libjvm.dylib+0x5bbe7e]  VMThread::loop()+0x328
V  [libjvm.dylib+0x5bb79d]  VMThread::run()+0x79
V  [libjvm.dylib+0x48e342]  java_start(Thread*)+0xf6
C  [libsystem_pthread.dylib+0x32eb]  _pthread_body+0x7e
C  [libsystem_pthread.dylib+0x6249]  _pthread_start+0x42
C  [libsystem_pthread.dylib+0x240d]  thread_start+0xd

VM_Operation (0x000070000e352978): GetOrSetLocal, mode: safepoint, requested by thread 0x00007fba7a823000


---------------  P R O C E S S  ---------------

Java Threads: ( => current thread )
  0x00007fba7b02e800 JavaThread "Service Thread" daemon [_thread_blocked, id=16643, stack(0x000070000e865000,0x000070000e965000)]
  0x00007fba7c08a800 JavaThread "C1 CompilerThread2" daemon [_thread_blocked, id=14595, stack(0x000070000e762000,0x000070000e862000)]
  0x00007fba7c047800 JavaThread "C2 CompilerThread1" daemon [_thread_blocked, id=14083, stack(0x000070000e65f000,0x000070000e75f000)]
  0x00007fba7a871000 JavaThread "C2 CompilerThread0" daemon [_thread_blocked, id=13571, stack(0x000070000e55c000,0x000070000e65c000)]
  0x00007fba7b810800 JavaThread "JDWP Command Reader" daemon [_thread_in_native, id=13059, stack(0x000070000e459000,0x000070000e559000)]
  0x00007fba7c006800 JavaThread "JDWP Event Helper Thread" daemon [_thread_blocked, id=17411, stack(0x000070000e356000,0x000070000e456000)]
  0x00007fba7a823000 JavaThread "JDWP Transport Listener: dt_socket" daemon [_thread_blocked, id=12807, stack(0x000070000e253000,0x000070000e353000)]
  0x00007fba7b80f800 JavaThread "Signal Dispatcher" daemon [_thread_blocked, id=17923, stack(0x000070000e150000,0x000070000e250000)]
  0x00007fba7c022000 JavaThread "Finalizer" daemon [_thread_blocked, id=11779, stack(0x000070000e04d000,0x000070000e14d000)]
  0x00007fba7b803000 JavaThread "Reference Handler" daemon [_thread_blocked, id=20483, stack(0x000070000df4a000,0x000070000e04a000)]
  0x00007fba7a806800 JavaThread "main" [_thread_blocked, id=6915, stack(0x000070000d938000,0x000070000da38000)]

Other Threads:
=>0x00007fba7a812000 VMThread [stack: 0x000070000de47000,0x000070000df47000] [id=20995]
  0x00007fba7b84d800 WatcherThread [stack: 0x000070000e968000,0x000070000ea68000] [id=16387]

VM state:at safepoint (normal execution)

VM Mutex/Monitor currently owned by a thread:  ([mutex/lock_event])
[0x00007fba7a702cb0] Threads_lock - owner thread: 0x00007fba7a812000

Heap:
 PSYoungGen      total 38400K, used 25394K [0x0000000795580000, 0x0000000798000000, 0x00000007c0000000)
  eden space 33280K, 76% used [0x0000000795580000,0x0000000796e4cbf8,0x0000000797600000)
  from space 5120K, 0% used [0x0000000797b00000,0x0000000797b00000,0x0000000798000000)
  to   space 5120K, 0% used [0x0000000797600000,0x0000000797600000,0x0000000797b00000)
 ParOldGen       total 87552K, used 0K [0x0000000740000000, 0x0000000745580000, 0x0000000795580000)
  object space 87552K, 0% used [0x0000000740000000,0x0000000740000000,0x0000000745580000)
 Metaspace       used 8662K, capacity 9096K, committed 9344K, reserved 1056768K
  class space    used 1024K, capacity 1084K, committed 1152K, reserved 1048576K

Card table byte_map: [0x0000000109b74000,0x0000000109f75000] byte_map_base: 0x0000000106174000

Marking Bits: (ParMarkBitMap*) 0x00000001090f9cd0
 Begin Bits: [0x000000010a220000, 0x000000010c220000)
 End Bits:   [0x000000010c220000, 0x000000010e220000)

Polling page: 0x0000000107e8e000

CodeCache: size=245760Kb used=2835Kb max_used=2845Kb free=242925Kb
 bounds [0x0000000114dd6000, 0x00000001150a6000, 0x0000000123dd6000]
 total_blobs=925 nmethods=642 adapters=205
 compilation: enabled

Compilation events (10 events):
Event: 97.608 Thread 0x00007fba7c08a800  642       3       scala.collection.AbstractIterator::iterator (5 bytes)
Event: 97.608 Thread 0x00007fba7c08a800 nmethod 642 0x000000011509c1d0 code [0x000000011509c340, 0x000000011509c550]
Event: 97.608 Thread 0x00007fba7c08a800  643       3       scala.collection.Iterator::iterator$ (5 bytes)
Event: 97.609 Thread 0x00007fba7c08a800 nmethod 643 0x000000011509c650 code [0x000000011509c7c0, 0x000000011509c950]
Event: 98.035 Thread 0x00007fba7c08a800  644       3       scala.runtime.ScalaRunTime$::_toString (46 bytes)
Event: 98.036 Thread 0x00007fba7c08a800 nmethod 644 0x000000011509ca10 code [0x000000011509cc00, 0x000000011509d578]
Event: 98.036 Thread 0x00007fba7c08a800  645       3       scala.runtime.ScalaRunTime$::typedProductIterator (9 bytes)
Event: 98.036 Thread 0x00007fba7c08a800 nmethod 645 0x000000011509d950 code [0x000000011509dae0, 0x000000011509dea8]
Event: 110.094 Thread 0x00007fba7c08a800  646       1       scala.collection.mutable.HashMap$Node::key (5 bytes)
Event: 110.094 Thread 0x00007fba7c08a800 nmethod 646 0x000000011509e090 code [0x000000011509e1e0, 0x000000011509e2f0]

GC Heap History (0 events):
No events

Deoptimization events (1 events):
Event: 0.606 Thread 0x00007fba7a806800 Uncommon trap: reason=unstable_if action=reinterpret pc=0x0000000114f5a7d4 method=java.lang.String.indexOf([CII[CIII)I @ 123

Classes redefined (10 events):
Event: 410.691 Thread 0x00007fba7a812000 redefined class name=eval.DoubleEvaluator$, count=1
Event: 517.151 Thread 0x00007fba7a812000 redefined class name=eval.DoubleEvaluator$, count=2
Event: 1006.682 Thread 0x00007fba7a812000 redefined class name=automaticDifferentiation.AutomaticDifferentiateExpr$, count=1
Event: 1006.690 Thread 0x00007fba7a812000 redefined class name=test.AutoDiffTest, count=1
Event: 1006.831 Thread 0x00007fba7a812000 redefined class name=test.AutoDiffTest$delayedInit$body, count=1
Event: 1006.837 Thread 0x00007fba7a812000 redefined class name=test.AutoDiffTest$, count=1
Event: 1106.359 Thread 0x00007fba7a812000 redefined class name=test.AutoDiffTest, count=2
Event: 1106.368 Thread 0x00007fba7a812000 redefined class name=test.AutoDiffTest$delayedInit$body, count=2
Event: 1106.377 Thread 0x00007fba7a812000 redefined class name=test.AutoDiffTest$, count=2
Event: 3024.435 Thread 0x00007fba7a812000 redefined class name=automaticDifferentiation.AutomaticDifferentiateExpr$, count=2

Internal exceptions (5 events):
Event: 0.037 Thread 0x00007fba7a806800 Exception <a 'java/lang/NoSuchMethodError': Method sun.misc.Unsafe.defineClass(Ljava/lang/String;[BII)Ljava/lang/Class; name or signature does not match> (0x0000000795587cb0) thrown at [/Users/java_re/workspace/8-2-build-macosx-x86_64/jdk8u181/11358/hotsp
Event: 0.037 Thread 0x00007fba7a806800 Exception <a 'java/lang/NoSuchMethodError': Method sun.misc.Unsafe.prefetchRead(Ljava/lang/Object;J)V name or signature does not match> (0x0000000795587f98) thrown at [/Users/java_re/workspace/8-2-build-macosx-x86_64/jdk8u181/11358/hotspot/src/share/vm/pr
Event: 0.649 Thread 0x00007fba7a806800 Exception <a 'java/lang/NoSuchFieldError': method resolution failed> (0x0000000796296c38) thrown at [/Users/java_re/workspace/8-2-build-macosx-x86_64/jdk8u181/11358/hotspot/src/share/vm/prims/methodHandles.cpp, line 1167]
Event: 0.651 Thread 0x00007fba7a806800 Exception <a 'java/lang/NoSuchFieldError': method resolution failed> (0x00000007962a4858) thrown at [/Users/java_re/workspace/8-2-build-macosx-x86_64/jdk8u181/11358/hotspot/src/share/vm/prims/methodHandles.cpp, line 1167]
Event: 0.660 Thread 0x00007fba7a806800 Exception <a 'java/lang/NoSuchMethodError': java.lang.Object.$anonfun$main$1$adapted(Lscala/Function0;)Ljava/lang/Object;> (0x00000007962cc328) thrown at [/Users/java_re/workspace/8-2-build-macosx-x86_64/jdk8u181/11358/hotspot/src/share/vm/interpreter/lin

Events (10 events):
Event: 3024.637 Executing VM operation: GetOrSetLocal done
Event: 3024.651 Executing VM operation: GetOrSetLocal
Event: 3024.651 Executing VM operation: GetOrSetLocal done
Event: 3024.652 Executing VM operation: GetOrSetLocal
Event: 3024.652 Executing VM operation: GetOrSetLocal done
Event: 3024.652 Executing VM operation: GetOrSetLocal
Event: 3024.652 Executing VM operation: GetOrSetLocal done
Event: 3024.653 Executing VM operation: GetOrSetLocal
Event: 3024.653 Executing VM operation: GetOrSetLocal done
Event: 3024.653 Executing VM operation: GetOrSetLocal


Dynamic libraries:
0x00007fff43342000 	/System/Library/Frameworks/Cocoa.framework/Versions/A/Cocoa
0x00007fff4f0f0000 	/System/Library/Frameworks/Security.framework/Versions/A/Security
0x00007fff41fd4000 	/System/Library/Frameworks/ApplicationServices.framework/Versions/A/ApplicationServices
0x00007fff6f1e1000 	/usr/lib/libz.1.dylib
0x00007fff6cb38000 	/usr/lib/libSystem.B.dylib
0x00007fff6e371000 	/usr/lib/libobjc.A.dylib
0x00007fff43bb7000 	/System/Library/Frameworks/CoreFoundation.framework/Versions/A/CoreFoundation
0x00007fff45e3b000 	/System/Library/Frameworks/Foundation.framework/Versions/C/Foundation
0x00007fff411cd000 	/System/Library/Frameworks/AppKit.framework/Versions/C/AppKit
0x00007fff43740000 	/System/Library/Frameworks/CoreData.framework/Versions/A/CoreData
0x00007fff665fd000 	/System/Library/PrivateFrameworks/RemoteViewServices.framework/Versions/A/RemoteViewServices
0x00007fff6a874000 	/System/Library/PrivateFrameworks/UIFoundation.framework/Versions/A/UIFoundation
0x00007fff6bf59000 	/System/Library/PrivateFrameworks/XCTTargetBootstrap.framework/Versions/A/XCTTargetBootstrap
0x00007fff43ac6000 	/System/Library/Frameworks/CoreDisplay.framework/Versions/A/CoreDisplay
0x00007fff61337000 	/System/Library/PrivateFrameworks/IconServices.framework/Versions/A/IconServices
0x00007fff4875d000 	/System/Library/Frameworks/Metal.framework/Versions/A/Metal
0x00007fff5887b000 	/System/Library/PrivateFrameworks/DesktopServicesPriv.framework/Versions/A/DesktopServicesPriv
0x00007fff6d6d4000 	/usr/lib/libenergytrace.dylib
0x00007fff68d5b000 	/System/Library/PrivateFrameworks/SkyLight.framework/Versions/A/SkyLight
0x00007fff43ffe000 	/System/Library/Frameworks/CoreGraphics.framework/Versions/A/CoreGraphics
0x00007fff3ff99000 	/System/Library/Frameworks/Accelerate.framework/Versions/A/Accelerate
0x00007fff46584000 	/System/Library/Frameworks/IOSurface.framework/Versions/A/IOSurface
0x00007fff586e7000 	/System/Library/PrivateFrameworks/DFRFoundation.framework/Versions/A/DFRFoundation
0x00007fff424b7000 	/System/Library/Frameworks/AudioToolbox.framework/Versions/A/AudioToolbox
0x00007fff42730000 	/System/Library/Frameworks/AudioUnit.framework/Versions/A/AudioUnit
0x00007fff5877c000 	/System/Library/PrivateFrameworks/DataDetectorsCore.framework/Versions/A/DataDetectorsCore
0x00007fff42e45000 	/System/Library/Frameworks/Carbon.framework/Versions/A/Frameworks/HIToolbox.framework/Versions/A/HIToolbox
0x00007fff6d82d000 	/usr/lib/libicucore.A.dylib
0x00007fff4e663000 	/System/Library/Frameworks/QuartzCore.framework/Versions/A/QuartzCore
0x00007fff4321a000 	/System/Library/Frameworks/Carbon.framework/Versions/A/Frameworks/SpeechRecognition.framework/Versions/A/SpeechRecognition
0x00007fff6cc8c000 	/usr/lib/libauto.dylib
0x00007fff6f0d4000 	/usr/lib/libxml2.2.dylib
0x00007fff582c2000 	/System/Library/PrivateFrameworks/CoreUI.framework/Versions/A/CoreUI
0x00007fff4362b000 	/System/Library/Frameworks/CoreAudio.framework/Versions/A/CoreAudio
0x00007fff45c70000 	/System/Library/Frameworks/DiskArbitration.framework/Versions/A/DiskArbitration
0x00007fff6dadb000 	/usr/lib/liblangid.dylib
0x00007fff62742000 	/System/Library/PrivateFrameworks/MultitouchSupport.framework/Versions/A/MultitouchSupport
0x00007fff464f3000 	/System/Library/Frameworks/IOKit.framework/Versions/A/IOKit
0x00007fff6c6f8000 	/usr/lib/libDiagnosticMessagesClient.dylib
0x00007fff44e0e000 	/System/Library/Frameworks/CoreServices.framework/Versions/A/CoreServices
0x00007fff643fc000 	/System/Library/PrivateFrameworks/PerformanceAnalysis.framework/Versions/A/PerformanceAnalysis
0x00007fff4d84a000 	/System/Library/Frameworks/OpenGL.framework/Versions/A/OpenGL
0x00007fff43350000 	/System/Library/Frameworks/ColorSync.framework/Versions/A/ColorSync
0x00007fff44690000 	/System/Library/Frameworks/CoreImage.framework/Versions/A/CoreImage
0x00007fff457e6000 	/System/Library/Frameworks/CoreText.framework/Versions/A/CoreText
0x00007fff465e7000 	/System/Library/Frameworks/ImageIO.framework/Versions/A/ImageIO
0x00007fff54914000 	/System/Library/PrivateFrameworks/Backup.framework/Versions/A/Backup
0x00007fff6cbdf000 	/usr/lib/libarchive.2.dylib
0x00007fff42a89000 	/System/Library/Frameworks/CFNetwork.framework/Versions/A/CFNetwork
0x00007fff4f84c000 	/System/Library/Frameworks/SystemConfiguration.framework/Versions/A/SystemConfiguration
0x00007fff6c629000 	/usr/lib/libCRFSuite.dylib
0x00007fff6cd7d000 	/usr/lib/libc++.1.dylib
0x00007fff6cdd1000 	/usr/lib/libc++abi.dylib
0x00007fff6f9d7000 	/usr/lib/system/libcache.dylib
0x00007fff6f9dc000 	/usr/lib/system/libcommonCrypto.dylib
0x00007fff6f9e7000 	/usr/lib/system/libcompiler_rt.dylib
0x00007fff6f9ef000 	/usr/lib/system/libcopyfile.dylib
0x00007fff6f9f9000 	/usr/lib/system/libcorecrypto.dylib
0x00007fff6fb04000 	/usr/lib/system/libdispatch.dylib
0x00007fff6fb3e000 	/usr/lib/system/libdyld.dylib
0x00007fff6fb6b000 	/usr/lib/system/libkeymgr.dylib
0x00007fff6fb79000 	/usr/lib/system/liblaunch.dylib
0x00007fff6fb7a000 	/usr/lib/system/libmacho.dylib
0x00007fff6fb80000 	/usr/lib/system/libquarantine.dylib
0x00007fff6fb83000 	/usr/lib/system/libremovefile.dylib
0x00007fff6fb85000 	/usr/lib/system/libsystem_asl.dylib
0x00007fff6fb9d000 	/usr/lib/system/libsystem_blocks.dylib
0x00007fff6fb9e000 	/usr/lib/system/libsystem_c.dylib
0x00007fff6fc26000 	/usr/lib/system/libsystem_configuration.dylib
0x00007fff6fc2a000 	/usr/lib/system/libsystem_coreservices.dylib
0x00007fff6fc2e000 	/usr/lib/system/libsystem_darwin.dylib
0x00007fff6fc35000 	/usr/lib/system/libsystem_dnssd.dylib
0x00007fff6fc3c000 	/usr/lib/system/libsystem_info.dylib
0x00007fff6fcb1000 	/usr/lib/system/libsystem_m.dylib
0x00007fff6fcfd000 	/usr/lib/system/libsystem_malloc.dylib
0x00007fff6fd28000 	/usr/lib/system/libsystem_networkextension.dylib
0x00007fff6fd33000 	/usr/lib/system/libsystem_notify.dylib
0x00007fff6fd50000 	/usr/lib/system/libsystem_sandbox.dylib
0x00007fff6fd54000 	/usr/lib/system/libsystem_secinit.dylib
0x00007fff6fc88000 	/usr/lib/system/libsystem_kernel.dylib
0x00007fff6fd3b000 	/usr/lib/system/libsystem_platform.dylib
0x00007fff6fd45000 	/usr/lib/system/libsystem_pthread.dylib
0x00007fff6fd57000 	/usr/lib/system/libsystem_symptoms.dylib
0x00007fff6fd5f000 	/usr/lib/system/libsystem_trace.dylib
0x00007fff6fd76000 	/usr/lib/system/libunwind.dylib
0x00007fff6fd7c000 	/usr/lib/system/libxpc.dylib
0x00007fff6cd5e000 	/usr/lib/libbsm.0.dylib
0x00007fff6fb6c000 	/usr/lib/system/libkxld.dylib
0x00007fff53d05000 	/System/Library/PrivateFrameworks/AppleFSCompression.framework/Versions/A/AppleFSCompression
0x00007fff6c9f8000 	/usr/lib/libOpenScriptingUtil.dylib
0x00007fff6d086000 	/usr/lib/libcoretls.dylib
0x00007fff6d09d000 	/usr/lib/libcoretls_cfhelpers.dylib
0x00007fff6eb08000 	/usr/lib/libpam.2.dylib
0x00007fff6ecc8000 	/usr/lib/libsqlite3.dylib
0x00007fff6f0c2000 	/usr/lib/libxar.1.dylib
0x00007fff6cd6f000 	/usr/lib/libbz2.1.0.dylib
0x00007fff6dadd000 	/usr/lib/liblzma.5.dylib
0x00007fff6df8e000 	/usr/lib/libnetwork.dylib
0x00007fff6cbc8000 	/usr/lib/libapple_nghttp2.dylib
0x00007fff6eb0f000 	/usr/lib/libpcap.A.dylib
0x00007fff451ad000 	/System/Library/Frameworks/CoreServices.framework/Versions/A/Frameworks/FSEvents.framework/Versions/A/FSEvents
0x00007fff44e8c000 	/System/Library/Frameworks/CoreServices.framework/Versions/A/Frameworks/CarbonCore.framework/Versions/A/CarbonCore
0x00007fff45368000 	/System/Library/Frameworks/CoreServices.framework/Versions/A/Frameworks/Metadata.framework/Versions/A/Metadata
0x00007fff45407000 	/System/Library/Frameworks/CoreServices.framework/Versions/A/Frameworks/OSServices.framework/Versions/A/OSServices
0x00007fff45452000 	/System/Library/Frameworks/CoreServices.framework/Versions/A/Frameworks/SearchKit.framework/Versions/A/SearchKit
0x00007fff44e0f000 	/System/Library/Frameworks/CoreServices.framework/Versions/A/Frameworks/AE.framework/Versions/A/AE
0x00007fff451b6000 	/System/Library/Frameworks/CoreServices.framework/Versions/A/Frameworks/LaunchServices.framework/Versions/A/LaunchServices
0x00007fff45164000 	/System/Library/Frameworks/CoreServices.framework/Versions/A/Frameworks/DictionaryServices.framework/Versions/A/DictionaryServices
0x00007fff454ba000 	/System/Library/Frameworks/CoreServices.framework/Versions/A/Frameworks/SharedFileList.framework/Versions/A/SharedFileList
0x00007fff49825000 	/System/Library/Frameworks/NetFS.framework/Versions/A/NetFS
0x00007fff629a8000 	/System/Library/PrivateFrameworks/NetAuth.framework/Versions/A/NetAuth
0x00007fff6c35d000 	/System/Library/PrivateFrameworks/login.framework/Versions/A/Frameworks/loginsupport.framework/Versions/A/loginsupport
0x00007fff6a47d000 	/System/Library/PrivateFrameworks/TCC.framework/Versions/A/TCC
0x00007fff5791f000 	/System/Library/PrivateFrameworks/CoreNLP.framework/Versions/A/CoreNLP
0x00007fff6243d000 	/System/Library/PrivateFrameworks/MetadataUtilities.framework/Versions/A/MetadataUtilities
0x00007fff6dbb2000 	/usr/lib/libmecabra.dylib
0x00007fff41fd5000 	/System/Library/Frameworks/ApplicationServices.framework/Versions/A/Frameworks/ATS.framework/Versions/A/ATS
0x00007fff42324000 	/System/Library/Frameworks/ApplicationServices.framework/Versions/A/Frameworks/ColorSyncLegacy.framework/Versions/A/ColorSyncLegacy
0x00007fff423c3000 	/System/Library/Frameworks/ApplicationServices.framework/Versions/A/Frameworks/HIServices.framework/Versions/A/HIServices
0x00007fff42416000 	/System/Library/Frameworks/ApplicationServices.framework/Versions/A/Frameworks/LangAnalysis.framework/Versions/A/LangAnalysis
0x00007fff42426000 	/System/Library/Frameworks/ApplicationServices.framework/Versions/A/Frameworks/PrintCore.framework/Versions/A/PrintCore
0x00007fff42470000 	/System/Library/Frameworks/ApplicationServices.framework/Versions/A/Frameworks/QD.framework/Versions/A/QD
0x00007fff424aa000 	/System/Library/Frameworks/ApplicationServices.framework/Versions/A/Frameworks/SpeechSynthesis.framework/Versions/A/SpeechSynthesis
0x00007fff6cdf9000 	/usr/lib/libcompression.dylib
0x00007fff48a2d000 	/System/Library/Frameworks/MetalPerformanceShaders.framework/Versions/A/MetalPerformanceShaders
0x00007fff3ffb1000 	/System/Library/Frameworks/Accelerate.framework/Versions/A/Frameworks/vImage.framework/Versions/A/vImage
0x00007fff4102b000 	/System/Library/Frameworks/Accelerate.framework/Versions/A/Frameworks/vecLib.framework/Versions/A/vecLib
0x00007fff40f77000 	/System/Library/Frameworks/Accelerate.framework/Versions/A/Frameworks/vecLib.framework/Versions/A/libvMisc.dylib
0x00007fff40d8f000 	/System/Library/Frameworks/Accelerate.framework/Versions/A/Frameworks/vecLib.framework/Versions/A/libvDSP.dylib
0x00007fff4064b000 	/System/Library/Frameworks/Accelerate.framework/Versions/A/Frameworks/vecLib.framework/Versions/A/libBLAS.dylib
0x00007fff40938000 	/System/Library/Frameworks/Accelerate.framework/Versions/A/Frameworks/vecLib.framework/Versions/A/libLAPACK.dylib
0x00007fff40ce2000 	/System/Library/Frameworks/Accelerate.framework/Versions/A/Frameworks/vecLib.framework/Versions/A/libLinearAlgebra.dylib
0x00007fff40d7b000 	/System/Library/Frameworks/Accelerate.framework/Versions/A/Frameworks/vecLib.framework/Versions/A/libSparseBLAS.dylib
0x00007fff40cf8000 	/System/Library/Frameworks/Accelerate.framework/Versions/A/Frameworks/vecLib.framework/Versions/A/libQuadrature.dylib
0x00007fff408c5000 	/System/Library/Frameworks/Accelerate.framework/Versions/A/Frameworks/vecLib.framework/Versions/A/libBNNS.dylib
0x00007fff40cfe000 	/System/Library/Frameworks/Accelerate.framework/Versions/A/Frameworks/vecLib.framework/Versions/A/libSparse.dylib
0x00007fff5ec6d000 	/System/Library/PrivateFrameworks/GPUWrangler.framework/Versions/A/GPUWrangler
0x00007fff60f6c000 	/System/Library/PrivateFrameworks/IOAccelerator.framework/Versions/A/IOAccelerator
0x00007fff60f77000 	/System/Library/PrivateFrameworks/IOPresentment.framework/Versions/A/IOPresentment
0x00007fff586f7000 	/System/Library/PrivateFrameworks/DSExternalDisplay.framework/Versions/A/DSExternalDisplay
0x00007fff4cca1000 	/System/Library/Frameworks/OpenGL.framework/Versions/A/Libraries/libCoreFSCache.dylib
0x00007fff48821000 	/System/Library/Frameworks/MetalPerformanceShaders.framework/Frameworks/MPSCore.framework/Versions/A/MPSCore
0x00007fff48841000 	/System/Library/Frameworks/MetalPerformanceShaders.framework/Frameworks/MPSImage.framework/Versions/A/MPSImage
0x00007fff488e6000 	/System/Library/Frameworks/MetalPerformanceShaders.framework/Frameworks/MPSNeuralNetwork.framework/Versions/A/MPSNeuralNetwork
0x00007fff488be000 	/System/Library/Frameworks/MetalPerformanceShaders.framework/Frameworks/MPSMatrix.framework/Versions/A/MPSMatrix
0x00007fff48a12000 	/System/Library/Frameworks/MetalPerformanceShaders.framework/Frameworks/MPSRayIntersector.framework/Versions/A/MPSRayIntersector
0x00007fff62466000 	/System/Library/PrivateFrameworks/MetalTools.framework/Versions/A/MetalTools
0x00007fff535af000 	/System/Library/PrivateFrameworks/AggregateDictionary.framework/Versions/A/AggregateDictionary
0x00007fff6c9d8000 	/usr/lib/libMobileGestalt.dylib
0x00007fff45949000 	/System/Library/Frameworks/CoreVideo.framework/Versions/A/CoreVideo
0x00007fff5fa7e000 	/System/Library/PrivateFrameworks/GraphVisualizer.framework/Versions/A/GraphVisualizer
0x00007fff598fd000 	/System/Library/PrivateFrameworks/FaceCore.framework/Versions/A/FaceCore
0x00007fff4c2cf000 	/System/Library/Frameworks/OpenCL.framework/Versions/A/OpenCL
0x00007fff6c730000 	/usr/lib/libFosl_dynamic.dylib
0x00007fff63213000 	/System/Library/PrivateFrameworks/OTSVG.framework/Versions/A/OTSVG
0x00007fff420d9000 	/System/Library/Frameworks/ApplicationServices.framework/Versions/A/Frameworks/ATS.framework/Versions/A/Resources/libFontParser.dylib
0x00007fff421f1000 	/System/Library/Frameworks/ApplicationServices.framework/Versions/A/Frameworks/ATS.framework/Versions/A/Resources/libFontRegistry.dylib
0x00007fff46856000 	/System/Library/Frameworks/ImageIO.framework/Versions/A/Resources/libJPEG.dylib
0x00007fff46b68000 	/System/Library/Frameworks/ImageIO.framework/Versions/A/Resources/libTIFF.dylib
0x00007fff46b3e000 	/System/Library/Frameworks/ImageIO.framework/Versions/A/Resources/libPng.dylib
0x00007fff46774000 	/System/Library/Frameworks/ImageIO.framework/Versions/A/Resources/libGIF.dylib
0x00007fff46779000 	/System/Library/Frameworks/ImageIO.framework/Versions/A/Resources/libJP2.dylib
0x00007fff46b65000 	/System/Library/Frameworks/ImageIO.framework/Versions/A/Resources/libRadiance.dylib
0x00007fff53e5c000 	/System/Library/PrivateFrameworks/AppleJPEG.framework/Versions/A/AppleJPEG
0x00007fff4ccac000 	/System/Library/Frameworks/OpenGL.framework/Versions/A/Libraries/libGFXShared.dylib
0x00007fff4ce6f000 	/System/Library/Frameworks/OpenGL.framework/Versions/A/Libraries/libGLU.dylib
0x00007fff4ccb5000 	/System/Library/Frameworks/OpenGL.framework/Versions/A/Libraries/libGL.dylib
0x00007fff4ccc1000 	/System/Library/Frameworks/OpenGL.framework/Versions/A/Libraries/libGLImage.dylib
0x00007fff4cc9e000 	/System/Library/Frameworks/OpenGL.framework/Versions/A/Libraries/libCVMSPluginSupport.dylib
0x00007fff4cca7000 	/System/Library/Frameworks/OpenGL.framework/Versions/A/Libraries/libCoreVMClient.dylib
0x00007fff6d54a000 	/usr/lib/libcups.2.dylib
0x00007fff47d28000 	/System/Library/Frameworks/Kerberos.framework/Versions/A/Kerberos
0x00007fff46257000 	/System/Library/Frameworks/GSS.framework/Versions/A/GSS
0x00007fff6ec5d000 	/usr/lib/libresolv.9.dylib
0x00007fff6d73c000 	/usr/lib/libiconv.2.dylib
0x00007fff5fbf3000 	/System/Library/PrivateFrameworks/Heimdal.framework/Versions/A/Heimdal
0x00007fff6d70c000 	/usr/lib/libheimdal-asn1.dylib
0x00007fff4c343000 	/System/Library/Frameworks/OpenDirectory.framework/Versions/A/OpenDirectory
0x00007fff56682000 	/System/Library/PrivateFrameworks/CommonAuth.framework/Versions/A/CommonAuth
0x00007fff4c327000 	/System/Library/Frameworks/OpenDirectory.framework/Versions/A/Frameworks/CFOpenDirectory.framework/Versions/A/CFOpenDirectory
0x00007fff4f3f1000 	/System/Library/Frameworks/SecurityFoundation.framework/Versions/A/SecurityFoundation
0x00007fff52af5000 	/System/Library/PrivateFrameworks/APFS.framework/Versions/A/APFS
0x00007fff6f0be000 	/usr/lib/libutil.dylib
0x00007fff6cde7000 	/usr/lib/libcharset.1.dylib
0x00007fff540f9000 	/System/Library/PrivateFrameworks/AppleSauce.framework/Versions/A/AppleSauce
0x00007fff5427a000 	/System/Library/PrivateFrameworks/AssertionServices.framework/Versions/A/AssertionServices
0x00007fff549aa000 	/System/Library/PrivateFrameworks/BaseBoard.framework/Versions/A/BaseBoard
0x00007fff6db0d000 	/usr/lib/libmecab.1.0.0.dylib
0x00007fff6d706000 	/usr/lib/libgermantok.dylib
0x00007fff6cbb5000 	/usr/lib/libThaiTokenizer.dylib
0x00007fff6c660000 	/usr/lib/libChineseTokenizer.dylib
0x00007fff61624000 	/System/Library/PrivateFrameworks/LanguageModeling.framework/Versions/A/LanguageModeling
0x00007fff57364000 	/System/Library/PrivateFrameworks/CoreEmoji.framework/Versions/A/CoreEmoji
0x00007fff61700000 	/System/Library/PrivateFrameworks/Lexicon.framework/Versions/A/Lexicon
0x00007fff61743000 	/System/Library/PrivateFrameworks/LinguisticData.framework/Versions/A/LinguisticData
0x00007fff6cde8000 	/usr/lib/libcmph.dylib
0x00007fff4f4af000 	/System/Library/Frameworks/ServiceManagement.framework/Versions/A/ServiceManagement
0x00007fff5490b000 	/System/Library/PrivateFrameworks/BackgroundTaskManagement.framework/Versions/A/BackgroundTaskManagement
0x00007fff6f1b8000 	/usr/lib/libxslt.1.dylib
0x00007fff43147000 	/System/Library/Frameworks/Carbon.framework/Versions/A/Frameworks/Ink.framework/Versions/A/Ink
0x00007fff6a6ef000 	/System/Library/PrivateFrameworks/TextureIO.framework/Versions/A/TextureIO
0x00007fff6cc09000 	/usr/lib/libate.dylib
0x00007fff58646000 	/System/Library/PrivateFrameworks/CrashReporterSupport.framework/Versions/A/CrashReporterSupport
0x00007fff67e29000 	/System/Library/PrivateFrameworks/Sharing.framework/Versions/A/Sharing
0x00007fff5465d000 	/System/Library/PrivateFrameworks/AuthKit.framework/Versions/A/AuthKit
0x00007fff53bb1000 	/System/Library/PrivateFrameworks/Apple80211.framework/Versions/A/Apple80211
0x00007fff583ee000 	/System/Library/PrivateFrameworks/CoreUtils.framework/Versions/A/CoreUtils
0x00007fff4598a000 	/System/Library/Frameworks/CoreWLAN.framework/Versions/A/CoreWLAN
0x00007fff46386000 	/System/Library/Frameworks/IOBluetooth.framework/Versions/A/IOBluetooth
0x00007fff6629d000 	/System/Library/PrivateFrameworks/ProtocolBuffer.framework/Versions/A/ProtocolBuffer
0x00007fff6269e000 	/System/Library/PrivateFrameworks/MobileKeyBag.framework/Versions/A/MobileKeyBag
0x00007fff57c32000 	/System/Library/PrivateFrameworks/CorePhoneNumbers.framework/Versions/A/CorePhoneNumbers
0x00007fff53e10000 	/System/Library/PrivateFrameworks/AppleIDAuthSupport.framework/Versions/A/AppleIDAuthSupport
0x00007fff615f7000 	/System/Library/PrivateFrameworks/KeychainCircle.framework/Versions/A/KeychainCircle
0x00007fff66453000 	/System/Library/PrivateFrameworks/ROCKit.framework/Versions/A/ROCKit
0x00007fff585e2000 	/System/Library/PrivateFrameworks/CoreWiFi.framework/Versions/A/CoreWiFi
0x00007fff43715000 	/System/Library/Frameworks/CoreBluetooth.framework/Versions/A/CoreBluetooth
0x00007fff5883d000 	/System/Library/PrivateFrameworks/DebugSymbols.framework/Versions/A/DebugSymbols
0x00007fff581ae000 	/System/Library/PrivateFrameworks/CoreSymbolication.framework/Versions/A/CoreSymbolication
0x00007fff69f0a000 	/System/Library/PrivateFrameworks/Symbolication.framework/Versions/A/Symbolication
0x00007fff697ad000 	/System/Library/PrivateFrameworks/SpeechRecognitionCore.framework/Versions/A/SpeechRecognitionCore
0x0000000108800000 	/Library/Java/JavaVirtualMachines/jdk1.8.0_181.jdk/Contents/Home/jre/lib/server/libjvm.dylib
0x00007fff6ef99000 	/usr/lib/libstdc++.6.dylib
0x0000000107e4a000 	/Library/Java/JavaVirtualMachines/jdk1.8.0_181.jdk/Contents/Home/jre/lib/libverify.dylib
0x0000000107e58000 	/Library/Java/JavaVirtualMachines/jdk1.8.0_181.jdk/Contents/Home/jre/lib/libjava.dylib
0x0000000107e8f000 	/Library/Java/JavaVirtualMachines/jdk1.8.0_181.jdk/Contents/Home/jre/lib/libjdwp.dylib
0x0000000107eda000 	/Library/Java/JavaVirtualMachines/jdk1.8.0_181.jdk/Contents/Home/jre/lib/libnpt.dylib
0x0000000107ef8000 	/Library/Java/JavaVirtualMachines/jdk1.8.0_181.jdk/Contents/Home/jre/lib/libinstrument.dylib
0x0000000107f95000 	/Library/Java/JavaVirtualMachines/jdk1.8.0_181.jdk/Contents/Home/jre/lib/libzip.dylib
0x00000001100d4000 	/Library/Java/JavaVirtualMachines/jdk1.8.0_181.jdk/Contents/Home/jre/lib/libdt_socket.dylib

VM Arguments:
jvm_args: -agentlib:jdwp=transport=dt_socket,address=127.0.0.1:60332,suspend=y,server=n -javaagent:/Users/ojasvi/Library/Caches/IntelliJIdea2018.2/captureAgent/debugger-agent.jar=file:/private/var/folders/p1/zwbpl48s77d45zmbvjkg577w0000gn/T/capture.props -Dfile.encoding=UTF-8 
java_command: test.AutoDiffTest
java_class_path (initial): /Library/Java/JavaVirtualMachines/jdk1.8.0_181.jdk/Contents/Home/jre/lib/charsets.jar:/Library/Java/JavaVirtualMachines/jdk1.8.0_181.jdk/Contents/Home/jre/lib/deploy.jar:/Library/Java/JavaVirtualMachines/jdk1.8.0_181.jdk/Contents/Home/jre/lib/ext/cldrdata.jar:/Library/Java/JavaVirtualMachines/jdk1.8.0_181.jdk/Contents/Home/jre/lib/ext/dnsns.jar:/Library/Java/JavaVirtualMachines/jdk1.8.0_181.jdk/Contents/Home/jre/lib/ext/jaccess.jar:/Library/Java/JavaVirtualMachines/jdk1.8.0_181.jdk/Contents/Home/jre/lib/ext/jfxrt.jar:/Library/Java/JavaVirtualMachines/jdk1.8.0_181.jdk/Contents/Home/jre/lib/ext/localedata.jar:/Library/Java/JavaVirtualMachines/jdk1.8.0_181.jdk/Contents/Home/jre/lib/ext/nashorn.jar:/Library/Java/JavaVirtualMachines/jdk1.8.0_181.jdk/Contents/Home/jre/lib/ext/sunec.jar:/Library/Java/JavaVirtualMachines/jdk1.8.0_181.jdk/Contents/Home/jre/lib/ext/sunjce_provider.jar:/Library/Java/JavaVirtualMachines/jdk1.8.0_181.jdk/Contents/Home/jre/lib/ext/sunpkcs11.jar:/Library/Java/JavaVirtualMachines/jdk1.8.0_181.jdk/Contents/Home/jre/lib/ext/zipfs.jar:/Library/Java/JavaVirtualMachines/jdk1.8.0_181.jdk/Contents/Home/jre/lib/javaws.jar:/Library/Java/JavaVirtualMachines/jdk1.8.0_181.jdk/Contents/Home/jre/lib/jce.jar:/Library/Java/JavaVirtualMachines/jdk1.8.0_181.jdk/Contents/Home/jre/lib/jfr.jar:/Library/Java/JavaVirtualMachines/jdk1.8.0_181.jdk/Contents/Home/jre/lib/jfxswt.jar:/Library/Java/JavaVirtualMachines/jdk1.8.0_181.jdk/Contents/Home/jre/lib/jsse.jar:/Library/Java/JavaVirtualMachines/jdk1.8.0_181.jdk/Contents/Home/jre/lib/management-agent.jar:/Library/Java/JavaVirtualMachines/jdk1.8.0_181.jdk/Contents/Home/jre/lib/plugin.jar:/Library/Java/JavaVirtualMachines/jdk1.8.0_181.jdk/Contents/Home/jre/lib/resources.jar:/Library/Java/JavaVirtualMachines/jdk1.8.0_181.jdk/Contents/Home/jre/lib/rt.jar:/Library/Java/JavaVirtualMachines/jdk1.8.0_181.jdk/Contents/Home/lib/ant-javafx.jar:/Library/Java/JavaVirtualMachines/jdk1.8.0_181.jdk/Contents/Home
Launcher Type: SUN_STANDARD

Environment Variables:
PATH=/usr/local/bin:/usr/bin:/bin:/usr/sbin:/sbin:/opt/X11/bin
SHELL=/bin/bash
DISPLAY=/private/tmp/com.apple.launchd.smMu8ylu80/org.macosforge.xquartz:0

Signal Handlers:
SIGSEGV: [libjvm.dylib+0x5b6029], sa_mask[0]=11111111011111110111111111111111, sa_flags=SA_ONSTACK|SA_RESTART|SA_SIGINFO
SIGBUS: [libjvm.dylib+0x5b6029], sa_mask[0]=11111111011111110111111111111111, sa_flags=SA_RESTART|SA_SIGINFO
SIGFPE: [libjvm.dylib+0x48b934], sa_mask[0]=11111111011111110111111111111111, sa_flags=SA_RESTART|SA_SIGINFO
SIGPIPE: [libjvm.dylib+0x48b934], sa_mask[0]=11111111011111110111111111111111, sa_flags=SA_RESTART|SA_SIGINFO
SIGXFSZ: [libjvm.dylib+0x48b934], sa_mask[0]=11111111011111110111111111111111, sa_flags=SA_RESTART|SA_SIGINFO
SIGILL: [libjvm.dylib+0x48b934], sa_mask[0]=11111111011111110111111111111111, sa_flags=SA_RESTART|SA_SIGINFO
SIGUSR1: SIG_DFL, sa_mask[0]=00000000000000000000000000000000, sa_flags=none
SIGUSR2: [libjvm.dylib+0x48b452], sa_mask[0]=00100000000000000000000000000000, sa_flags=SA_RESTART|SA_SIGINFO
SIGHUP: [libjvm.dylib+0x489a1d], sa_mask[0]=11111111011111110111111111111111, sa_flags=SA_RESTART|SA_SIGINFO
SIGINT: [libjvm.dylib+0x489a1d], sa_mask[0]=11111111011111110111111111111111, sa_flags=SA_RESTART|SA_SIGINFO
SIGTERM: [libjvm.dylib+0x489a1d], sa_mask[0]=11111111011111110111111111111111, sa_flags=SA_RESTART|SA_SIGINFO
SIGQUIT: [libjvm.dylib+0x489a1d], sa_mask[0]=11111111011111110111111111111111, sa_flags=SA_RESTART|SA_SIGINFO


---------------  S Y S T E M  ---------------

OS:Bsduname:Darwin 18.7.0 Darwin Kernel Version 18.7.0: Thu Jan 23 06:52:12 PST 2020; root:xnu-4903.278.25~1/RELEASE_X86_64 x86_64
rlimit: STACK 8192k, CORE 0k, NPROC 709, NOFILE 10240, AS infinity
load average:10.70 16.69 20.67

CPU:total 4 (initial active 4) (2 cores per cpu, 2 threads per core) family 6 model 142 stepping 9, cmov, cx8, fxsr, mmx, sse, sse2, sse3, ssse3, sse4.1, sse4.2, popcnt, avx, avx2, aes, clmul, erms, rtm, 3dnowpref, lzcnt, ht, tsc, tscinvbit, bmi1, bmi2, adx

Memory: 4k page, physical 8388608k(29276k free)

/proc/meminfo:


vm_info: Java HotSpot(TM) 64-Bit Server VM (25.181-b13) for bsd-amd64 JRE (1.8.0_181-b13), built on Jul  7 2018 01:02:31 by "java_re" with gcc 4.2.1 (Based on Apple Inc. build 5658) (LLVM build 2336.11.00)

time: Fri Feb 21 23:34:14 2020
elapsed time: 3024 seconds (0d 0h 50m 24s)

