#
# A fatal error has been detected by the Java Runtime Environment:
#
#  SIGBUS (0xa) at pc=0x0000000105f97698, pid=15758, tid=0x0000000000002b03
#
# JRE version: Java(TM) SE Runtime Environment (8.0_181-b13) (build 1.8.0_181-b13)
# Java VM: Java HotSpot(TM) 64-Bit Server VM (25.181-b13 mixed mode bsd-amd64 compressed oops)
# Problematic frame:
# V  [libjvm.dylib+0x1e2698]
#
# Failed to write core dump. Core dumps have been disabled. To enable core dumping, try "ulimit -c unlimited" before starting Java again
#
# If you would like to submit a bug report, please visit:
#   http://bugreport.java.com/bugreport/crash.jsp
#

---------------  T H R E A D  ---------------

Current thread (0x00007fc0d9829000):  VMThread [stack: 0x000070000610c000,0x000070000620c000] [id=11011]

siginfo: si_signo: 10 (SIGBUS), si_code: 2 (BUS_ADRERR), si_addr: 0x000000010cd15b68

Registers:
RAX=0x000000010cbb5ad8, RBX=0x0000000000000007, RCX=0x0000000000160080, RDX=0x0000000000000000
RSP=0x000070000620b4d0, RBP=0x000070000620b4d0, RSI=0x000000000000b004, RDI=0x000000010cbb45a8
R8 =0x0000000000000007, R9 =0x000000008a000000, R10=0x00007fc0d8600000, R11=0xffffffffffffffd0
R12=0x000070000620b6f8, R13=0x000000010cbb45a8, R14=0x0000000000000001, R15=0x0000000000000001
RIP=0x0000000105f97698, EFLAGS=0x0000000000010202, ERR=0x0000000000000004
  TRAPNO=0x000000000000000e

Top of Stack: (sp=0x000070000620b4d0)
0x000070000620b4d0:   000070000620b530 000000010603dd7e
0x000070000620b4e0:   000070000620b500 000000010636215c
0x000070000620b4f0:   000070000620b548 000070000620b6f8
0x000070000620b500:   000070000620b530 00007fc0d850a6d0
0x000070000620b510:   000070000620b548 000000010cbb5200
0x000070000620b520:   000070000620b6f8 000000000000000a
0x000070000620b530:   000070000620b5b0 000000010603f833
0x000070000620b540:   0000000000000002 000070000620b580
0x000070000620b550:   000000010cbb5200 00007fc0d9829000
0x000070000620b560:   0000000a00000007 000000b20000000a
0x000070000620b570:   000000b206200000 000000010cbb5200
0x000070000620b580:   00007fc0d9829000 000000010cbb5200
0x000070000620b590:   000070000620b6f8 000000010cbb5200
0x000070000620b5a0:   0000000000000000 0000000000000028
0x000070000620b5b0:   000070000620b5e0 000000010603fa3b
0x000070000620b5c0:   000070000620b5e0 000070000620b6f8
0x000070000620b5d0:   000070000620b6f8 000000010cbb5200
0x000070000620b5e0:   000070000620b600 000000010603ffd2
0x000070000620b5f0:   000070000620b6f8 00007fc0d9829000
0x000070000620b600:   000070000620b690 00000001060403eb
0x000070000620b610:   0000700006200000 0000000000000000
0x000070000620b620:   00000001063e38be 0000000000000000
0x000070000620b630:   00000001063e3c5a 0000000000000100
0x000070000620b640:   0000000000000000 0000000000000000
0x000070000620b650:   0000000000000000 0000001605010000
0x000070000620b660:   000000010cbb5200 00007fc0d9829000
0x000070000620b670:   000000010cbb5200 000070000620b6f8
0x000070000620b680:   00007fc0d9829000 00007fc0d86671d0
0x000070000620b690:   000070000620b6e0 000000010623a331
0x000070000620b6a0:   00007fc0d850fae0 00007fc0d850a610
0x000070000620b6b0:   00007fc0d850a620 00007fc0d850a9f8
0x000070000620b6c0:   00000000000003d8 0000000000000002 

Instructions: (pc=0x0000000105f97698)
0x0000000105f97678:   63 ce 48 c1 e1 05 ba ff ff 00 00 48 23 54 08 10
0x0000000105f97688:   8b 44 d7 50 c1 e8 10 5d c3 48 63 ce 48 c1 e1 05
0x0000000105f97698:   48 8b 4c 08 10 0f b7 f1 48 63 c6 8b 44 c7 50 eb
0x0000000105f976a8:   e3 90 55 48 89 e5 53 48 83 ec 08 48 89 fb 48 89 

Register to memory mapping:

RAX=0x000000010cbb5ad8 is pointing into metadata
RBX=0x0000000000000007 is an unknown value
RCX=0x0000000000160080 is an unknown value
RDX=0x0000000000000000 is an unknown value
RSP=0x000070000620b4d0 is an unknown value
RBP=0x000070000620b4d0 is an unknown value
RSI=0x000000000000b004 is an unknown value
RDI=0x000000010cbb45a8 is pointing into metadata
R8 =0x0000000000000007 is an unknown value
R9 =0x000000008a000000 is an unknown value
R10=0x00007fc0d8600000 is an unknown value
R11=0xffffffffffffffd0 is an unknown value
R12=0x000070000620b6f8 is an unknown value
R13=0x000000010cbb45a8 is pointing into metadata
R14=0x0000000000000001 is an unknown value
R15=0x0000000000000001 is an unknown value


Stack: [0x000070000610c000,0x000070000620c000],  sp=0x000070000620b4d0,  free space=1021k
Native frames: (J=compiled Java code, j=interpreted, Vv=VM code, C=native code)
V  [libjvm.dylib+0x1e2698]
V  [libjvm.dylib+0x288d7e]
V  [libjvm.dylib+0x28a833]
V  [libjvm.dylib+0x28aa3b]
V  [libjvm.dylib+0x28afd2]
V  [libjvm.dylib+0x28b3eb]
V  [libjvm.dylib+0x485331]
V  [libjvm.dylib+0x48553a]
V  [libjvm.dylib+0x48571b]
V  [libjvm.dylib+0x4859d2]
V  [libjvm.dylib+0x2c2b04]
V  [libjvm.dylib+0x45306d]
V  [libjvm.dylib+0x39afbf]
V  [libjvm.dylib+0x5bd499]
V  [libjvm.dylib+0x5bba31]
V  [libjvm.dylib+0x5bbe7e]
V  [libjvm.dylib+0x5bb79d]
V  [libjvm.dylib+0x48e342]
C  [libsystem_pthread.dylib+0x32eb]  _pthread_body+0x7e
C  [libsystem_pthread.dylib+0x6249]  _pthread_start+0x42
C  [libsystem_pthread.dylib+0x240d]  thread_start+0xd

VM_Operation (0x0000700006617978): GetOrSetLocal, mode: safepoint, requested by thread 0x00007fc0d900b000


---------------  P R O C E S S  ---------------

Java Threads: ( => current thread )
  0x00007fc0d8821800 JavaThread "Service Thread" daemon [_thread_blocked, id=16643, stack(0x0000700006b2a000,0x0000700006c2a000)]
  0x00007fc0da054000 JavaThread "C1 CompilerThread2" daemon [_thread_blocked, id=14595, stack(0x0000700006a27000,0x0000700006b27000)]
  0x00007fc0d9846000 JavaThread "C2 CompilerThread1" daemon [_thread_blocked, id=14339, stack(0x0000700006924000,0x0000700006a24000)]
  0x00007fc0da053000 JavaThread "C2 CompilerThread0" daemon [_thread_blocked, id=17667, stack(0x0000700006821000,0x0000700006921000)]
  0x00007fc0d8820800 JavaThread "JDWP Command Reader" daemon [_thread_in_native, id=17923, stack(0x000070000671e000,0x000070000681e000)]
  0x00007fc0d8820000 JavaThread "JDWP Event Helper Thread" daemon [_thread_blocked, id=13571, stack(0x000070000661b000,0x000070000671b000)]
  0x00007fc0d900b000 JavaThread "JDWP Transport Listener: dt_socket" daemon [_thread_blocked, id=13319, stack(0x0000700006518000,0x0000700006618000)]
  0x00007fc0d9844800 JavaThread "Signal Dispatcher" daemon [_thread_blocked, id=18691, stack(0x0000700006415000,0x0000700006515000)]
  0x00007fc0d8814000 JavaThread "Finalizer" daemon [_thread_blocked, id=19971, stack(0x0000700006312000,0x0000700006412000)]
  0x00007fc0d982b800 JavaThread "Reference Handler" daemon [_thread_blocked, id=20483, stack(0x000070000620f000,0x000070000630f000)]
  0x00007fc0da001000 JavaThread "main" [_thread_blocked, id=6403, stack(0x0000700005bfd000,0x0000700005cfd000)]

Other Threads:
=>0x00007fc0d9829000 VMThread [stack: 0x000070000610c000,0x000070000620c000] [id=11011]
  0x00007fc0d88d5000 WatcherThread [stack: 0x0000700006c2d000,0x0000700006d2d000] [id=15107]

VM state:at safepoint (normal execution)

VM Mutex/Monitor currently owned by a thread:  ([mutex/lock_event])
[0x00007fc0d8402680] Threads_lock - owner thread: 0x00007fc0d9829000

Heap:
 PSYoungGen      total 38400K, used 22528K [0x0000000795580000, 0x0000000798000000, 0x00000007c0000000)
  eden space 33280K, 67% used [0x0000000795580000,0x0000000796b80368,0x0000000797600000)
  from space 5120K, 0% used [0x0000000797b00000,0x0000000797b00000,0x0000000798000000)
  to   space 5120K, 0% used [0x0000000797600000,0x0000000797600000,0x0000000797b00000)
 ParOldGen       total 87552K, used 0K [0x0000000740000000, 0x0000000745580000, 0x0000000795580000)
  object space 87552K, 0% used [0x0000000740000000,0x0000000740000000,0x0000000745580000)
 Metaspace       used 7904K, capacity 8316K, committed 8576K, reserved 1056768K
  class space    used 963K, capacity 1028K, committed 1152K, reserved 1048576K

Card table byte_map: [0x0000000107a7f000,0x0000000107e80000] byte_map_base: 0x000000010407f000

Marking Bits: (ParMarkBitMap*) 0x00000001066aecd0
 Begin Bits: [0x000000010812b000, 0x000000010a12b000)
 End Bits:   [0x000000010a12b000, 0x000000010c12b000)

Polling page: 0x0000000106dad000

CodeCache: size=245760Kb used=2389Kb max_used=2402Kb free=243370Kb
 bounds [0x0000000115857000, 0x0000000115ac7000, 0x0000000124857000]
 total_blobs=775 nmethods=497 adapters=200
 compilation: enabled

Compilation events (10 events):
Event: 20.342 Thread 0x00007fc0d9846000 nmethod 492 0x0000000115aa9d90 code [0x0000000115aa9ec0, 0x0000000115aa9f38]
Event: 20.346 Thread 0x00007fc0da054000 nmethod 494 0x0000000115aace10 code [0x0000000115aad100, 0x0000000115aaf118]
Event: 20.346 Thread 0x00007fc0da054000  491       3       java.util.SubList$1::nextIndex (18 bytes)
Event: 20.347 Thread 0x00007fc0da054000 nmethod 491 0x0000000115aaafd0 code [0x0000000115aab140, 0x0000000115aab388]
Event: 1741.158 Thread 0x00007fc0da054000  495       1       scala.collection.mutable.StringBuilder::underlying (5 bytes)
Event: 1741.159 Thread 0x00007fc0d9846000  497       4       java.lang.StringBuilder::append (8 bytes)
Event: 1741.159 Thread 0x00007fc0da054000 nmethod 495 0x0000000115aaad10 code [0x0000000115aaae60, 0x0000000115aaaf70]
Event: 1741.159 Thread 0x00007fc0da054000  496       3       scala.runtime.ScalaRunTime$$anon$1::hasNext (15 bytes)
Event: 1741.160 Thread 0x00007fc0da054000 nmethod 496 0x0000000115aaa950 code [0x0000000115aaaac0, 0x0000000115aaac70]
Event: 1741.167 Thread 0x00007fc0d9846000 nmethod 497 0x0000000115aac1d0 code [0x0000000115aac340, 0x0000000115aac8f8]

GC Heap History (0 events):
No events

Deoptimization events (1 events):
Event: 0.782 Thread 0x00007fc0da001000 Uncommon trap: reason=unstable_if action=reinterpret pc=0x00000001159e0058 method=java.lang.String.indexOf([CII[CIII)I @ 123

Classes redefined (8 events):
Event: 956.762 Thread 0x00007fc0d9829000 redefined class name=automaticDifferentiation.AutomaticDifferentiateExpr$, count=1
Event: 956.764 Thread 0x00007fc0d9829000 redefined class name=test.AutoDiffTest, count=1
Event: 956.767 Thread 0x00007fc0d9829000 redefined class name=test.AutoDiffTest$delayedInit$body, count=1
Event: 956.770 Thread 0x00007fc0d9829000 redefined class name=test.AutoDiffTest$, count=1
Event: 956.774 Thread 0x00007fc0d9829000 redefined class name=automaticDifferentiation.AutomaticDifferentiate$, count=1
Event: 1063.047 Thread 0x00007fc0d9829000 redefined class name=automaticDifferentiation.AutomaticDifferentiate$, count=2
Event: 1739.751 Thread 0x00007fc0d9829000 redefined class name=automaticDifferentiation.AutomaticDifferentiateExpr$, count=2
Event: 1860.316 Thread 0x00007fc0d9829000 redefined class name=automaticDifferentiation.AutomaticDifferentiateExpr$, count=3

Internal exceptions (5 events):
Event: 0.051 Thread 0x00007fc0da001000 Exception <a 'java/lang/NoSuchMethodError': Method sun.misc.Unsafe.defineClass(Ljava/lang/String;[BII)Ljava/lang/Class; name or signature does not match> (0x0000000795587cb0) thrown at [/Users/java_re/workspace/8-2-build-macosx-x86_64/jdk8u181/11358/hotsp
Event: 0.051 Thread 0x00007fc0da001000 Exception <a 'java/lang/NoSuchMethodError': Method sun.misc.Unsafe.prefetchRead(Ljava/lang/Object;J)V name or signature does not match> (0x0000000795587f98) thrown at [/Users/java_re/workspace/8-2-build-macosx-x86_64/jdk8u181/11358/hotspot/src/share/vm/pr
Event: 0.831 Thread 0x00007fc0da001000 Exception <a 'java/lang/NoSuchFieldError': method resolution failed> (0x0000000796283900) thrown at [/Users/java_re/workspace/8-2-build-macosx-x86_64/jdk8u181/11358/hotspot/src/share/vm/prims/methodHandles.cpp, line 1167]
Event: 0.838 Thread 0x00007fc0da001000 Exception <a 'java/lang/NoSuchFieldError': method resolution failed> (0x0000000796291520) thrown at [/Users/java_re/workspace/8-2-build-macosx-x86_64/jdk8u181/11358/hotspot/src/share/vm/prims/methodHandles.cpp, line 1167]
Event: 0.846 Thread 0x00007fc0da001000 Exception <a 'java/lang/NoSuchMethodError': java.lang.Object.$anonfun$main$1$adapted(Lscala/Function0;)Ljava/lang/Object;> (0x00000007962b8ff0) thrown at [/Users/java_re/workspace/8-2-build-macosx-x86_64/jdk8u181/11358/hotspot/src/share/vm/interpreter/lin

Events (10 events):
Event: 1934.736 Executing VM operation: ChangeBreakpoints done
Event: 1934.740 Executing VM operation: ChangeBreakpoints
Event: 1934.740 Executing VM operation: ChangeBreakpoints done
Event: 1934.743 Executing VM operation: ChangeBreakpoints
Event: 1934.743 Executing VM operation: ChangeBreakpoints done
Event: 1934.747 Executing VM operation: ChangeBreakpoints
Event: 1934.747 Executing VM operation: ChangeBreakpoints done
Event: 1934.786 Executing VM operation: GetOrSetLocal
Event: 1934.787 Executing VM operation: GetOrSetLocal done
Event: 1934.788 Executing VM operation: GetOrSetLocal


Dynamic libraries:
0x00007fff41f73000 	/System/Library/Frameworks/Cocoa.framework/Versions/A/Cocoa
0x00007fff4dd21000 	/System/Library/Frameworks/Security.framework/Versions/A/Security
0x00007fff40c05000 	/System/Library/Frameworks/ApplicationServices.framework/Versions/A/ApplicationServices
0x00007fff6de12000 	/usr/lib/libz.1.dylib
0x00007fff6b769000 	/usr/lib/libSystem.B.dylib
0x00007fff6cfa2000 	/usr/lib/libobjc.A.dylib
0x00007fff427e8000 	/System/Library/Frameworks/CoreFoundation.framework/Versions/A/CoreFoundation
0x00007fff44a6c000 	/System/Library/Frameworks/Foundation.framework/Versions/C/Foundation
0x00007fff3fdfe000 	/System/Library/Frameworks/AppKit.framework/Versions/C/AppKit
0x00007fff42371000 	/System/Library/Frameworks/CoreData.framework/Versions/A/CoreData
0x00007fff6522e000 	/System/Library/PrivateFrameworks/RemoteViewServices.framework/Versions/A/RemoteViewServices
0x00007fff694a5000 	/System/Library/PrivateFrameworks/UIFoundation.framework/Versions/A/UIFoundation
0x00007fff6ab8a000 	/System/Library/PrivateFrameworks/XCTTargetBootstrap.framework/Versions/A/XCTTargetBootstrap
0x00007fff426f7000 	/System/Library/Frameworks/CoreDisplay.framework/Versions/A/CoreDisplay
0x00007fff5ff68000 	/System/Library/PrivateFrameworks/IconServices.framework/Versions/A/IconServices
0x00007fff4738e000 	/System/Library/Frameworks/Metal.framework/Versions/A/Metal
0x00007fff574ac000 	/System/Library/PrivateFrameworks/DesktopServicesPriv.framework/Versions/A/DesktopServicesPriv
0x00007fff6c305000 	/usr/lib/libenergytrace.dylib
0x00007fff6798c000 	/System/Library/PrivateFrameworks/SkyLight.framework/Versions/A/SkyLight
0x00007fff42c2f000 	/System/Library/Frameworks/CoreGraphics.framework/Versions/A/CoreGraphics
0x00007fff3ebca000 	/System/Library/Frameworks/Accelerate.framework/Versions/A/Accelerate
0x00007fff451b5000 	/System/Library/Frameworks/IOSurface.framework/Versions/A/IOSurface
0x00007fff57318000 	/System/Library/PrivateFrameworks/DFRFoundation.framework/Versions/A/DFRFoundation
0x00007fff410e8000 	/System/Library/Frameworks/AudioToolbox.framework/Versions/A/AudioToolbox
0x00007fff41361000 	/System/Library/Frameworks/AudioUnit.framework/Versions/A/AudioUnit
0x00007fff573ad000 	/System/Library/PrivateFrameworks/DataDetectorsCore.framework/Versions/A/DataDetectorsCore
0x00007fff41a76000 	/System/Library/Frameworks/Carbon.framework/Versions/A/Frameworks/HIToolbox.framework/Versions/A/HIToolbox
0x00007fff6c45e000 	/usr/lib/libicucore.A.dylib
0x00007fff4d294000 	/System/Library/Frameworks/QuartzCore.framework/Versions/A/QuartzCore
0x00007fff41e4b000 	/System/Library/Frameworks/Carbon.framework/Versions/A/Frameworks/SpeechRecognition.framework/Versions/A/SpeechRecognition
0x00007fff6b8bd000 	/usr/lib/libauto.dylib
0x00007fff6dd05000 	/usr/lib/libxml2.2.dylib
0x00007fff56ef3000 	/System/Library/PrivateFrameworks/CoreUI.framework/Versions/A/CoreUI
0x00007fff4225c000 	/System/Library/Frameworks/CoreAudio.framework/Versions/A/CoreAudio
0x00007fff448a1000 	/System/Library/Frameworks/DiskArbitration.framework/Versions/A/DiskArbitration
0x00007fff6c70c000 	/usr/lib/liblangid.dylib
0x00007fff61373000 	/System/Library/PrivateFrameworks/MultitouchSupport.framework/Versions/A/MultitouchSupport
0x00007fff45124000 	/System/Library/Frameworks/IOKit.framework/Versions/A/IOKit
0x00007fff6b329000 	/usr/lib/libDiagnosticMessagesClient.dylib
0x00007fff43a3f000 	/System/Library/Frameworks/CoreServices.framework/Versions/A/CoreServices
0x00007fff6302d000 	/System/Library/PrivateFrameworks/PerformanceAnalysis.framework/Versions/A/PerformanceAnalysis
0x00007fff4c47b000 	/System/Library/Frameworks/OpenGL.framework/Versions/A/OpenGL
0x00007fff41f81000 	/System/Library/Frameworks/ColorSync.framework/Versions/A/ColorSync
0x00007fff432c1000 	/System/Library/Frameworks/CoreImage.framework/Versions/A/CoreImage
0x00007fff44417000 	/System/Library/Frameworks/CoreText.framework/Versions/A/CoreText
0x00007fff45218000 	/System/Library/Frameworks/ImageIO.framework/Versions/A/ImageIO
0x00007fff53545000 	/System/Library/PrivateFrameworks/Backup.framework/Versions/A/Backup
0x00007fff6b810000 	/usr/lib/libarchive.2.dylib
0x00007fff416ba000 	/System/Library/Frameworks/CFNetwork.framework/Versions/A/CFNetwork
0x00007fff4e47d000 	/System/Library/Frameworks/SystemConfiguration.framework/Versions/A/SystemConfiguration
0x00007fff6b25a000 	/usr/lib/libCRFSuite.dylib
0x00007fff6b9ae000 	/usr/lib/libc++.1.dylib
0x00007fff6ba02000 	/usr/lib/libc++abi.dylib
0x00007fff6e608000 	/usr/lib/system/libcache.dylib
0x00007fff6e60d000 	/usr/lib/system/libcommonCrypto.dylib
0x00007fff6e618000 	/usr/lib/system/libcompiler_rt.dylib
0x00007fff6e620000 	/usr/lib/system/libcopyfile.dylib
0x00007fff6e62a000 	/usr/lib/system/libcorecrypto.dylib
0x00007fff6e735000 	/usr/lib/system/libdispatch.dylib
0x00007fff6e76f000 	/usr/lib/system/libdyld.dylib
0x00007fff6e79c000 	/usr/lib/system/libkeymgr.dylib
0x00007fff6e7aa000 	/usr/lib/system/liblaunch.dylib
0x00007fff6e7ab000 	/usr/lib/system/libmacho.dylib
0x00007fff6e7b1000 	/usr/lib/system/libquarantine.dylib
0x00007fff6e7b4000 	/usr/lib/system/libremovefile.dylib
0x00007fff6e7b6000 	/usr/lib/system/libsystem_asl.dylib
0x00007fff6e7ce000 	/usr/lib/system/libsystem_blocks.dylib
0x00007fff6e7cf000 	/usr/lib/system/libsystem_c.dylib
0x00007fff6e857000 	/usr/lib/system/libsystem_configuration.dylib
0x00007fff6e85b000 	/usr/lib/system/libsystem_coreservices.dylib
0x00007fff6e85f000 	/usr/lib/system/libsystem_darwin.dylib
0x00007fff6e866000 	/usr/lib/system/libsystem_dnssd.dylib
0x00007fff6e86d000 	/usr/lib/system/libsystem_info.dylib
0x00007fff6e8e2000 	/usr/lib/system/libsystem_m.dylib
0x00007fff6e92e000 	/usr/lib/system/libsystem_malloc.dylib
0x00007fff6e959000 	/usr/lib/system/libsystem_networkextension.dylib
0x00007fff6e964000 	/usr/lib/system/libsystem_notify.dylib
0x00007fff6e981000 	/usr/lib/system/libsystem_sandbox.dylib
0x00007fff6e985000 	/usr/lib/system/libsystem_secinit.dylib
0x00007fff6e8b9000 	/usr/lib/system/libsystem_kernel.dylib
0x00007fff6e96c000 	/usr/lib/system/libsystem_platform.dylib
0x00007fff6e976000 	/usr/lib/system/libsystem_pthread.dylib
0x00007fff6e988000 	/usr/lib/system/libsystem_symptoms.dylib
0x00007fff6e990000 	/usr/lib/system/libsystem_trace.dylib
0x00007fff6e9a7000 	/usr/lib/system/libunwind.dylib
0x00007fff6e9ad000 	/usr/lib/system/libxpc.dylib
0x00007fff6b98f000 	/usr/lib/libbsm.0.dylib
0x00007fff6e79d000 	/usr/lib/system/libkxld.dylib
0x00007fff52936000 	/System/Library/PrivateFrameworks/AppleFSCompression.framework/Versions/A/AppleFSCompression
0x00007fff6b629000 	/usr/lib/libOpenScriptingUtil.dylib
0x00007fff6bcb7000 	/usr/lib/libcoretls.dylib
0x00007fff6bcce000 	/usr/lib/libcoretls_cfhelpers.dylib
0x00007fff6d739000 	/usr/lib/libpam.2.dylib
0x00007fff6d8f9000 	/usr/lib/libsqlite3.dylib
0x00007fff6dcf3000 	/usr/lib/libxar.1.dylib
0x00007fff6b9a0000 	/usr/lib/libbz2.1.0.dylib
0x00007fff6c70e000 	/usr/lib/liblzma.5.dylib
0x00007fff6cbbf000 	/usr/lib/libnetwork.dylib
0x00007fff6b7f9000 	/usr/lib/libapple_nghttp2.dylib
0x00007fff6d740000 	/usr/lib/libpcap.A.dylib
0x00007fff43dde000 	/System/Library/Frameworks/CoreServices.framework/Versions/A/Frameworks/FSEvents.framework/Versions/A/FSEvents
0x00007fff43abd000 	/System/Library/Frameworks/CoreServices.framework/Versions/A/Frameworks/CarbonCore.framework/Versions/A/CarbonCore
0x00007fff43f99000 	/System/Library/Frameworks/CoreServices.framework/Versions/A/Frameworks/Metadata.framework/Versions/A/Metadata
0x00007fff44038000 	/System/Library/Frameworks/CoreServices.framework/Versions/A/Frameworks/OSServices.framework/Versions/A/OSServices
0x00007fff44083000 	/System/Library/Frameworks/CoreServices.framework/Versions/A/Frameworks/SearchKit.framework/Versions/A/SearchKit
0x00007fff43a40000 	/System/Library/Frameworks/CoreServices.framework/Versions/A/Frameworks/AE.framework/Versions/A/AE
0x00007fff43de7000 	/System/Library/Frameworks/CoreServices.framework/Versions/A/Frameworks/LaunchServices.framework/Versions/A/LaunchServices
0x00007fff43d95000 	/System/Library/Frameworks/CoreServices.framework/Versions/A/Frameworks/DictionaryServices.framework/Versions/A/DictionaryServices
0x00007fff440eb000 	/System/Library/Frameworks/CoreServices.framework/Versions/A/Frameworks/SharedFileList.framework/Versions/A/SharedFileList
0x00007fff48456000 	/System/Library/Frameworks/NetFS.framework/Versions/A/NetFS
0x00007fff615d9000 	/System/Library/PrivateFrameworks/NetAuth.framework/Versions/A/NetAuth
0x00007fff6af8e000 	/System/Library/PrivateFrameworks/login.framework/Versions/A/Frameworks/loginsupport.framework/Versions/A/loginsupport
0x00007fff690ae000 	/System/Library/PrivateFrameworks/TCC.framework/Versions/A/TCC
0x00007fff56550000 	/System/Library/PrivateFrameworks/CoreNLP.framework/Versions/A/CoreNLP
0x00007fff6106e000 	/System/Library/PrivateFrameworks/MetadataUtilities.framework/Versions/A/MetadataUtilities
0x00007fff6c7e3000 	/usr/lib/libmecabra.dylib
0x00007fff40c06000 	/System/Library/Frameworks/ApplicationServices.framework/Versions/A/Frameworks/ATS.framework/Versions/A/ATS
0x00007fff40f55000 	/System/Library/Frameworks/ApplicationServices.framework/Versions/A/Frameworks/ColorSyncLegacy.framework/Versions/A/ColorSyncLegacy
0x00007fff40ff4000 	/System/Library/Frameworks/ApplicationServices.framework/Versions/A/Frameworks/HIServices.framework/Versions/A/HIServices
0x00007fff41047000 	/System/Library/Frameworks/ApplicationServices.framework/Versions/A/Frameworks/LangAnalysis.framework/Versions/A/LangAnalysis
0x00007fff41057000 	/System/Library/Frameworks/ApplicationServices.framework/Versions/A/Frameworks/PrintCore.framework/Versions/A/PrintCore
0x00007fff410a1000 	/System/Library/Frameworks/ApplicationServices.framework/Versions/A/Frameworks/QD.framework/Versions/A/QD
0x00007fff410db000 	/System/Library/Frameworks/ApplicationServices.framework/Versions/A/Frameworks/SpeechSynthesis.framework/Versions/A/SpeechSynthesis
0x00007fff6ba2a000 	/usr/lib/libcompression.dylib
0x00007fff4765e000 	/System/Library/Frameworks/MetalPerformanceShaders.framework/Versions/A/MetalPerformanceShaders
0x00007fff3ebe2000 	/System/Library/Frameworks/Accelerate.framework/Versions/A/Frameworks/vImage.framework/Versions/A/vImage
0x00007fff3fc5c000 	/System/Library/Frameworks/Accelerate.framework/Versions/A/Frameworks/vecLib.framework/Versions/A/vecLib
0x00007fff3fba8000 	/System/Library/Frameworks/Accelerate.framework/Versions/A/Frameworks/vecLib.framework/Versions/A/libvMisc.dylib
0x00007fff3f9c0000 	/System/Library/Frameworks/Accelerate.framework/Versions/A/Frameworks/vecLib.framework/Versions/A/libvDSP.dylib
0x00007fff3f27c000 	/System/Library/Frameworks/Accelerate.framework/Versions/A/Frameworks/vecLib.framework/Versions/A/libBLAS.dylib
0x00007fff3f569000 	/System/Library/Frameworks/Accelerate.framework/Versions/A/Frameworks/vecLib.framework/Versions/A/libLAPACK.dylib
0x00007fff3f913000 	/System/Library/Frameworks/Accelerate.framework/Versions/A/Frameworks/vecLib.framework/Versions/A/libLinearAlgebra.dylib
0x00007fff3f9ac000 	/System/Library/Frameworks/Accelerate.framework/Versions/A/Frameworks/vecLib.framework/Versions/A/libSparseBLAS.dylib
0x00007fff3f929000 	/System/Library/Frameworks/Accelerate.framework/Versions/A/Frameworks/vecLib.framework/Versions/A/libQuadrature.dylib
0x00007fff3f4f6000 	/System/Library/Frameworks/Accelerate.framework/Versions/A/Frameworks/vecLib.framework/Versions/A/libBNNS.dylib
0x00007fff3f92f000 	/System/Library/Frameworks/Accelerate.framework/Versions/A/Frameworks/vecLib.framework/Versions/A/libSparse.dylib
0x00007fff5d89e000 	/System/Library/PrivateFrameworks/GPUWrangler.framework/Versions/A/GPUWrangler
0x00007fff5fb9d000 	/System/Library/PrivateFrameworks/IOAccelerator.framework/Versions/A/IOAccelerator
0x00007fff5fba8000 	/System/Library/PrivateFrameworks/IOPresentment.framework/Versions/A/IOPresentment
0x00007fff57328000 	/System/Library/PrivateFrameworks/DSExternalDisplay.framework/Versions/A/DSExternalDisplay
0x00007fff4b8d2000 	/System/Library/Frameworks/OpenGL.framework/Versions/A/Libraries/libCoreFSCache.dylib
0x00007fff47452000 	/System/Library/Frameworks/MetalPerformanceShaders.framework/Frameworks/MPSCore.framework/Versions/A/MPSCore
0x00007fff47472000 	/System/Library/Frameworks/MetalPerformanceShaders.framework/Frameworks/MPSImage.framework/Versions/A/MPSImage
0x00007fff47517000 	/System/Library/Frameworks/MetalPerformanceShaders.framework/Frameworks/MPSNeuralNetwork.framework/Versions/A/MPSNeuralNetwork
0x00007fff474ef000 	/System/Library/Frameworks/MetalPerformanceShaders.framework/Frameworks/MPSMatrix.framework/Versions/A/MPSMatrix
0x00007fff47643000 	/System/Library/Frameworks/MetalPerformanceShaders.framework/Frameworks/MPSRayIntersector.framework/Versions/A/MPSRayIntersector
0x00007fff61097000 	/System/Library/PrivateFrameworks/MetalTools.framework/Versions/A/MetalTools
0x00007fff521e0000 	/System/Library/PrivateFrameworks/AggregateDictionary.framework/Versions/A/AggregateDictionary
0x00007fff6b609000 	/usr/lib/libMobileGestalt.dylib
0x00007fff4457a000 	/System/Library/Frameworks/CoreVideo.framework/Versions/A/CoreVideo
0x00007fff5e6af000 	/System/Library/PrivateFrameworks/GraphVisualizer.framework/Versions/A/GraphVisualizer
0x00007fff5852e000 	/System/Library/PrivateFrameworks/FaceCore.framework/Versions/A/FaceCore
0x00007fff4af00000 	/System/Library/Frameworks/OpenCL.framework/Versions/A/OpenCL
0x00007fff6b361000 	/usr/lib/libFosl_dynamic.dylib
0x00007fff61e44000 	/System/Library/PrivateFrameworks/OTSVG.framework/Versions/A/OTSVG
0x00007fff40d0a000 	/System/Library/Frameworks/ApplicationServices.framework/Versions/A/Frameworks/ATS.framework/Versions/A/Resources/libFontParser.dylib
0x00007fff40e22000 	/System/Library/Frameworks/ApplicationServices.framework/Versions/A/Frameworks/ATS.framework/Versions/A/Resources/libFontRegistry.dylib
0x00007fff45487000 	/System/Library/Frameworks/ImageIO.framework/Versions/A/Resources/libJPEG.dylib
0x00007fff45799000 	/System/Library/Frameworks/ImageIO.framework/Versions/A/Resources/libTIFF.dylib
0x00007fff4576f000 	/System/Library/Frameworks/ImageIO.framework/Versions/A/Resources/libPng.dylib
0x00007fff453a5000 	/System/Library/Frameworks/ImageIO.framework/Versions/A/Resources/libGIF.dylib
0x00007fff453aa000 	/System/Library/Frameworks/ImageIO.framework/Versions/A/Resources/libJP2.dylib
0x00007fff45796000 	/System/Library/Frameworks/ImageIO.framework/Versions/A/Resources/libRadiance.dylib
0x00007fff52a8d000 	/System/Library/PrivateFrameworks/AppleJPEG.framework/Versions/A/AppleJPEG
0x00007fff4b8dd000 	/System/Library/Frameworks/OpenGL.framework/Versions/A/Libraries/libGFXShared.dylib
0x00007fff4baa0000 	/System/Library/Frameworks/OpenGL.framework/Versions/A/Libraries/libGLU.dylib
0x00007fff4b8e6000 	/System/Library/Frameworks/OpenGL.framework/Versions/A/Libraries/libGL.dylib
0x00007fff4b8f2000 	/System/Library/Frameworks/OpenGL.framework/Versions/A/Libraries/libGLImage.dylib
0x00007fff4b8cf000 	/System/Library/Frameworks/OpenGL.framework/Versions/A/Libraries/libCVMSPluginSupport.dylib
0x00007fff4b8d8000 	/System/Library/Frameworks/OpenGL.framework/Versions/A/Libraries/libCoreVMClient.dylib
0x00007fff6c17b000 	/usr/lib/libcups.2.dylib
0x00007fff46959000 	/System/Library/Frameworks/Kerberos.framework/Versions/A/Kerberos
0x00007fff44e88000 	/System/Library/Frameworks/GSS.framework/Versions/A/GSS
0x00007fff6d88e000 	/usr/lib/libresolv.9.dylib
0x00007fff6c36d000 	/usr/lib/libiconv.2.dylib
0x00007fff5e824000 	/System/Library/PrivateFrameworks/Heimdal.framework/Versions/A/Heimdal
0x00007fff6c33d000 	/usr/lib/libheimdal-asn1.dylib
0x00007fff4af74000 	/System/Library/Frameworks/OpenDirectory.framework/Versions/A/OpenDirectory
0x00007fff552b3000 	/System/Library/PrivateFrameworks/CommonAuth.framework/Versions/A/CommonAuth
0x00007fff4af58000 	/System/Library/Frameworks/OpenDirectory.framework/Versions/A/Frameworks/CFOpenDirectory.framework/Versions/A/CFOpenDirectory
0x00007fff4e022000 	/System/Library/Frameworks/SecurityFoundation.framework/Versions/A/SecurityFoundation
0x00007fff51726000 	/System/Library/PrivateFrameworks/APFS.framework/Versions/A/APFS
0x00007fff6dcef000 	/usr/lib/libutil.dylib
0x00007fff6ba18000 	/usr/lib/libcharset.1.dylib
0x00007fff52d2a000 	/System/Library/PrivateFrameworks/AppleSauce.framework/Versions/A/AppleSauce
0x00007fff52eab000 	/System/Library/PrivateFrameworks/AssertionServices.framework/Versions/A/AssertionServices
0x00007fff535db000 	/System/Library/PrivateFrameworks/BaseBoard.framework/Versions/A/BaseBoard
0x00007fff6c73e000 	/usr/lib/libmecab.1.0.0.dylib
0x00007fff6c337000 	/usr/lib/libgermantok.dylib
0x00007fff6b7e6000 	/usr/lib/libThaiTokenizer.dylib
0x00007fff6b291000 	/usr/lib/libChineseTokenizer.dylib
0x00007fff60255000 	/System/Library/PrivateFrameworks/LanguageModeling.framework/Versions/A/LanguageModeling
0x00007fff55f95000 	/System/Library/PrivateFrameworks/CoreEmoji.framework/Versions/A/CoreEmoji
0x00007fff60331000 	/System/Library/PrivateFrameworks/Lexicon.framework/Versions/A/Lexicon
0x00007fff60374000 	/System/Library/PrivateFrameworks/LinguisticData.framework/Versions/A/LinguisticData
0x00007fff6ba19000 	/usr/lib/libcmph.dylib
0x00007fff4e0e0000 	/System/Library/Frameworks/ServiceManagement.framework/Versions/A/ServiceManagement
0x00007fff5353c000 	/System/Library/PrivateFrameworks/BackgroundTaskManagement.framework/Versions/A/BackgroundTaskManagement
0x00007fff6dde9000 	/usr/lib/libxslt.1.dylib
0x00007fff41d78000 	/System/Library/Frameworks/Carbon.framework/Versions/A/Frameworks/Ink.framework/Versions/A/Ink
0x00007fff69320000 	/System/Library/PrivateFrameworks/TextureIO.framework/Versions/A/TextureIO
0x00007fff6b83a000 	/usr/lib/libate.dylib
0x00007fff57277000 	/System/Library/PrivateFrameworks/CrashReporterSupport.framework/Versions/A/CrashReporterSupport
0x00007fff66a5a000 	/System/Library/PrivateFrameworks/Sharing.framework/Versions/A/Sharing
0x00007fff5328e000 	/System/Library/PrivateFrameworks/AuthKit.framework/Versions/A/AuthKit
0x00007fff527e2000 	/System/Library/PrivateFrameworks/Apple80211.framework/Versions/A/Apple80211
0x00007fff5701f000 	/System/Library/PrivateFrameworks/CoreUtils.framework/Versions/A/CoreUtils
0x00007fff445bb000 	/System/Library/Frameworks/CoreWLAN.framework/Versions/A/CoreWLAN
0x00007fff44fb7000 	/System/Library/Frameworks/IOBluetooth.framework/Versions/A/IOBluetooth
0x00007fff64ece000 	/System/Library/PrivateFrameworks/ProtocolBuffer.framework/Versions/A/ProtocolBuffer
0x00007fff612cf000 	/System/Library/PrivateFrameworks/MobileKeyBag.framework/Versions/A/MobileKeyBag
0x00007fff56863000 	/System/Library/PrivateFrameworks/CorePhoneNumbers.framework/Versions/A/CorePhoneNumbers
0x00007fff52a41000 	/System/Library/PrivateFrameworks/AppleIDAuthSupport.framework/Versions/A/AppleIDAuthSupport
0x00007fff60228000 	/System/Library/PrivateFrameworks/KeychainCircle.framework/Versions/A/KeychainCircle
0x00007fff65084000 	/System/Library/PrivateFrameworks/ROCKit.framework/Versions/A/ROCKit
0x00007fff57213000 	/System/Library/PrivateFrameworks/CoreWiFi.framework/Versions/A/CoreWiFi
0x00007fff42346000 	/System/Library/Frameworks/CoreBluetooth.framework/Versions/A/CoreBluetooth
0x00007fff5746e000 	/System/Library/PrivateFrameworks/DebugSymbols.framework/Versions/A/DebugSymbols
0x00007fff56ddf000 	/System/Library/PrivateFrameworks/CoreSymbolication.framework/Versions/A/CoreSymbolication
0x00007fff68b3b000 	/System/Library/PrivateFrameworks/Symbolication.framework/Versions/A/Symbolication
0x00007fff683de000 	/System/Library/PrivateFrameworks/SpeechRecognitionCore.framework/Versions/A/SpeechRecognitionCore
0x0000000105db5000 	/Library/Java/JavaVirtualMachines/jdk1.8.0_181.jdk/Contents/Home/jre/lib/server/libjvm.dylib
0x00007fff6dbca000 	/usr/lib/libstdc++.6.dylib
0x0000000106d69000 	/Library/Java/JavaVirtualMachines/jdk1.8.0_181.jdk/Contents/Home/jre/lib/libverify.dylib
0x0000000106d77000 	/Library/Java/JavaVirtualMachines/jdk1.8.0_181.jdk/Contents/Home/jre/lib/libjava.dylib
0x0000000106dae000 	/Library/Java/JavaVirtualMachines/jdk1.8.0_181.jdk/Contents/Home/jre/lib/libjdwp.dylib
0x0000000106df9000 	/Library/Java/JavaVirtualMachines/jdk1.8.0_181.jdk/Contents/Home/jre/lib/libnpt.dylib
0x000000010761a000 	/Library/Java/JavaVirtualMachines/jdk1.8.0_181.jdk/Contents/Home/jre/lib/libinstrument.dylib
0x00000001076b6000 	/Library/Java/JavaVirtualMachines/jdk1.8.0_181.jdk/Contents/Home/jre/lib/libzip.dylib
0x000000010e03f000 	/Library/Java/JavaVirtualMachines/jdk1.8.0_181.jdk/Contents/Home/jre/lib/libdt_socket.dylib

VM Arguments:
jvm_args: -agentlib:jdwp=transport=dt_socket,address=127.0.0.1:60965,suspend=y,server=n -javaagent:/Users/ojasvi/Library/Caches/IntelliJIdea2018.2/captureAgent/debugger-agent.jar=file:/private/var/folders/p1/zwbpl48s77d45zmbvjkg577w0000gn/T/capture.props -Dfile.encoding=UTF-8 
java_command: test.AutoDiffTest
java_class_path (initial): /Library/Java/JavaVirtualMachines/jdk1.8.0_181.jdk/Contents/Home/jre/lib/charsets.jar:/Library/Java/JavaVirtualMachines/jdk1.8.0_181.jdk/Contents/Home/jre/lib/deploy.jar:/Library/Java/JavaVirtualMachines/jdk1.8.0_181.jdk/Contents/Home/jre/lib/ext/cldrdata.jar:/Library/Java/JavaVirtualMachines/jdk1.8.0_181.jdk/Contents/Home/jre/lib/ext/dnsns.jar:/Library/Java/JavaVirtualMachines/jdk1.8.0_181.jdk/Contents/Home/jre/lib/ext/jaccess.jar:/Library/Java/JavaVirtualMachines/jdk1.8.0_181.jdk/Contents/Home/jre/lib/ext/jfxrt.jar:/Library/Java/JavaVirtualMachines/jdk1.8.0_181.jdk/Contents/Home/jre/lib/ext/localedata.jar:/Library/Java/JavaVirtualMachines/jdk1.8.0_181.jdk/Contents/Home/jre/lib/ext/nashorn.jar:/Library/Java/JavaVirtualMachines/jdk1.8.0_181.jdk/Contents/Home/jre/lib/ext/sunec.jar:/Library/Java/JavaVirtualMachines/jdk1.8.0_181.jdk/Contents/Home/jre/lib/ext/sunjce_provider.jar:/Library/Java/JavaVirtualMachines/jdk1.8.0_181.jdk/Contents/Home/jre/lib/ext/sunpkcs11.jar:/Library/Java/JavaVirtualMachines/jdk1.8.0_181.jdk/Contents/Home/jre/lib/ext/zipfs.jar:/Library/Java/JavaVirtualMachines/jdk1.8.0_181.jdk/Contents/Home/jre/lib/javaws.jar:/Library/Java/JavaVirtualMachines/jdk1.8.0_181.jdk/Contents/Home/jre/lib/jce.jar:/Library/Java/JavaVirtualMachines/jdk1.8.0_181.jdk/Contents/Home/jre/lib/jfr.jar:/Library/Java/JavaVirtualMachines/jdk1.8.0_181.jdk/Contents/Home/jre/lib/jfxswt.jar:/Library/Java/JavaVirtualMachines/jdk1.8.0_181.jdk/Contents/Home/jre/lib/jsse.jar:/Library/Java/JavaVirtualMachines/jdk1.8.0_181.jdk/Contents/Home/jre/lib/management-agent.jar:/Library/Java/JavaVirtualMachines/jdk1.8.0_181.jdk/Contents/Home/jre/lib/plugin.jar:/Library/Java/JavaVirtualMachines/jdk1.8.0_181.jdk/Contents/Home/jre/lib/resources.jar:/Library/Java/JavaVirtualMachines/jdk1.8.0_181.jdk/Contents/Home/jre/lib/rt.jar:/Library/Java/JavaVirtualMachines/jdk1.8.0_181.jdk/Contents/Home/lib/ant-javafx.jar:/Library/Java/JavaVirtualMachines/jdk1.8.0_181.jdk/Contents/Home
Launcher Type: SUN_STANDARD

Environment Variables:
PATH=/usr/local/bin:/usr/bin:/bin:/usr/sbin:/sbin:/opt/X11/bin
SHELL=/bin/bash
DISPLAY=/private/tmp/com.apple.launchd.0b5DXR1WlB/org.macosforge.xquartz:0

Signal Handlers:
SIGSEGV: [libjvm.dylib+0x5b6029], sa_mask[0]=11111111011111110111111111111111, sa_flags=SA_ONSTACK|SA_RESTART|SA_SIGINFO
SIGBUS: [libjvm.dylib+0x5b6029], sa_mask[0]=11111111011111110111111111111111, sa_flags=SA_RESTART|SA_SIGINFO
SIGFPE: [libjvm.dylib+0x48b934], sa_mask[0]=11111111011111110111111111111111, sa_flags=SA_RESTART|SA_SIGINFO
SIGPIPE: [libjvm.dylib+0x48b934], sa_mask[0]=11111111011111110111111111111111, sa_flags=SA_RESTART|SA_SIGINFO
SIGXFSZ: [libjvm.dylib+0x48b934], sa_mask[0]=11111111011111110111111111111111, sa_flags=SA_RESTART|SA_SIGINFO
SIGILL: [libjvm.dylib+0x48b934], sa_mask[0]=11111111011111110111111111111111, sa_flags=SA_RESTART|SA_SIGINFO
SIGUSR1: SIG_DFL, sa_mask[0]=00000000000000000000000000000000, sa_flags=none
SIGUSR2: [libjvm.dylib+0x48b452], sa_mask[0]=00100000000000000000000000000000, sa_flags=SA_RESTART|SA_SIGINFO
SIGHUP: [libjvm.dylib+0x489a1d], sa_mask[0]=11111111011111110111111111111111, sa_flags=SA_RESTART|SA_SIGINFO
SIGINT: [libjvm.dylib+0x489a1d], sa_mask[0]=11111111011111110111111111111111, sa_flags=SA_RESTART|SA_SIGINFO
SIGTERM: [libjvm.dylib+0x489a1d], sa_mask[0]=11111111011111110111111111111111, sa_flags=SA_RESTART|SA_SIGINFO
SIGQUIT: [libjvm.dylib+0x489a1d], sa_mask[0]=11111111011111110111111111111111, sa_flags=SA_RESTART|SA_SIGINFO


---------------  S Y S T E M  ---------------

OS:Bsduname:Darwin 18.7.0 Darwin Kernel Version 18.7.0: Sun Dec  1 18:59:03 PST 2019; root:xnu-4903.278.19~1/RELEASE_X86_64 x86_64
rlimit: STACK 8192k, CORE 0k, NPROC 709, NOFILE 10240, AS infinity
load average:13.11 13.06 11.05

CPU:total 4 (initial active 4) (2 cores per cpu, 2 threads per core) family 6 model 142 stepping 9, cmov, cx8, fxsr, mmx, sse, sse2, sse3, ssse3, sse4.1, sse4.2, popcnt, avx, avx2, aes, clmul, erms, rtm, 3dnowpref, lzcnt, ht, tsc, tscinvbit, bmi1, bmi2, adx

Memory: 4k page, physical 8388608k(157228k free)

/proc/meminfo:


vm_info: Java HotSpot(TM) 64-Bit Server VM (25.181-b13) for bsd-amd64 JRE (1.8.0_181-b13), built on Jul  7 2018 01:02:31 by "java_re" with gcc 4.2.1 (Based on Apple Inc. build 5658) (LLVM build 2336.11.00)

time: Sun Feb  2 18:13:44 2020
elapsed time: 1934 seconds (0d 0h 32m 14s)

